{
  "/Users/tobias.graf/dev/own/t3code/apps/server/src/git/Services/TextGeneration.ts": {
    "path": "/Users/tobias.graf/dev/own/t3code/apps/server/src/git/Services/TextGeneration.ts",
    "statementMap": {},
    "fnMap": {},
    "branchMap": {},
    "s": {},
    "f": {},
    "b": {},
    "meta": { "lastBranch": 0, "lastFunction": 0, "lastStatement": 0, "seen": {} }
  },
  "/Users/tobias.graf/dev/own/t3code/apps/server/src/jira/Errors.ts": {
    "path": "/Users/tobias.graf/dev/own/t3code/apps/server/src/jira/Errors.ts",
    "statementMap": {
      "0": { "start": { "line": 13, "column": 4 }, "end": { "line": 13, "column": null } },
      "1": { "start": { "line": 29, "column": 4 }, "end": { "line": 29, "column": null } }
    },
    "fnMap": {
      "0": {
        "name": "(anonymous_0)",
        "decl": { "start": { "line": 12, "column": 15 }, "end": { "line": 12, "column": 33 } },
        "loc": { "start": { "line": 12, "column": 33 }, "end": { "line": 13, "column": null } },
        "line": 12
      },
      "1": {
        "name": "(anonymous_1)",
        "decl": { "start": { "line": 28, "column": 15 }, "end": { "line": 28, "column": 33 } },
        "loc": { "start": { "line": 28, "column": 33 }, "end": { "line": 29, "column": null } },
        "line": 28
      }
    },
    "branchMap": {},
    "s": { "0": 0, "1": 0 },
    "f": { "0": 0, "1": 0 },
    "b": {},
    "meta": {
      "lastBranch": 0,
      "lastFunction": 2,
      "lastStatement": 2,
      "seen": {
        "f:12:15:12:33": 0,
        "s:13:4:13:Infinity": 0,
        "f:28:15:28:33": 1,
        "s:29:4:29:Infinity": 1
      }
    }
  },
  "/Users/tobias.graf/dev/own/t3code/apps/server/src/jira/Layers/JiraManager.ts": {
    "path": "/Users/tobias.graf/dev/own/t3code/apps/server/src/jira/Layers/JiraManager.ts",
    "statementMap": {
      "0": { "start": { "line": 8, "column": 2 }, "end": { "line": 8, "column": null } },
      "1": { "start": { "line": 8, "column": 32 }, "end": { "line": 8, "column": null } },
      "2": { "start": { "line": 9, "column": 2 }, "end": { "line": 9, "column": null } },
      "3": { "start": { "line": 12, "column": 31 }, "end": { "line": 56, "column": null } },
      "4": { "start": { "line": 13, "column": 18 }, "end": { "line": 13, "column": null } },
      "5": { "start": { "line": 14, "column": 25 }, "end": { "line": 14, "column": null } },
      "6": { "start": { "line": 16, "column": 8 }, "end": { "line": 16, "column": 86 } },
      "7": { "start": { "line": 16, "column": 62 }, "end": { "line": 16, "column": 86 } },
      "8": { "start": { "line": 18, "column": 8 }, "end": { "line": 18, "column": 92 } },
      "9": { "start": { "line": 18, "column": 66 }, "end": { "line": 18, "column": 92 } },
      "10": { "start": { "line": 20, "column": 8 }, "end": { "line": 20, "column": 86 } },
      "11": { "start": { "line": 20, "column": 62 }, "end": { "line": 20, "column": 86 } },
      "12": { "start": { "line": 22, "column": 8 }, "end": { "line": 22, "column": 89 } },
      "13": { "start": { "line": 22, "column": 64 }, "end": { "line": 22, "column": 89 } },
      "14": { "start": { "line": 24, "column": 8 }, "end": { "line": 24, "column": 89 } },
      "15": { "start": { "line": 24, "column": 64 }, "end": { "line": 24, "column": 89 } },
      "16": { "start": { "line": 26, "column": 8 }, "end": { "line": 30, "column": 6 } },
      "17": { "start": { "line": 27, "column": 4 }, "end": { "line": 30, "column": 6 } },
      "18": { "start": { "line": 32, "column": 8 }, "end": { "line": 37, "column": 6 } },
      "19": { "start": { "line": 33, "column": 4 }, "end": { "line": 37, "column": 6 } },
      "20": { "start": { "line": 39, "column": 8 }, "end": { "line": 44, "column": 6 } },
      "21": { "start": { "line": 40, "column": 4 }, "end": { "line": 44, "column": 6 } },
      "22": { "start": { "line": 46, "column": 2 }, "end": { "line": 55, "column": null } },
      "23": { "start": { "line": 58, "column": 31 }, "end": { "line": 58, "column": 73 } }
    },
    "fnMap": {
      "0": {
        "name": "limitContext",
        "decl": { "start": { "line": 7, "column": 9 }, "end": { "line": 7, "column": 22 } },
        "loc": { "start": { "line": 7, "column": 63 }, "end": { "line": 9, "column": null } },
        "line": 7
      },
      "1": {
        "name": "(anonymous_1)",
        "decl": { "start": { "line": 12, "column": 42 }, "end": { "line": 12, "column": 55 } },
        "loc": { "start": { "line": 12, "column": 55 }, "end": { "line": 56, "column": null } },
        "line": 12
      },
      "2": {
        "name": "(anonymous_2)",
        "decl": { "start": { "line": 16, "column": 8 }, "end": { "line": 16, "column": 52 } },
        "loc": { "start": { "line": 16, "column": 62 }, "end": { "line": 16, "column": 86 } },
        "line": 16
      },
      "3": {
        "name": "(anonymous_3)",
        "decl": { "start": { "line": 18, "column": 8 }, "end": { "line": 18, "column": 56 } },
        "loc": { "start": { "line": 18, "column": 66 }, "end": { "line": 18, "column": 92 } },
        "line": 18
      },
      "4": {
        "name": "(anonymous_4)",
        "decl": { "start": { "line": 20, "column": 8 }, "end": { "line": 20, "column": 52 } },
        "loc": { "start": { "line": 20, "column": 62 }, "end": { "line": 20, "column": 86 } },
        "line": 20
      },
      "5": {
        "name": "(anonymous_5)",
        "decl": { "start": { "line": 22, "column": 8 }, "end": { "line": 22, "column": 54 } },
        "loc": { "start": { "line": 22, "column": 64 }, "end": { "line": 22, "column": 89 } },
        "line": 22
      },
      "6": {
        "name": "(anonymous_6)",
        "decl": { "start": { "line": 24, "column": 8 }, "end": { "line": 24, "column": 54 } },
        "loc": { "start": { "line": 24, "column": 64 }, "end": { "line": 24, "column": 89 } },
        "line": 24
      },
      "7": {
        "name": "(anonymous_7)",
        "decl": { "start": { "line": 26, "column": 8 }, "end": { "line": 26, "column": 76 } },
        "loc": { "start": { "line": 27, "column": 4 }, "end": { "line": 30, "column": 6 } },
        "line": 27
      },
      "8": {
        "name": "(anonymous_8)",
        "decl": { "start": { "line": 32, "column": 8 }, "end": { "line": 32, "column": 80 } },
        "loc": { "start": { "line": 33, "column": 4 }, "end": { "line": 37, "column": 6 } },
        "line": 33
      },
      "9": {
        "name": "(anonymous_9)",
        "decl": { "start": { "line": 39, "column": 8 }, "end": { "line": 39, "column": 84 } },
        "loc": { "start": { "line": 40, "column": 4 }, "end": { "line": 44, "column": 6 } },
        "line": 40
      }
    },
    "branchMap": {
      "0": {
        "loc": { "start": { "line": 8, "column": 2 }, "end": { "line": 8, "column": null } },
        "type": "if",
        "locations": [
          { "start": { "line": 8, "column": 2 }, "end": { "line": 8, "column": null } },
          { "start": {}, "end": {} }
        ],
        "line": 8
      }
    },
    "s": {
      "0": 4,
      "1": 3,
      "2": 1,
      "3": 1,
      "4": 10,
      "5": 10,
      "6": 10,
      "7": 2,
      "8": 10,
      "9": 1,
      "10": 10,
      "11": 1,
      "12": 10,
      "13": 1,
      "14": 10,
      "15": 1,
      "16": 10,
      "17": 2,
      "18": 10,
      "19": 1,
      "20": 10,
      "21": 1,
      "22": 10,
      "23": 1
    },
    "f": { "0": 4, "1": 10, "2": 2, "3": 1, "4": 1, "5": 1, "6": 1, "7": 2, "8": 1, "9": 1 },
    "b": { "0": [3, 1] },
    "meta": {
      "lastBranch": 1,
      "lastFunction": 10,
      "lastStatement": 24,
      "seen": {
        "f:7:9:7:22": 0,
        "b:8:2:8:Infinity:undefined:undefined:undefined:undefined": 0,
        "s:8:2:8:Infinity": 0,
        "s:8:32:8:Infinity": 1,
        "s:9:2:9:Infinity": 2,
        "s:12:31:56:Infinity": 3,
        "f:12:42:12:55": 1,
        "s:13:18:13:Infinity": 4,
        "s:14:25:14:Infinity": 5,
        "s:16:8:16:86": 6,
        "f:16:8:16:52": 2,
        "s:16:62:16:86": 7,
        "s:18:8:18:92": 8,
        "f:18:8:18:56": 3,
        "s:18:66:18:92": 9,
        "s:20:8:20:86": 10,
        "f:20:8:20:52": 4,
        "s:20:62:20:86": 11,
        "s:22:8:22:89": 12,
        "f:22:8:22:54": 5,
        "s:22:64:22:89": 13,
        "s:24:8:24:89": 14,
        "f:24:8:24:54": 6,
        "s:24:64:24:89": 15,
        "s:26:8:30:6": 16,
        "f:26:8:26:76": 7,
        "s:27:4:30:6": 17,
        "s:32:8:37:6": 18,
        "f:32:8:32:80": 8,
        "s:33:4:37:6": 19,
        "s:39:8:44:6": 20,
        "f:39:8:39:84": 9,
        "s:40:4:44:6": 21,
        "s:46:2:55:Infinity": 22,
        "s:58:31:58:73": 23
      }
    }
  },
  "/Users/tobias.graf/dev/own/t3code/apps/server/src/jira/Services/JiraCli.ts": {
    "path": "/Users/tobias.graf/dev/own/t3code/apps/server/src/jira/Services/JiraCli.ts",
    "statementMap": {},
    "fnMap": {},
    "branchMap": {},
    "s": {},
    "f": {},
    "b": {},
    "meta": { "lastBranch": 0, "lastFunction": 0, "lastStatement": 0, "seen": {} }
  },
  "/Users/tobias.graf/dev/own/t3code/apps/server/src/jira/Services/JiraManager.ts": {
    "path": "/Users/tobias.graf/dev/own/t3code/apps/server/src/jira/Services/JiraManager.ts",
    "statementMap": {},
    "fnMap": {},
    "branchMap": {},
    "s": {},
    "f": {},
    "b": {},
    "meta": { "lastBranch": 0, "lastFunction": 0, "lastStatement": 0, "seen": {} }
  },
  "/Users/tobias.graf/dev/own/t3code/apps/server/src/orchestration/Errors.ts": {
    "path": "/Users/tobias.graf/dev/own/t3code/apps/server/src/orchestration/Errors.ts",
    "statementMap": {
      "0": { "start": { "line": 13, "column": 4 }, "end": { "line": 13, "column": null } },
      "1": { "start": { "line": 25, "column": 4 }, "end": { "line": 25, "column": null } },
      "2": { "start": { "line": 38, "column": 4 }, "end": { "line": 38, "column": null } },
      "3": { "start": { "line": 51, "column": 4 }, "end": { "line": 51, "column": null } },
      "4": { "start": { "line": 64, "column": 4 }, "end": { "line": 64, "column": null } },
      "5": { "start": { "line": 77, "column": 4 }, "end": { "line": 77, "column": null } },
      "6": { "start": { "line": 94, "column": 2 }, "end": { "line": 97, "column": null } },
      "7": { "start": { "line": 101, "column": 2 }, "end": { "line": 106, "column": null } },
      "8": { "start": { "line": 102, "column": 4 }, "end": { "line": 106, "column": 6 } },
      "9": { "start": { "line": 110, "column": 2 }, "end": { "line": 113, "column": null } },
      "10": { "start": { "line": 117, "column": 2 }, "end": { "line": 122, "column": null } },
      "11": { "start": { "line": 118, "column": 4 }, "end": { "line": 122, "column": 6 } }
    },
    "fnMap": {
      "0": {
        "name": "(anonymous_0)",
        "decl": { "start": { "line": 12, "column": 15 }, "end": { "line": 12, "column": 33 } },
        "loc": { "start": { "line": 12, "column": 33 }, "end": { "line": 13, "column": null } },
        "line": 12
      },
      "1": {
        "name": "(anonymous_1)",
        "decl": { "start": { "line": 24, "column": 15 }, "end": { "line": 24, "column": 33 } },
        "loc": { "start": { "line": 24, "column": 33 }, "end": { "line": 25, "column": null } },
        "line": 24
      },
      "2": {
        "name": "(anonymous_2)",
        "decl": { "start": { "line": 37, "column": 15 }, "end": { "line": 37, "column": 33 } },
        "loc": { "start": { "line": 37, "column": 33 }, "end": { "line": 38, "column": null } },
        "line": 37
      },
      "3": {
        "name": "(anonymous_3)",
        "decl": { "start": { "line": 50, "column": 15 }, "end": { "line": 50, "column": 33 } },
        "loc": { "start": { "line": 50, "column": 33 }, "end": { "line": 51, "column": null } },
        "line": 50
      },
      "4": {
        "name": "(anonymous_4)",
        "decl": { "start": { "line": 63, "column": 15 }, "end": { "line": 63, "column": 33 } },
        "loc": { "start": { "line": 63, "column": 33 }, "end": { "line": 64, "column": null } },
        "line": 63
      },
      "5": {
        "name": "(anonymous_5)",
        "decl": { "start": { "line": 76, "column": 15 }, "end": { "line": 76, "column": 33 } },
        "loc": { "start": { "line": 76, "column": 33 }, "end": { "line": 77, "column": null } },
        "line": 76
      },
      "6": {
        "name": "toOrchestrationCommandDecodeError",
        "decl": { "start": { "line": 93, "column": 16 }, "end": { "line": 93, "column": 50 } },
        "loc": { "start": { "line": 93, "column": 77 }, "end": { "line": 97, "column": null } },
        "line": 93
      },
      "7": {
        "name": "toProjectorDecodeError",
        "decl": { "start": { "line": 100, "column": 16 }, "end": { "line": 100, "column": 39 } },
        "loc": { "start": { "line": 100, "column": 58 }, "end": { "line": 106, "column": null } },
        "line": 100
      },
      "8": {
        "name": "(anonymous_8)",
        "decl": { "start": { "line": 101, "column": 2 }, "end": { "line": 101, "column": 10 } },
        "loc": { "start": { "line": 102, "column": 4 }, "end": { "line": 106, "column": 6 } },
        "line": 102
      },
      "9": {
        "name": "toOrchestrationJsonParseError",
        "decl": { "start": { "line": 109, "column": 16 }, "end": { "line": 109, "column": 46 } },
        "loc": { "start": { "line": 109, "column": 62 }, "end": { "line": 113, "column": null } },
        "line": 109
      },
      "10": {
        "name": "toListenerCallbackError",
        "decl": { "start": { "line": 116, "column": 16 }, "end": { "line": 116, "column": 40 } },
        "loc": { "start": { "line": 116, "column": 81 }, "end": { "line": 122, "column": null } },
        "line": 116
      },
      "11": {
        "name": "(anonymous_11)",
        "decl": { "start": { "line": 117, "column": 2 }, "end": { "line": 117, "column": 10 } },
        "loc": { "start": { "line": 118, "column": 4 }, "end": { "line": 122, "column": 6 } },
        "line": 118
      }
    },
    "branchMap": {},
    "s": {
      "0": 0,
      "1": 0,
      "2": 0,
      "3": 0,
      "4": 0,
      "5": 0,
      "6": 0,
      "7": 0,
      "8": 0,
      "9": 0,
      "10": 0,
      "11": 0
    },
    "f": {
      "0": 0,
      "1": 0,
      "2": 0,
      "3": 0,
      "4": 0,
      "5": 0,
      "6": 0,
      "7": 0,
      "8": 0,
      "9": 0,
      "10": 0,
      "11": 0
    },
    "b": {},
    "meta": {
      "lastBranch": 0,
      "lastFunction": 12,
      "lastStatement": 12,
      "seen": {
        "f:12:15:12:33": 0,
        "s:13:4:13:Infinity": 0,
        "f:24:15:24:33": 1,
        "s:25:4:25:Infinity": 1,
        "f:37:15:37:33": 2,
        "s:38:4:38:Infinity": 2,
        "f:50:15:50:33": 3,
        "s:51:4:51:Infinity": 3,
        "f:63:15:63:33": 4,
        "s:64:4:64:Infinity": 4,
        "f:76:15:76:33": 5,
        "s:77:4:77:Infinity": 5,
        "f:93:16:93:50": 6,
        "s:94:2:97:Infinity": 6,
        "f:100:16:100:39": 7,
        "s:101:2:106:Infinity": 7,
        "f:101:2:101:10": 8,
        "s:102:4:106:6": 8,
        "f:109:16:109:46": 9,
        "s:110:2:113:Infinity": 9,
        "f:116:16:116:40": 10,
        "s:117:2:122:Infinity": 10,
        "f:117:2:117:10": 11,
        "s:118:4:122:6": 11
      }
    }
  },
  "/Users/tobias.graf/dev/own/t3code/apps/server/src/orchestration/Schemas.ts": {
    "path": "/Users/tobias.graf/dev/own/t3code/apps/server/src/orchestration/Schemas.ts",
    "statementMap": {
      "0": { "start": { "line": 24, "column": 37 }, "end": { "line": 24, "column": null } },
      "1": { "start": { "line": 25, "column": 41 }, "end": { "line": 25, "column": null } },
      "2": { "start": { "line": 26, "column": 37 }, "end": { "line": 26, "column": null } },
      "3": { "start": { "line": 28, "column": 36 }, "end": { "line": 28, "column": null } },
      "4": { "start": { "line": 29, "column": 40 }, "end": { "line": 29, "column": null } },
      "5": { "start": { "line": 30, "column": 43 }, "end": { "line": 30, "column": null } },
      "6": { "start": { "line": 31, "column": 47 }, "end": { "line": 31, "column": null } },
      "7": { "start": { "line": 32, "column": 36 }, "end": { "line": 32, "column": null } },
      "8": { "start": { "line": 34, "column": 40 }, "end": { "line": 34, "column": null } },
      "9": { "start": { "line": 35, "column": 49 }, "end": { "line": 35, "column": null } },
      "10": { "start": { "line": 36, "column": 39 }, "end": { "line": 36, "column": null } },
      "11": { "start": { "line": 37, "column": 46 }, "end": { "line": 37, "column": null } },
      "12": { "start": { "line": 38, "column": 37 }, "end": { "line": 38, "column": null } },
      "13": { "start": { "line": 39, "column": 45 }, "end": { "line": 39, "column": null } },
      "14": { "start": { "line": 41, "column": 47 }, "end": { "line": 41, "column": null } },
      "15": { "start": { "line": 43, "column": 2 }, "end": { "line": 43, "column": null } },
      "16": { "start": { "line": 45, "column": 2 }, "end": { "line": 45, "column": null } },
      "17": { "start": { "line": 47, "column": 2 }, "end": { "line": 47, "column": null } },
      "18": { "start": { "line": 48, "column": 49 }, "end": { "line": 48, "column": null } }
    },
    "fnMap": {},
    "branchMap": {},
    "s": {
      "0": 2,
      "1": 2,
      "2": 2,
      "3": 2,
      "4": 2,
      "5": 2,
      "6": 2,
      "7": 2,
      "8": 2,
      "9": 2,
      "10": 2,
      "11": 2,
      "12": 2,
      "13": 2,
      "14": 2,
      "15": 2,
      "16": 2,
      "17": 2,
      "18": 2
    },
    "f": {},
    "b": {},
    "meta": {
      "lastBranch": 0,
      "lastFunction": 0,
      "lastStatement": 19,
      "seen": {
        "s:24:37:24:Infinity": 0,
        "s:25:41:25:Infinity": 1,
        "s:26:37:26:Infinity": 2,
        "s:28:36:28:Infinity": 3,
        "s:29:40:29:Infinity": 4,
        "s:30:43:30:Infinity": 5,
        "s:31:47:31:Infinity": 6,
        "s:32:36:32:Infinity": 7,
        "s:34:40:34:Infinity": 8,
        "s:35:49:35:Infinity": 9,
        "s:36:39:36:Infinity": 10,
        "s:37:46:37:Infinity": 11,
        "s:38:37:38:Infinity": 12,
        "s:39:45:39:Infinity": 13,
        "s:41:47:41:Infinity": 14,
        "s:43:2:43:Infinity": 15,
        "s:45:2:45:Infinity": 16,
        "s:47:2:47:Infinity": 17,
        "s:48:49:48:Infinity": 18
      }
    }
  },
  "/Users/tobias.graf/dev/own/t3code/apps/server/src/orchestration/commandInvariants.ts": {
    "path": "/Users/tobias.graf/dev/own/t3code/apps/server/src/orchestration/commandInvariants.ts",
    "statementMap": {
      "0": { "start": { "line": 14, "column": 2 }, "end": { "line": 17, "column": null } },
      "1": { "start": { "line": 24, "column": 2 }, "end": { "line": 24, "column": null } },
      "2": { "start": { "line": 24, "column": 44 }, "end": { "line": 24, "column": 67 } },
      "3": { "start": { "line": 31, "column": 2 }, "end": { "line": 31, "column": null } },
      "4": { "start": { "line": 31, "column": 46 }, "end": { "line": 31, "column": 71 } },
      "5": { "start": { "line": 38, "column": 2 }, "end": { "line": 38, "column": null } },
      "6": { "start": { "line": 38, "column": 46 }, "end": { "line": 38, "column": 77 } },
      "7": { "start": { "line": 46, "column": 18 }, "end": { "line": 46, "column": 67 } },
      "8": { "start": { "line": 47, "column": 2 }, "end": { "line": 48, "column": null } },
      "9": { "start": { "line": 48, "column": 4 }, "end": { "line": 48, "column": null } },
      "10": { "start": { "line": 50, "column": 2 }, "end": { "line": 55, "column": null } },
      "11": { "start": { "line": 63, "column": 2 }, "end": { "line": 64, "column": null } },
      "12": { "start": { "line": 64, "column": 4 }, "end": { "line": 64, "column": null } },
      "13": { "start": { "line": 66, "column": 2 }, "end": { "line": 71, "column": null } },
      "14": { "start": { "line": 79, "column": 17 }, "end": { "line": 79, "column": 64 } },
      "15": { "start": { "line": 80, "column": 2 }, "end": { "line": 81, "column": null } },
      "16": { "start": { "line": 81, "column": 4 }, "end": { "line": 81, "column": null } },
      "17": { "start": { "line": 83, "column": 2 }, "end": { "line": 88, "column": null } },
      "18": { "start": { "line": 96, "column": 2 }, "end": { "line": 97, "column": null } },
      "19": { "start": { "line": 97, "column": 4 }, "end": { "line": 97, "column": null } },
      "20": { "start": { "line": 99, "column": 2 }, "end": { "line": 104, "column": null } },
      "21": { "start": { "line": 112, "column": 2 }, "end": { "line": 113, "column": null } },
      "22": { "start": { "line": 113, "column": 4 }, "end": { "line": 113, "column": null } },
      "23": { "start": { "line": 115, "column": 2 }, "end": { "line": 120, "column": null } }
    },
    "fnMap": {
      "0": {
        "name": "invariantError",
        "decl": { "start": { "line": 13, "column": 9 }, "end": { "line": 13, "column": 24 } },
        "loc": { "start": { "line": 13, "column": 97 }, "end": { "line": 17, "column": null } },
        "line": 13
      },
      "1": {
        "name": "findThreadById",
        "decl": { "start": { "line": 20, "column": 16 }, "end": { "line": 20, "column": null } },
        "loc": { "start": { "line": 23, "column": 35 }, "end": { "line": 24, "column": null } },
        "line": 23
      },
      "2": {
        "name": "(anonymous_2)",
        "decl": { "start": { "line": 24, "column": 27 }, "end": { "line": 24, "column": 33 } },
        "loc": { "start": { "line": 24, "column": 44 }, "end": { "line": 24, "column": 67 } },
        "line": 24
      },
      "3": {
        "name": "findProjectById",
        "decl": { "start": { "line": 27, "column": 16 }, "end": { "line": 27, "column": null } },
        "loc": { "start": { "line": 30, "column": 36 }, "end": { "line": 31, "column": null } },
        "line": 30
      },
      "4": {
        "name": "(anonymous_4)",
        "decl": { "start": { "line": 31, "column": 28 }, "end": { "line": 31, "column": 34 } },
        "loc": { "start": { "line": 31, "column": 46 }, "end": { "line": 31, "column": 71 } },
        "line": 31
      },
      "5": {
        "name": "listThreadsByProjectId",
        "decl": { "start": { "line": 34, "column": 16 }, "end": { "line": 34, "column": null } },
        "loc": { "start": { "line": 37, "column": 38 }, "end": { "line": 38, "column": null } },
        "line": 37
      },
      "6": {
        "name": "(anonymous_6)",
        "decl": { "start": { "line": 38, "column": 27 }, "end": { "line": 38, "column": 35 } },
        "loc": { "start": { "line": 38, "column": 46 }, "end": { "line": 38, "column": 77 } },
        "line": 38
      },
      "7": {
        "name": "requireProject",
        "decl": { "start": { "line": 41, "column": 16 }, "end": { "line": 41, "column": 31 } },
        "loc": { "start": { "line": 45, "column": 76 }, "end": { "line": 55, "column": null } },
        "line": 45
      },
      "8": {
        "name": "requireProjectAbsent",
        "decl": { "start": { "line": 58, "column": 16 }, "end": { "line": 58, "column": 37 } },
        "loc": { "start": { "line": 62, "column": 60 }, "end": { "line": 71, "column": null } },
        "line": 62
      },
      "9": {
        "name": "requireThread",
        "decl": { "start": { "line": 74, "column": 16 }, "end": { "line": 74, "column": 30 } },
        "loc": { "start": { "line": 78, "column": 75 }, "end": { "line": 88, "column": null } },
        "line": 78
      },
      "10": {
        "name": "requireThreadAbsent",
        "decl": { "start": { "line": 91, "column": 16 }, "end": { "line": 91, "column": 36 } },
        "loc": { "start": { "line": 95, "column": 60 }, "end": { "line": 104, "column": null } },
        "line": 95
      },
      "11": {
        "name": "requireNonNegativeInteger",
        "decl": { "start": { "line": 107, "column": 16 }, "end": { "line": 107, "column": 42 } },
        "loc": { "start": { "line": 111, "column": 60 }, "end": { "line": 120, "column": null } },
        "line": 111
      }
    },
    "branchMap": {
      "0": {
        "loc": { "start": { "line": 47, "column": 2 }, "end": { "line": 48, "column": null } },
        "type": "if",
        "locations": [
          { "start": { "line": 47, "column": 2 }, "end": { "line": 48, "column": null } },
          { "start": {}, "end": {} }
        ],
        "line": 47
      },
      "1": {
        "loc": { "start": { "line": 63, "column": 2 }, "end": { "line": 64, "column": null } },
        "type": "if",
        "locations": [
          { "start": { "line": 63, "column": 2 }, "end": { "line": 64, "column": null } },
          { "start": {}, "end": {} }
        ],
        "line": 63
      },
      "2": {
        "loc": { "start": { "line": 80, "column": 2 }, "end": { "line": 81, "column": null } },
        "type": "if",
        "locations": [
          { "start": { "line": 80, "column": 2 }, "end": { "line": 81, "column": null } },
          { "start": {}, "end": {} }
        ],
        "line": 80
      },
      "3": {
        "loc": { "start": { "line": 96, "column": 2 }, "end": { "line": 97, "column": null } },
        "type": "if",
        "locations": [
          { "start": { "line": 96, "column": 2 }, "end": { "line": 97, "column": null } },
          { "start": {}, "end": {} }
        ],
        "line": 96
      },
      "4": {
        "loc": { "start": { "line": 112, "column": 2 }, "end": { "line": 113, "column": null } },
        "type": "if",
        "locations": [
          { "start": { "line": 112, "column": 2 }, "end": { "line": 113, "column": null } },
          { "start": {}, "end": {} }
        ],
        "line": 112
      },
      "5": {
        "loc": { "start": { "line": 112, "column": 6 }, "end": { "line": 112, "column": 57 } },
        "type": "binary-expr",
        "locations": [
          { "start": { "line": 112, "column": 6 }, "end": { "line": 112, "column": 35 } },
          { "start": { "line": 112, "column": 39 }, "end": { "line": 112, "column": 57 } }
        ],
        "line": 112
      }
    },
    "s": {
      "0": 0,
      "1": 3,
      "2": 3,
      "3": 0,
      "4": 0,
      "5": 0,
      "6": 0,
      "7": 0,
      "8": 0,
      "9": 0,
      "10": 0,
      "11": 0,
      "12": 0,
      "13": 0,
      "14": 3,
      "15": 3,
      "16": 3,
      "17": 0,
      "18": 0,
      "19": 0,
      "20": 0,
      "21": 0,
      "22": 0,
      "23": 0
    },
    "f": {
      "0": 0,
      "1": 3,
      "2": 3,
      "3": 0,
      "4": 0,
      "5": 0,
      "6": 0,
      "7": 0,
      "8": 0,
      "9": 3,
      "10": 0,
      "11": 0
    },
    "b": { "0": [0, 0], "1": [0, 0], "2": [3, 0], "3": [0, 0], "4": [0, 0], "5": [0, 0] },
    "meta": {
      "lastBranch": 6,
      "lastFunction": 12,
      "lastStatement": 24,
      "seen": {
        "f:13:9:13:24": 0,
        "s:14:2:17:Infinity": 0,
        "f:20:16:20:Infinity": 1,
        "s:24:2:24:Infinity": 1,
        "f:24:27:24:33": 2,
        "s:24:44:24:67": 2,
        "f:27:16:27:Infinity": 3,
        "s:31:2:31:Infinity": 3,
        "f:31:28:31:34": 4,
        "s:31:46:31:71": 4,
        "f:34:16:34:Infinity": 5,
        "s:38:2:38:Infinity": 5,
        "f:38:27:38:35": 6,
        "s:38:46:38:77": 6,
        "f:41:16:41:31": 7,
        "s:46:18:46:67": 7,
        "b:47:2:48:Infinity:undefined:undefined:undefined:undefined": 0,
        "s:47:2:48:Infinity": 8,
        "s:48:4:48:Infinity": 9,
        "s:50:2:55:Infinity": 10,
        "f:58:16:58:37": 8,
        "b:63:2:64:Infinity:undefined:undefined:undefined:undefined": 1,
        "s:63:2:64:Infinity": 11,
        "s:64:4:64:Infinity": 12,
        "s:66:2:71:Infinity": 13,
        "f:74:16:74:30": 9,
        "s:79:17:79:64": 14,
        "b:80:2:81:Infinity:undefined:undefined:undefined:undefined": 2,
        "s:80:2:81:Infinity": 15,
        "s:81:4:81:Infinity": 16,
        "s:83:2:88:Infinity": 17,
        "f:91:16:91:36": 10,
        "b:96:2:97:Infinity:undefined:undefined:undefined:undefined": 3,
        "s:96:2:97:Infinity": 18,
        "s:97:4:97:Infinity": 19,
        "s:99:2:104:Infinity": 20,
        "f:107:16:107:42": 11,
        "b:112:2:113:Infinity:undefined:undefined:undefined:undefined": 4,
        "s:112:2:113:Infinity": 21,
        "b:112:6:112:35:112:39:112:57": 5,
        "s:113:4:113:Infinity": 22,
        "s:115:2:120:Infinity": 23
      }
    }
  },
  "/Users/tobias.graf/dev/own/t3code/apps/server/src/orchestration/decider.ts": {
    "path": "/Users/tobias.graf/dev/own/t3code/apps/server/src/orchestration/decider.ts",
    "statementMap": {
      "0": { "start": { "line": 16, "column": 6 }, "end": { "line": 16, "column": 45 } },
      "1": { "start": { "line": 16, "column": 21 }, "end": { "line": 16, "column": 45 } },
      "2": { "start": { "line": 17, "column": 40 }, "end": { "line": 17, "column": null } },
      "3": { "start": { "line": 19, "column": 83 }, "end": { "line": 28, "column": null } },
      "4": { "start": { "line": 38, "column": 2 }, "end": { "line": 47, "column": null } },
      "5": { "start": { "line": 50, "column": 42 }, "end": { "line": 625, "column": null } },
      "6": { "start": { "line": 60, "column": 2 }, "end": { "line": 622, "column": null } },
      "7": { "start": { "line": 62, "column": 6 }, "end": { "line": 66, "column": null } },
      "8": { "start": { "line": 68, "column": 6 }, "end": { "line": 85, "column": null } },
      "9": { "start": { "line": 89, "column": 6 }, "end": { "line": 93, "column": null } },
      "10": { "start": { "line": 94, "column": 25 }, "end": { "line": 94, "column": 33 } },
      "11": { "start": { "line": 95, "column": 6 }, "end": { "line": 111, "column": null } },
      "12": { "start": { "line": 115, "column": 6 }, "end": { "line": 119, "column": null } },
      "13": { "start": { "line": 120, "column": 25 }, "end": { "line": 120, "column": 33 } },
      "14": { "start": { "line": 121, "column": 6 }, "end": { "line": 133, "column": null } },
      "15": { "start": { "line": 137, "column": 6 }, "end": { "line": 141, "column": null } },
      "16": { "start": { "line": 142, "column": 6 }, "end": { "line": 146, "column": null } },
      "17": { "start": { "line": 147, "column": 6 }, "end": { "line": 167, "column": null } },
      "18": { "start": { "line": 171, "column": 6 }, "end": { "line": 175, "column": null } },
      "19": { "start": { "line": 176, "column": 25 }, "end": { "line": 176, "column": 33 } },
      "20": { "start": { "line": 177, "column": 6 }, "end": { "line": 189, "column": null } },
      "21": { "start": { "line": 193, "column": 6 }, "end": { "line": 197, "column": null } },
      "22": { "start": { "line": 198, "column": 25 }, "end": { "line": 198, "column": 33 } },
      "23": { "start": { "line": 199, "column": 6 }, "end": { "line": 216, "column": null } },
      "24": { "start": { "line": 220, "column": 6 }, "end": { "line": 224, "column": null } },
      "25": { "start": { "line": 225, "column": 25 }, "end": { "line": 225, "column": 33 } },
      "26": { "start": { "line": 226, "column": 6 }, "end": { "line": 239, "column": null } },
      "27": { "start": { "line": 243, "column": 6 }, "end": { "line": 247, "column": null } },
      "28": { "start": { "line": 248, "column": 25 }, "end": { "line": 248, "column": 33 } },
      "29": { "start": { "line": 249, "column": 6 }, "end": { "line": 262, "column": null } },
      "30": { "start": { "line": 266, "column": 6 }, "end": { "line": 270, "column": null } },
      "31": { "start": { "line": 271, "column": 69 }, "end": { "line": 290, "column": null } },
      "32": { "start": { "line": 291, "column": 76 }, "end": { "line": 318, "column": null } },
      "33": { "start": { "line": 311, "column": 46 }, "end": { "line": 311, "column": 76 } },
      "34": { "start": { "line": 314, "column": 46 }, "end": { "line": 314, "column": 76 } },
      "35": { "start": { "line": 319, "column": 6 }, "end": { "line": 319, "column": null } },
      "36": { "start": { "line": 323, "column": 6 }, "end": { "line": 327, "column": null } },
      "37": { "start": { "line": 328, "column": 6 }, "end": { "line": 341, "column": null } },
      "38": { "start": { "line": 345, "column": 6 }, "end": { "line": 349, "column": null } },
      "39": { "start": { "line": 350, "column": 6 }, "end": { "line": 368, "column": null } },
      "40": { "start": { "line": 372, "column": 6 }, "end": { "line": 376, "column": null } },
      "41": { "start": { "line": 377, "column": 6 }, "end": { "line": 394, "column": null } },
      "42": { "start": { "line": 398, "column": 6 }, "end": { "line": 402, "column": null } },
      "43": { "start": { "line": 403, "column": 6 }, "end": { "line": 416, "column": null } },
      "44": { "start": { "line": 420, "column": 6 }, "end": { "line": 424, "column": null } },
      "45": { "start": { "line": 425, "column": 6 }, "end": { "line": 437, "column": null } },
      "46": { "start": { "line": 441, "column": 6 }, "end": { "line": 445, "column": null } },
      "47": { "start": { "line": 446, "column": 6 }, "end": { "line": 459, "column": null } },
      "48": { "start": { "line": 463, "column": 6 }, "end": { "line": 467, "column": null } },
      "49": { "start": { "line": 468, "column": 6 }, "end": { "line": 487, "column": null } },
      "50": { "start": { "line": 491, "column": 6 }, "end": { "line": 495, "column": null } },
      "51": { "start": { "line": 496, "column": 6 }, "end": { "line": 514, "column": null } },
      "52": { "start": { "line": 518, "column": 6 }, "end": { "line": 522, "column": null } },
      "53": { "start": { "line": 523, "column": 6 }, "end": { "line": 535, "column": null } },
      "54": { "start": { "line": 539, "column": 6 }, "end": { "line": 543, "column": null } },
      "55": { "start": { "line": 544, "column": 6 }, "end": { "line": 562, "column": null } },
      "56": { "start": { "line": 566, "column": 6 }, "end": { "line": 570, "column": null } },
      "57": { "start": { "line": 571, "column": 6 }, "end": { "line": 583, "column": null } },
      "58": { "start": { "line": 587, "column": 6 }, "end": { "line": 591, "column": null } },
      "59": { "start": { "line": 593, "column": 8 }, "end": { "line": 599, "column": null } },
      "60": { "start": { "line": 600, "column": 6 }, "end": { "line": 613, "column": null } },
      "61": { "start": { "line": 617, "column": 6 }, "end": { "line": 617, "column": null } },
      "62": { "start": { "line": 618, "column": 23 }, "end": { "line": 618, "column": null } },
      "63": { "start": { "line": 619, "column": 6 }, "end": { "line": 622, "column": null } }
    },
    "fnMap": {
      "0": {
        "name": "(anonymous_0)",
        "decl": { "start": { "line": 16, "column": 6 }, "end": { "line": 16, "column": 21 } },
        "loc": { "start": { "line": 16, "column": 21 }, "end": { "line": 16, "column": 45 } },
        "line": 16
      },
      "1": {
        "name": "withEventBase",
        "decl": { "start": { "line": 30, "column": 9 }, "end": { "line": 30, "column": null } },
        "loc": { "start": { "line": 37, "column": 61 }, "end": { "line": 47, "column": null } },
        "line": 37
      },
      "2": {
        "name": "(anonymous_2)",
        "decl": { "start": { "line": 50, "column": 82 }, "end": { "line": 50, "column": 93 } },
        "loc": { "start": { "line": 59, "column": 2 }, "end": { "line": 625, "column": null } },
        "line": 59
      },
      "3": {
        "name": "(anonymous_3)",
        "decl": { "start": { "line": 311, "column": 30 }, "end": { "line": 311, "column": 36 } },
        "loc": { "start": { "line": 311, "column": 46 }, "end": { "line": 311, "column": 76 } },
        "line": 311
      },
      "4": {
        "name": "(anonymous_4)",
        "decl": { "start": { "line": 314, "column": 30 }, "end": { "line": 314, "column": 36 } },
        "loc": { "start": { "line": 314, "column": 46 }, "end": { "line": 314, "column": 76 } },
        "line": 314
      }
    },
    "branchMap": {
      "0": {
        "loc": { "start": { "line": 46, "column": 14 }, "end": { "line": 46, "column": null } },
        "type": "binary-expr",
        "locations": [
          { "start": { "line": 46, "column": 14 }, "end": { "line": 46, "column": 32 } },
          { "start": { "line": 46, "column": 32 }, "end": { "line": 46, "column": null } }
        ],
        "line": 46
      },
      "1": {
        "loc": { "start": { "line": 60, "column": 2 }, "end": { "line": 622, "column": null } },
        "type": "switch",
        "locations": [
          { "start": { "line": 61, "column": 4 }, "end": { "line": 85, "column": null } },
          { "start": { "line": 88, "column": 4 }, "end": { "line": 111, "column": null } },
          { "start": { "line": 114, "column": 4 }, "end": { "line": 133, "column": null } },
          { "start": { "line": 136, "column": 4 }, "end": { "line": 167, "column": null } },
          { "start": { "line": 170, "column": 4 }, "end": { "line": 189, "column": null } },
          { "start": { "line": 192, "column": 4 }, "end": { "line": 216, "column": null } },
          { "start": { "line": 219, "column": 4 }, "end": { "line": 239, "column": null } },
          { "start": { "line": 242, "column": 4 }, "end": { "line": 262, "column": null } },
          { "start": { "line": 265, "column": 4 }, "end": { "line": 319, "column": null } },
          { "start": { "line": 322, "column": 4 }, "end": { "line": 341, "column": null } },
          { "start": { "line": 344, "column": 4 }, "end": { "line": 368, "column": null } },
          { "start": { "line": 371, "column": 4 }, "end": { "line": 394, "column": null } },
          { "start": { "line": 397, "column": 4 }, "end": { "line": 416, "column": null } },
          { "start": { "line": 419, "column": 4 }, "end": { "line": 437, "column": null } },
          { "start": { "line": 440, "column": 4 }, "end": { "line": 459, "column": null } },
          { "start": { "line": 462, "column": 4 }, "end": { "line": 487, "column": null } },
          { "start": { "line": 490, "column": 4 }, "end": { "line": 514, "column": null } },
          { "start": { "line": 517, "column": 4 }, "end": { "line": 535, "column": null } },
          { "start": { "line": 538, "column": 4 }, "end": { "line": 562, "column": null } },
          { "start": { "line": 565, "column": 4 }, "end": { "line": 583, "column": null } },
          { "start": { "line": 586, "column": 4 }, "end": { "line": 613, "column": null } },
          { "start": { "line": 616, "column": 4 }, "end": { "line": 622, "column": null } }
        ],
        "line": 60
      },
      "2": {
        "loc": { "start": { "line": 80, "column": 24 }, "end": { "line": 80, "column": null } },
        "type": "binary-expr",
        "locations": [
          { "start": { "line": 80, "column": 24 }, "end": { "line": 80, "column": 48 } },
          { "start": { "line": 80, "column": 48 }, "end": { "line": 80, "column": null } }
        ],
        "line": 80
      },
      "3": {
        "loc": { "start": { "line": 105, "column": 14 }, "end": { "line": 105, "column": 73 } },
        "type": "cond-expr",
        "locations": [
          { "start": { "line": 105, "column": 44 }, "end": { "line": 105, "column": 68 } },
          { "start": { "line": 105, "column": 71 }, "end": { "line": 105, "column": 73 } }
        ],
        "line": 105
      },
      "4": {
        "loc": { "start": { "line": 106, "column": 14 }, "end": { "line": 106, "column": 97 } },
        "type": "cond-expr",
        "locations": [
          { "start": { "line": 106, "column": 52 }, "end": { "line": 106, "column": 92 } },
          { "start": { "line": 106, "column": 95 }, "end": { "line": 106, "column": 97 } }
        ],
        "line": 106
      },
      "5": {
        "loc": { "start": { "line": 107, "column": 14 }, "end": { "line": 107, "column": 94 } },
        "type": "cond-expr",
        "locations": [
          { "start": { "line": 107, "column": 51 }, "end": { "line": 107, "column": 89 } },
          { "start": { "line": 107, "column": 92 }, "end": { "line": 107, "column": 94 } }
        ],
        "line": 107
      },
      "6": {
        "loc": { "start": { "line": 108, "column": 14 }, "end": { "line": 108, "column": 79 } },
        "type": "cond-expr",
        "locations": [
          { "start": { "line": 108, "column": 46 }, "end": { "line": 108, "column": 74 } },
          { "start": { "line": 108, "column": 77 }, "end": { "line": 108, "column": 79 } }
        ],
        "line": 108
      },
      "7": {
        "loc": { "start": { "line": 209, "column": 14 }, "end": { "line": 209, "column": 73 } },
        "type": "cond-expr",
        "locations": [
          { "start": { "line": 209, "column": 44 }, "end": { "line": 209, "column": 68 } },
          { "start": { "line": 209, "column": 71 }, "end": { "line": 209, "column": 73 } }
        ],
        "line": 209
      },
      "8": {
        "loc": { "start": { "line": 210, "column": 14 }, "end": { "line": 210, "column": 73 } },
        "type": "cond-expr",
        "locations": [
          { "start": { "line": 210, "column": 44 }, "end": { "line": 210, "column": 68 } },
          { "start": { "line": 210, "column": 71 }, "end": { "line": 210, "column": 73 } }
        ],
        "line": 210
      },
      "9": {
        "loc": { "start": { "line": 211, "column": 14 }, "end": { "line": 211, "column": 76 } },
        "type": "cond-expr",
        "locations": [
          { "start": { "line": 211, "column": 45 }, "end": { "line": 211, "column": 71 } },
          { "start": { "line": 211, "column": 74 }, "end": { "line": 211, "column": 76 } }
        ],
        "line": 211
      },
      "10": {
        "loc": { "start": { "line": 212, "column": 14 }, "end": { "line": 212, "column": 94 } },
        "type": "cond-expr",
        "locations": [
          { "start": { "line": 212, "column": 51 }, "end": { "line": 212, "column": 89 } },
          { "start": { "line": 212, "column": 92 }, "end": { "line": 212, "column": 94 } }
        ],
        "line": 212
      },
      "11": {
        "loc": { "start": { "line": 213, "column": 14 }, "end": { "line": 213, "column": 106 } },
        "type": "cond-expr",
        "locations": [
          { "start": { "line": 213, "column": 55 }, "end": { "line": 213, "column": 101 } },
          { "start": { "line": 213, "column": 104 }, "end": { "line": 213, "column": 106 } }
        ],
        "line": 213
      },
      "12": {
        "loc": { "start": { "line": 303, "column": 14 }, "end": { "line": 303, "column": 82 } },
        "type": "cond-expr",
        "locations": [
          { "start": { "line": 303, "column": 47 }, "end": { "line": 303, "column": 77 } },
          { "start": { "line": 303, "column": 80 }, "end": { "line": 303, "column": 82 } }
        ],
        "line": 303
      },
      "13": {
        "loc": { "start": { "line": 304, "column": 14 }, "end": { "line": 304, "column": 73 } },
        "type": "cond-expr",
        "locations": [
          { "start": { "line": 304, "column": 44 }, "end": { "line": 304, "column": 68 } },
          { "start": { "line": 304, "column": 71 }, "end": { "line": 304, "column": 73 } }
        ],
        "line": 304
      },
      "14": {
        "loc": { "start": { "line": 305, "column": 14 }, "end": { "line": 305, "column": 94 } },
        "type": "cond-expr",
        "locations": [
          { "start": { "line": 305, "column": 51 }, "end": { "line": 305, "column": 89 } },
          { "start": { "line": 305, "column": 92 }, "end": { "line": 305, "column": 94 } }
        ],
        "line": 305
      },
      "15": {
        "loc": { "start": { "line": 306, "column": 14 }, "end": { "line": 308, "column": 16 } },
        "type": "cond-expr",
        "locations": [
          { "start": { "line": 307, "column": 14 }, "end": { "line": 307, "column": 58 } },
          { "start": { "line": 308, "column": 14 }, "end": { "line": 308, "column": 16 } }
        ],
        "line": 306
      },
      "16": {
        "loc": { "start": { "line": 309, "column": 33 }, "end": { "line": 309, "column": null } },
        "type": "binary-expr",
        "locations": [
          { "start": { "line": 309, "column": 33 }, "end": { "line": 309, "column": 66 } },
          { "start": { "line": 309, "column": 66 }, "end": { "line": 309, "column": null } }
        ],
        "line": 309
      },
      "17": {
        "loc": { "start": { "line": 311, "column": 12 }, "end": { "line": 312, "column": null } },
        "type": "binary-expr",
        "locations": [
          { "start": { "line": 311, "column": 12 }, "end": { "line": 311, "column": null } },
          { "start": { "line": 312, "column": 12 }, "end": { "line": 312, "column": null } }
        ],
        "line": 311
      },
      "18": {
        "loc": { "start": { "line": 314, "column": 12 }, "end": { "line": 315, "column": null } },
        "type": "binary-expr",
        "locations": [
          { "start": { "line": 314, "column": 12 }, "end": { "line": 314, "column": null } },
          { "start": { "line": 315, "column": 12 }, "end": { "line": 315, "column": null } }
        ],
        "line": 314
      },
      "19": {
        "loc": { "start": { "line": 338, "column": 14 }, "end": { "line": 338, "column": 76 } },
        "type": "cond-expr",
        "locations": [
          { "start": { "line": 338, "column": 45 }, "end": { "line": 338, "column": 71 } },
          { "start": { "line": 338, "column": 74 }, "end": { "line": 338, "column": 76 } }
        ],
        "line": 338
      },
      "20": {
        "loc": { "start": { "line": 365, "column": 14 }, "end": { "line": 365, "column": 68 } },
        "type": "cond-expr",
        "locations": [
          { "start": { "line": 365, "column": 33 }, "end": { "line": 365, "column": 63 } },
          { "start": { "line": 365, "column": 66 }, "end": { "line": 365, "column": 68 } }
        ],
        "line": 365
      },
      "21": {
        "loc": { "start": { "line": 481, "column": 14 }, "end": { "line": 481, "column": 96 } },
        "type": "cond-expr",
        "locations": [
          { "start": { "line": 481, "column": 52 }, "end": { "line": 481, "column": 91 } },
          { "start": { "line": 481, "column": 94 }, "end": { "line": 481, "column": 96 } }
        ],
        "line": 481
      },
      "22": {
        "loc": { "start": { "line": 482, "column": 18 }, "end": { "line": 482, "column": null } },
        "type": "binary-expr",
        "locations": [
          { "start": { "line": 482, "column": 18 }, "end": { "line": 482, "column": 36 } },
          { "start": { "line": 482, "column": 36 }, "end": { "line": 482, "column": null } }
        ],
        "line": 482
      },
      "23": {
        "loc": { "start": { "line": 509, "column": 18 }, "end": { "line": 509, "column": null } },
        "type": "binary-expr",
        "locations": [
          { "start": { "line": 509, "column": 18 }, "end": { "line": 509, "column": 36 } },
          { "start": { "line": 509, "column": 36 }, "end": { "line": 509, "column": null } }
        ],
        "line": 509
      },
      "24": {
        "loc": { "start": { "line": 559, "column": 30 }, "end": { "line": 559, "column": null } },
        "type": "binary-expr",
        "locations": [
          { "start": { "line": 559, "column": 30 }, "end": { "line": 559, "column": 60 } },
          { "start": { "line": 559, "column": 60 }, "end": { "line": 559, "column": null } }
        ],
        "line": 559
      },
      "25": {
        "loc": { "start": { "line": 593, "column": 8 }, "end": { "line": 599, "column": null } },
        "type": "cond-expr",
        "locations": [
          { "start": { "line": 597, "column": 14 }, "end": { "line": 598, "column": null } },
          { "start": { "line": 599, "column": 12 }, "end": { "line": 599, "column": null } }
        ],
        "line": 593
      },
      "26": {
        "loc": { "start": { "line": 593, "column": 8 }, "end": { "line": 596, "column": null } },
        "type": "binary-expr",
        "locations": [
          { "start": { "line": 593, "column": 8 }, "end": { "line": 593, "column": null } },
          { "start": { "line": 594, "column": 8 }, "end": { "line": 594, "column": null } },
          { "start": { "line": 595, "column": 8 }, "end": { "line": 595, "column": null } },
          { "start": { "line": 596, "column": 8 }, "end": { "line": 596, "column": null } }
        ],
        "line": 593
      },
      "27": {
        "loc": { "start": { "line": 606, "column": 14 }, "end": { "line": 606, "column": null } },
        "type": "cond-expr",
        "locations": [
          { "start": { "line": 606, "column": 40 }, "end": { "line": 606, "column": 67 } },
          { "start": { "line": 606, "column": 70 }, "end": { "line": 606, "column": null } }
        ],
        "line": 606
      }
    },
    "s": {
      "0": 1,
      "1": 4,
      "2": 1,
      "3": 1,
      "4": 3,
      "5": 1,
      "6": 3,
      "7": 0,
      "8": 0,
      "9": 0,
      "10": 0,
      "11": 0,
      "12": 0,
      "13": 0,
      "14": 0,
      "15": 0,
      "16": 0,
      "17": 0,
      "18": 0,
      "19": 0,
      "20": 0,
      "21": 3,
      "22": 3,
      "23": 3,
      "24": 0,
      "25": 0,
      "26": 0,
      "27": 0,
      "28": 0,
      "29": 0,
      "30": 0,
      "31": 0,
      "32": 0,
      "33": 0,
      "34": 0,
      "35": 0,
      "36": 0,
      "37": 0,
      "38": 0,
      "39": 0,
      "40": 0,
      "41": 0,
      "42": 0,
      "43": 0,
      "44": 0,
      "45": 0,
      "46": 0,
      "47": 0,
      "48": 0,
      "49": 0,
      "50": 0,
      "51": 0,
      "52": 0,
      "53": 0,
      "54": 0,
      "55": 0,
      "56": 0,
      "57": 0,
      "58": 0,
      "59": 0,
      "60": 0,
      "61": 0,
      "62": 0,
      "63": 0
    },
    "f": { "0": 4, "1": 3, "2": 3, "3": 0, "4": 0 },
    "b": {
      "0": [3, 3],
      "1": [0, 0, 0, 0, 0, 3, 0, 0, 0, 0, 0, 0, 0, 0, 0, 0, 0, 0, 0, 0, 0, 0],
      "2": [0, 0],
      "3": [0, 0],
      "4": [0, 0],
      "5": [0, 0],
      "6": [0, 0],
      "7": [1, 2],
      "8": [0, 3],
      "9": [0, 3],
      "10": [0, 3],
      "11": [2, 1],
      "12": [0, 0],
      "13": [0, 0],
      "14": [0, 0],
      "15": [0, 0],
      "16": [0, 0],
      "17": [0, 0],
      "18": [0, 0],
      "19": [0, 0],
      "20": [0, 0],
      "21": [0, 0],
      "22": [0, 0],
      "23": [0, 0],
      "24": [0, 0],
      "25": [0, 0],
      "26": [0, 0, 0, 0],
      "27": [0, 0]
    },
    "meta": {
      "lastBranch": 28,
      "lastFunction": 5,
      "lastStatement": 64,
      "seen": {
        "s:16:6:16:45": 0,
        "f:16:6:16:21": 0,
        "s:16:21:16:45": 1,
        "s:17:40:17:Infinity": 2,
        "s:19:83:28:Infinity": 3,
        "f:30:9:30:Infinity": 1,
        "s:38:2:47:Infinity": 4,
        "b:46:14:46:32:46:32:46:Infinity": 0,
        "s:50:42:625:Infinity": 5,
        "f:50:82:50:93": 2,
        "b:61:4:85:Infinity:88:4:111:Infinity:114:4:133:Infinity:136:4:167:Infinity:170:4:189:Infinity:192:4:216:Infinity:219:4:239:Infinity:242:4:262:Infinity:265:4:319:Infinity:322:4:341:Infinity:344:4:368:Infinity:371:4:394:Infinity:397:4:416:Infinity:419:4:437:Infinity:440:4:459:Infinity:462:4:487:Infinity:490:4:514:Infinity:517:4:535:Infinity:538:4:562:Infinity:565:4:583:Infinity:586:4:613:Infinity:616:4:622:Infinity": 1,
        "s:60:2:622:Infinity": 6,
        "s:62:6:66:Infinity": 7,
        "s:68:6:85:Infinity": 8,
        "b:80:24:80:48:80:48:80:Infinity": 2,
        "s:89:6:93:Infinity": 9,
        "s:94:25:94:33": 10,
        "s:95:6:111:Infinity": 11,
        "b:105:44:105:68:105:71:105:73": 3,
        "b:106:52:106:92:106:95:106:97": 4,
        "b:107:51:107:89:107:92:107:94": 5,
        "b:108:46:108:74:108:77:108:79": 6,
        "s:115:6:119:Infinity": 12,
        "s:120:25:120:33": 13,
        "s:121:6:133:Infinity": 14,
        "s:137:6:141:Infinity": 15,
        "s:142:6:146:Infinity": 16,
        "s:147:6:167:Infinity": 17,
        "s:171:6:175:Infinity": 18,
        "s:176:25:176:33": 19,
        "s:177:6:189:Infinity": 20,
        "s:193:6:197:Infinity": 21,
        "s:198:25:198:33": 22,
        "s:199:6:216:Infinity": 23,
        "b:209:44:209:68:209:71:209:73": 7,
        "b:210:44:210:68:210:71:210:73": 8,
        "b:211:45:211:71:211:74:211:76": 9,
        "b:212:51:212:89:212:92:212:94": 10,
        "b:213:55:213:101:213:104:213:106": 11,
        "s:220:6:224:Infinity": 24,
        "s:225:25:225:33": 25,
        "s:226:6:239:Infinity": 26,
        "s:243:6:247:Infinity": 27,
        "s:248:25:248:33": 28,
        "s:249:6:262:Infinity": 29,
        "s:266:6:270:Infinity": 30,
        "s:271:69:290:Infinity": 31,
        "s:291:76:318:Infinity": 32,
        "b:303:47:303:77:303:80:303:82": 12,
        "b:304:44:304:68:304:71:304:73": 13,
        "b:305:51:305:89:305:92:305:94": 14,
        "b:307:14:307:58:308:14:308:16": 15,
        "b:309:33:309:66:309:66:309:Infinity": 16,
        "b:311:12:311:Infinity:312:12:312:Infinity": 17,
        "f:311:30:311:36": 3,
        "s:311:46:311:76": 33,
        "b:314:12:314:Infinity:315:12:315:Infinity": 18,
        "f:314:30:314:36": 4,
        "s:314:46:314:76": 34,
        "s:319:6:319:Infinity": 35,
        "s:323:6:327:Infinity": 36,
        "s:328:6:341:Infinity": 37,
        "b:338:45:338:71:338:74:338:76": 19,
        "s:345:6:349:Infinity": 38,
        "s:350:6:368:Infinity": 39,
        "b:365:33:365:63:365:66:365:68": 20,
        "s:372:6:376:Infinity": 40,
        "s:377:6:394:Infinity": 41,
        "s:398:6:402:Infinity": 42,
        "s:403:6:416:Infinity": 43,
        "s:420:6:424:Infinity": 44,
        "s:425:6:437:Infinity": 45,
        "s:441:6:445:Infinity": 46,
        "s:446:6:459:Infinity": 47,
        "s:463:6:467:Infinity": 48,
        "s:468:6:487:Infinity": 49,
        "b:481:52:481:91:481:94:481:96": 21,
        "b:482:18:482:36:482:36:482:Infinity": 22,
        "s:491:6:495:Infinity": 50,
        "s:496:6:514:Infinity": 51,
        "b:509:18:509:36:509:36:509:Infinity": 23,
        "s:518:6:522:Infinity": 52,
        "s:523:6:535:Infinity": 53,
        "s:539:6:543:Infinity": 54,
        "s:544:6:562:Infinity": 55,
        "b:559:30:559:60:559:60:559:Infinity": 24,
        "s:566:6:570:Infinity": 56,
        "s:571:6:583:Infinity": 57,
        "s:587:6:591:Infinity": 58,
        "s:593:8:599:Infinity": 59,
        "b:597:14:598:Infinity:599:12:599:Infinity": 25,
        "b:593:8:593:Infinity:594:8:594:Infinity:595:8:595:Infinity:596:8:596:Infinity": 26,
        "s:600:6:613:Infinity": 60,
        "b:606:40:606:67:606:70:606:Infinity": 27,
        "s:617:6:617:Infinity": 61,
        "s:618:23:618:Infinity": 62,
        "s:619:6:622:Infinity": 63
      }
    }
  },
  "/Users/tobias.graf/dev/own/t3code/apps/server/src/orchestration/projector.ts": {
    "path": "/Users/tobias.graf/dev/own/t3code/apps/server/src/orchestration/projector.ts",
    "statementMap": {
      "0": { "start": { "line": 29, "column": 28 }, "end": { "line": 29, "column": null } },
      "1": { "start": { "line": 30, "column": 31 }, "end": { "line": 30, "column": null } },
      "2": { "start": { "line": 33, "column": 2 }, "end": { "line": 33, "column": null } },
      "3": { "start": { "line": 33, "column": 26 }, "end": { "line": 33, "column": null } },
      "4": { "start": { "line": 34, "column": 2 }, "end": { "line": 34, "column": null } },
      "5": { "start": { "line": 34, "column": 28 }, "end": { "line": 34, "column": null } },
      "6": { "start": { "line": 35, "column": 2 }, "end": { "line": 35, "column": null } },
      "7": { "start": { "line": 43, "column": 2 }, "end": { "line": 43, "column": null } },
      "8": { "start": { "line": 43, "column": 34 }, "end": { "line": 43, "column": 93 } },
      "9": { "start": { "line": 52, "column": 2 }, "end": { "line": 55, "column": null } },
      "10": { "start": { "line": 53, "column": 15 }, "end": { "line": 53, "column": 61 } },
      "11": { "start": { "line": 54, "column": 12 }, "end": { "line": 54, "column": null } },
      "12": { "start": { "line": 63, "column": 29 }, "end": { "line": 63, "column": 46 } },
      "13": { "start": { "line": 64, "column": 2 }, "end": { "line": 70, "column": null } },
      "14": { "start": { "line": 65, "column": 4 }, "end": { "line": 67, "column": null } },
      "15": { "start": { "line": 66, "column": 6 }, "end": { "line": 66, "column": null } },
      "16": { "start": { "line": 67, "column": 6 }, "end": { "line": 67, "column": null } },
      "17": { "start": { "line": 69, "column": 4 }, "end": { "line": 70, "column": null } },
      "18": { "start": { "line": 70, "column": 6 }, "end": { "line": 70, "column": null } },
      "19": { "start": { "line": 74, "column": 28 }, "end": { "line": 76, "column": null } },
      "20": { "start": { "line": 75, "column": 17 }, "end": { "line": 75, "column": 78 } },
      "21": { "start": { "line": 77, "column": 27 }, "end": { "line": 77, "column": 69 } },
      "22": { "start": { "line": 78, "column": 2 }, "end": { "line": 92, "column": null } },
      "23": { "start": { "line": 79, "column": 33 }, "end": { "line": 90, "column": 33 } },
      "24": { "start": { "line": 82, "column": 10 }, "end": { "line": 84, "column": null } },
      "25": { "start": { "line": 88, "column": 10 }, "end": { "line": 88, "column": 90 } },
      "26": { "start": { "line": 91, "column": 4 }, "end": { "line": 92, "column": null } },
      "27": { "start": { "line": 92, "column": 6 }, "end": { "line": 92, "column": null } },
      "28": { "start": { "line": 96, "column": 33 }, "end": { "line": 98, "column": null } },
      "29": { "start": { "line": 97, "column": 17 }, "end": { "line": 97, "column": 83 } },
      "30": { "start": { "line": 99, "column": 32 }, "end": { "line": 99, "column": 79 } },
      "31": { "start": { "line": 100, "column": 2 }, "end": { "line": 114, "column": null } },
      "32": { "start": { "line": 101, "column": 38 }, "end": { "line": 112, "column": 38 } },
      "33": { "start": { "line": 104, "column": 10 }, "end": { "line": 106, "column": null } },
      "34": { "start": { "line": 110, "column": 10 }, "end": { "line": 110, "column": 90 } },
      "35": { "start": { "line": 113, "column": 4 }, "end": { "line": 114, "column": null } },
      "36": { "start": { "line": 114, "column": 6 }, "end": { "line": 114, "column": null } },
      "37": { "start": { "line": 118, "column": 2 }, "end": { "line": 118, "column": null } },
      "38": { "start": { "line": 118, "column": 38 }, "end": { "line": 118, "column": 72 } },
      "39": { "start": { "line": 125, "column": 2 }, "end": { "line": 127, "column": null } },
      "40": { "start": { "line": 126, "column": 18 }, "end": { "line": 126, "column": 82 } },
      "41": { "start": { "line": 134, "column": 2 }, "end": { "line": 136, "column": null } },
      "42": { "start": { "line": 135, "column": 22 }, "end": { "line": 135, "column": 94 } },
      "43": { "start": { "line": 143, "column": 2 }, "end": { "line": 150, "column": null } },
      "44": { "start": { "line": 144, "column": 4 }, "end": { "line": 145, "column": null } },
      "45": { "start": { "line": 145, "column": 6 }, "end": { "line": 145, "column": null } },
      "46": { "start": { "line": 147, "column": 13 }, "end": { "line": 150, "column": null } },
      "47": { "start": { "line": 148, "column": 4 }, "end": { "line": 148, "column": null } },
      "48": { "start": { "line": 149, "column": 13 }, "end": { "line": 150, "column": null } },
      "49": { "start": { "line": 150, "column": 4 }, "end": { "line": 150, "column": null } },
      "50": { "start": { "line": 153, "column": 2 }, "end": { "line": 153, "column": null } },
      "51": { "start": { "line": 157, "column": 2 }, "end": { "line": 162, "column": null } },
      "52": { "start": { "line": 169, "column": 43 }, "end": { "line": 173, "column": null } },
      "53": { "start": { "line": 175, "column": 2 }, "end": { "line": 632, "column": null } },
      "54": { "start": { "line": 177, "column": 6 }, "end": { "line": 200, "column": null } },
      "55": { "start": { "line": 179, "column": 27 }, "end": { "line": 179, "column": 92 } },
      "56": { "start": { "line": 179, "column": 61 }, "end": { "line": 179, "column": 92 } },
      "57": { "start": { "line": 180, "column": 30 }, "end": { "line": 189, "column": null } },
      "58": { "start": { "line": 191, "column": 10 }, "end": { "line": 198, "column": null } },
      "59": { "start": { "line": 195, "column": 18 }, "end": { "line": 195, "column": null } },
      "60": { "start": { "line": 203, "column": 6 }, "end": { "line": 223, "column": null } },
      "61": { "start": { "line": 204, "column": 33 }, "end": { "line": 222, "column": 11 } },
      "62": { "start": { "line": 207, "column": 12 }, "end": { "line": 220, "column": null } },
      "63": { "start": { "line": 226, "column": 6 }, "end": { "line": 239, "column": null } },
      "64": { "start": { "line": 227, "column": 33 }, "end": { "line": 238, "column": 11 } },
      "65": { "start": { "line": 230, "column": 12 }, "end": { "line": 236, "column": null } },
      "66": { "start": { "line": 242, "column": 6 }, "end": { "line": 279, "column": null } },
      "67": { "start": { "line": 243, "column": 24 }, "end": { "line": 247, "column": null } },
      "68": { "start": { "line": 249, "column": 44 }, "end": { "line": 270, "column": null } },
      "69": { "start": { "line": 272, "column": 25 }, "end": { "line": 272, "column": 81 } },
      "70": { "start": { "line": 272, "column": 58 }, "end": { "line": 272, "column": 81 } },
      "71": { "start": { "line": 273, "column": 8 }, "end": { "line": 278, "column": null } },
      "72": { "start": { "line": 276, "column": 47 }, "end": { "line": 276, "column": 88 } },
      "73": { "start": { "line": 282, "column": 6 }, "end": { "line": 290, "column": null } },
      "74": { "start": { "line": 283, "column": 33 }, "end": { "line": 289, "column": 11 } },
      "75": { "start": { "line": 293, "column": 6 }, "end": { "line": 305, "column": null } },
      "76": { "start": { "line": 294, "column": 33 }, "end": { "line": 304, "column": 11 } },
      "77": { "start": { "line": 308, "column": 6 }, "end": { "line": 316, "column": null } },
      "78": { "start": { "line": 309, "column": 33 }, "end": { "line": 315, "column": 11 } },
      "79": { "start": { "line": 319, "column": 6 }, "end": { "line": 332, "column": null } },
      "80": { "start": { "line": 325, "column": 33 }, "end": { "line": 331, "column": 11 } },
      "81": { "start": { "line": 335, "column": 6 }, "end": { "line": 399, "column": null } },
      "82": { "start": { "line": 336, "column": 24 }, "end": { "line": 340, "column": null } },
      "83": { "start": { "line": 342, "column": 23 }, "end": { "line": 342, "column": 86 } },
      "84": { "start": { "line": 342, "column": 56 }, "end": { "line": 342, "column": 86 } },
      "85": { "start": { "line": 343, "column": 8 }, "end": { "line": 344, "column": null } },
      "86": { "start": { "line": 344, "column": 10 }, "end": { "line": 344, "column": null } },
      "87": { "start": { "line": 347, "column": 46 }, "end": { "line": 361, "column": null } },
      "88": { "start": { "line": 364, "column": 32 }, "end": { "line": 364, "column": 88 } },
      "89": { "start": { "line": 364, "column": 64 }, "end": { "line": 364, "column": 88 } },
      "90": { "start": { "line": 365, "column": 25 }, "end": { "line": 389, "column": 41 } },
      "91": { "start": { "line": 367, "column": 14 }, "end": { "line": 387, "column": null } },
      "92": { "start": { "line": 390, "column": 31 }, "end": { "line": 390, "column": 67 } },
      "93": { "start": { "line": 392, "column": 8 }, "end": { "line": 398, "column": null } },
      "94": { "start": { "line": 402, "column": 6 }, "end": { "line": 448, "column": null } },
      "95": { "start": { "line": 403, "column": 24 }, "end": { "line": 407, "column": null } },
      "96": { "start": { "line": 409, "column": 23 }, "end": { "line": 409, "column": 86 } },
      "97": { "start": { "line": 409, "column": 56 }, "end": { "line": 409, "column": 86 } },
      "98": { "start": { "line": 410, "column": 8 }, "end": { "line": 411, "column": null } },
      "99": { "start": { "line": 411, "column": 10 }, "end": { "line": 411, "column": null } },
      "100": { "start": { "line": 414, "column": 46 }, "end": { "line": 418, "column": null } },
      "101": { "start": { "line": 421, "column": 8 }, "end": { "line": 447, "column": null } },
      "102": { "start": { "line": 451, "column": 6 }, "end": { "line": 480, "column": null } },
      "103": { "start": { "line": 452, "column": 24 }, "end": { "line": 456, "column": null } },
      "104": { "start": { "line": 458, "column": 23 }, "end": { "line": 458, "column": 86 } },
      "105": { "start": { "line": 458, "column": 56 }, "end": { "line": 458, "column": 86 } },
      "106": { "start": { "line": 459, "column": 8 }, "end": { "line": 460, "column": null } },
      "107": { "start": { "line": 460, "column": 10 }, "end": { "line": 460, "column": null } },
      "108": { "start": { "line": 463, "column": 30 }, "end": { "line": 471, "column": 22 } },
      "109": { "start": { "line": 464, "column": 52 }, "end": { "line": 464, "column": 89 } },
      "110": { "start": { "line": 469, "column": 14 }, "end": { "line": 469, "column": 94 } },
      "111": { "start": { "line": 473, "column": 8 }, "end": { "line": 479, "column": null } },
      "112": { "start": { "line": 483, "column": 6 }, "end": { "line": 548, "column": null } },
      "113": { "start": { "line": 484, "column": 24 }, "end": { "line": 488, "column": null } },
      "114": { "start": { "line": 490, "column": 23 }, "end": { "line": 490, "column": 86 } },
      "115": { "start": { "line": 490, "column": 56 }, "end": { "line": 490, "column": 86 } },
      "116": { "start": { "line": 491, "column": 8 }, "end": { "line": 492, "column": null } },
      "117": { "start": { "line": 492, "column": 10 }, "end": { "line": 492, "column": null } },
      "118": { "start": { "line": 495, "column": 27 }, "end": { "line": 507, "column": null } },
      "119": { "start": { "line": 515, "column": 25 }, "end": { "line": 515, "column": 95 } },
      "120": { "start": { "line": 515, "column": 60 }, "end": { "line": 515, "column": 95 } },
      "121": { "start": { "line": 516, "column": 8 }, "end": { "line": 517, "column": null } },
      "122": { "start": { "line": 517, "column": 10 }, "end": { "line": 517, "column": null } },
      "123": { "start": { "line": 520, "column": 28 }, "end": { "line": 525, "column": 41 } },
      "124": { "start": { "line": 521, "column": 50 }, "end": { "line": 521, "column": 85 } },
      "125": { "start": { "line": 524, "column": 37 }, "end": { "line": 524, "column": 90 } },
      "126": { "start": { "line": 527, "column": 8 }, "end": { "line": 547, "column": null } },
      "127": { "start": { "line": 551, "column": 6 }, "end": { "line": 599, "column": null } },
      "128": { "start": { "line": 553, "column": 25 }, "end": { "line": 553, "column": 88 } },
      "129": { "start": { "line": 553, "column": 58 }, "end": { "line": 553, "column": 88 } },
      "130": { "start": { "line": 554, "column": 10 }, "end": { "line": 555, "column": null } },
      "131": { "start": { "line": 555, "column": 12 }, "end": { "line": 555, "column": null } },
      "132": { "start": { "line": 558, "column": 30 }, "end": { "line": 561, "column": 43 } },
      "133": { "start": { "line": 559, "column": 31 }, "end": { "line": 559, "column": 78 } },
      "134": { "start": { "line": 560, "column": 39 }, "end": { "line": 560, "column": 92 } },
      "135": { "start": { "line": 562, "column": 34 }, "end": { "line": 562, "column": 93 } },
      "136": { "start": { "line": 562, "column": 74 }, "end": { "line": 562, "column": 92 } },
      "137": { "start": { "line": 563, "column": 27 }, "end": { "line": 567, "column": 39 } },
      "138": { "start": { "line": 568, "column": 32 }, "end": { "line": 571, "column": 23 } },
      "139": { "start": { "line": 572, "column": 29 }, "end": { "line": 572, "column": 98 } },
      "140": { "start": { "line": 574, "column": 35 }, "end": { "line": 574, "column": null } },
      "141": { "start": { "line": 576, "column": 12 }, "end": { "line": 585, "column": null } },
      "142": { "start": { "line": 587, "column": 10 }, "end": { "line": 597, "column": null } },
      "143": { "start": { "line": 602, "column": 6 }, "end": { "line": 629, "column": null } },
      "144": { "start": { "line": 609, "column": 25 }, "end": { "line": 609, "column": 88 } },
      "145": { "start": { "line": 609, "column": 58 }, "end": { "line": 609, "column": 88 } },
      "146": { "start": { "line": 610, "column": 10 }, "end": { "line": 611, "column": null } },
      "147": { "start": { "line": 611, "column": 12 }, "end": { "line": 611, "column": null } },
      "148": { "start": { "line": 614, "column": 29 }, "end": { "line": 619, "column": 24 } },
      "149": { "start": { "line": 615, "column": 51 }, "end": { "line": 615, "column": 84 } },
      "150": { "start": { "line": 621, "column": 10 }, "end": { "line": 627, "column": null } },
      "151": { "start": { "line": 632, "column": 6 }, "end": { "line": 632, "column": null } }
    },
    "fnMap": {
      "0": {
        "name": "checkpointStatusToLatestTurnState",
        "decl": { "start": { "line": 32, "column": 9 }, "end": { "line": 32, "column": 43 } },
        "loc": { "start": { "line": 32, "column": 82 }, "end": { "line": 35, "column": null } },
        "line": 32
      },
      "1": {
        "name": "updateThread",
        "decl": { "start": { "line": 38, "column": 9 }, "end": { "line": 38, "column": null } },
        "loc": { "start": { "line": 42, "column": 25 }, "end": { "line": 43, "column": null } },
        "line": 42
      },
      "2": {
        "name": "(anonymous_2)",
        "decl": { "start": { "line": 43, "column": 17 }, "end": { "line": 43, "column": 22 } },
        "loc": { "start": { "line": 43, "column": 34 }, "end": { "line": 43, "column": 93 } },
        "line": 43
      },
      "3": {
        "name": "decodeForEvent",
        "decl": { "start": { "line": 46, "column": 9 }, "end": { "line": 46, "column": null } },
        "loc": { "start": { "line": 51, "column": 55 }, "end": { "line": 55, "column": null } },
        "line": 51
      },
      "4": {
        "name": "(anonymous_4)",
        "decl": { "start": { "line": 53, "column": 4 }, "end": { "line": 53, "column": 15 } },
        "loc": { "start": { "line": 53, "column": 15 }, "end": { "line": 53, "column": 61 } },
        "line": 53
      },
      "5": {
        "name": "(anonymous_5)",
        "decl": { "start": { "line": 54, "column": 4 }, "end": { "line": 54, "column": 12 } },
        "loc": { "start": { "line": 54, "column": 12 }, "end": { "line": 54, "column": null } },
        "line": 54
      },
      "6": {
        "name": "retainThreadMessagesAfterRevert",
        "decl": { "start": { "line": 58, "column": 9 }, "end": { "line": 58, "column": null } },
        "loc": { "start": { "line": 62, "column": 39 }, "end": { "line": 118, "column": null } },
        "line": 62
      },
      "7": {
        "name": "(anonymous_7)",
        "decl": { "start": { "line": 74, "column": 37 }, "end": { "line": 74, "column": null } },
        "loc": { "start": { "line": 75, "column": 17 }, "end": { "line": 75, "column": 78 } },
        "line": 75
      },
      "8": {
        "name": "(anonymous_8)",
        "decl": { "start": { "line": 80, "column": 7 }, "end": { "line": 80, "column": null } },
        "loc": { "start": { "line": 82, "column": 10 }, "end": { "line": 84, "column": null } },
        "line": 82
      },
      "9": {
        "name": "(anonymous_9)",
        "decl": { "start": { "line": 86, "column": 7 }, "end": { "line": 86, "column": null } },
        "loc": { "start": { "line": 88, "column": 10 }, "end": { "line": 88, "column": 90 } },
        "line": 88
      },
      "10": {
        "name": "(anonymous_10)",
        "decl": { "start": { "line": 96, "column": 42 }, "end": { "line": 96, "column": null } },
        "loc": { "start": { "line": 97, "column": 17 }, "end": { "line": 97, "column": 83 } },
        "line": 97
      },
      "11": {
        "name": "(anonymous_11)",
        "decl": { "start": { "line": 102, "column": 7 }, "end": { "line": 102, "column": null } },
        "loc": { "start": { "line": 104, "column": 10 }, "end": { "line": 106, "column": null } },
        "line": 104
      },
      "12": {
        "name": "(anonymous_12)",
        "decl": { "start": { "line": 108, "column": 7 }, "end": { "line": 108, "column": null } },
        "loc": { "start": { "line": 110, "column": 10 }, "end": { "line": 110, "column": 90 } },
        "line": 110
      },
      "13": {
        "name": "(anonymous_13)",
        "decl": { "start": { "line": 118, "column": 18 }, "end": { "line": 118, "column": 26 } },
        "loc": { "start": { "line": 118, "column": 38 }, "end": { "line": 118, "column": 72 } },
        "line": 118
      },
      "14": {
        "name": "retainThreadActivitiesAfterRevert",
        "decl": { "start": { "line": 121, "column": 9 }, "end": { "line": 121, "column": null } },
        "loc": { "start": { "line": 124, "column": 60 }, "end": { "line": 127, "column": null } },
        "line": 124
      },
      "15": {
        "name": "(anonymous_15)",
        "decl": { "start": { "line": 125, "column": 20 }, "end": { "line": 125, "column": null } },
        "loc": { "start": { "line": 126, "column": 18 }, "end": { "line": 126, "column": 82 } },
        "line": 126
      },
      "16": {
        "name": "retainThreadProposedPlansAfterRevert",
        "decl": { "start": { "line": 130, "column": 9 }, "end": { "line": 130, "column": null } },
        "loc": { "start": { "line": 133, "column": 63 }, "end": { "line": 136, "column": null } },
        "line": 133
      },
      "17": {
        "name": "(anonymous_17)",
        "decl": { "start": { "line": 134, "column": 23 }, "end": { "line": 134, "column": null } },
        "loc": { "start": { "line": 135, "column": 22 }, "end": { "line": 135, "column": 94 } },
        "line": 135
      },
      "18": {
        "name": "compareThreadActivities",
        "decl": { "start": { "line": 139, "column": 9 }, "end": { "line": 139, "column": null } },
        "loc": { "start": { "line": 142, "column": 10 }, "end": { "line": 153, "column": null } },
        "line": 142
      },
      "19": {
        "name": "createEmptyReadModel",
        "decl": { "start": { "line": 156, "column": 16 }, "end": { "line": 156, "column": 37 } },
        "loc": { "start": { "line": 156, "column": 77 }, "end": { "line": 162, "column": null } },
        "line": 156
      },
      "20": {
        "name": "projectEvent",
        "decl": { "start": { "line": 165, "column": 16 }, "end": { "line": 165, "column": null } },
        "loc": { "start": { "line": 168, "column": 76 }, "end": { "line": 632, "column": null } },
        "line": 168
      },
      "21": {
        "name": "(anonymous_21)",
        "decl": { "start": { "line": 178, "column": 15 }, "end": { "line": 178, "column": 20 } },
        "loc": { "start": { "line": 178, "column": 32 }, "end": { "line": 199, "column": null } },
        "line": 178
      },
      "22": {
        "name": "(anonymous_22)",
        "decl": { "start": { "line": 179, "column": 45 }, "end": { "line": 179, "column": 51 } },
        "loc": { "start": { "line": 179, "column": 61 }, "end": { "line": 179, "column": 92 } },
        "line": 179
      },
      "23": {
        "name": "(anonymous_23)",
        "decl": { "start": { "line": 194, "column": 34 }, "end": { "line": 194, "column": 39 } },
        "loc": { "start": { "line": 195, "column": 18 }, "end": { "line": 195, "column": null } },
        "line": 195
      },
      "24": {
        "name": "(anonymous_24)",
        "decl": { "start": { "line": 204, "column": 15 }, "end": { "line": 204, "column": 20 } },
        "loc": { "start": { "line": 204, "column": 33 }, "end": { "line": 222, "column": 11 } },
        "line": 204
      },
      "25": {
        "name": "(anonymous_25)",
        "decl": { "start": { "line": 206, "column": 38 }, "end": { "line": 206, "column": 43 } },
        "loc": { "start": { "line": 207, "column": 12 }, "end": { "line": 220, "column": null } },
        "line": 207
      },
      "26": {
        "name": "(anonymous_26)",
        "decl": { "start": { "line": 227, "column": 15 }, "end": { "line": 227, "column": 20 } },
        "loc": { "start": { "line": 227, "column": 33 }, "end": { "line": 238, "column": 11 } },
        "line": 227
      },
      "27": {
        "name": "(anonymous_27)",
        "decl": { "start": { "line": 229, "column": 38 }, "end": { "line": 229, "column": 43 } },
        "loc": { "start": { "line": 230, "column": 12 }, "end": { "line": 236, "column": null } },
        "line": 230
      },
      "28": {
        "name": "(anonymous_28)",
        "decl": { "start": { "line": 242, "column": 24 }, "end": { "line": 242, "column": 37 } },
        "loc": { "start": { "line": 242, "column": 37 }, "end": { "line": 279, "column": null } },
        "line": 242
      },
      "29": {
        "name": "(anonymous_29)",
        "decl": { "start": { "line": 272, "column": 42 }, "end": { "line": 272, "column": 48 } },
        "loc": { "start": { "line": 272, "column": 58 }, "end": { "line": 272, "column": 81 } },
        "line": 272
      },
      "30": {
        "name": "(anonymous_30)",
        "decl": { "start": { "line": 276, "column": 31 }, "end": { "line": 276, "column": 36 } },
        "loc": { "start": { "line": 276, "column": 47 }, "end": { "line": 276, "column": 88 } },
        "line": 276
      },
      "31": {
        "name": "(anonymous_31)",
        "decl": { "start": { "line": 283, "column": 15 }, "end": { "line": 283, "column": 20 } },
        "loc": { "start": { "line": 283, "column": 33 }, "end": { "line": 289, "column": 11 } },
        "line": 283
      },
      "32": {
        "name": "(anonymous_32)",
        "decl": { "start": { "line": 294, "column": 15 }, "end": { "line": 294, "column": 20 } },
        "loc": { "start": { "line": 294, "column": 33 }, "end": { "line": 304, "column": 11 } },
        "line": 294
      },
      "33": {
        "name": "(anonymous_33)",
        "decl": { "start": { "line": 309, "column": 15 }, "end": { "line": 309, "column": 20 } },
        "loc": { "start": { "line": 309, "column": 33 }, "end": { "line": 315, "column": 11 } },
        "line": 309
      },
      "34": {
        "name": "(anonymous_34)",
        "decl": { "start": { "line": 325, "column": 15 }, "end": { "line": 325, "column": 20 } },
        "loc": { "start": { "line": 325, "column": 33 }, "end": { "line": 331, "column": 11 } },
        "line": 325
      },
      "35": {
        "name": "(anonymous_35)",
        "decl": { "start": { "line": 335, "column": 24 }, "end": { "line": 335, "column": 37 } },
        "loc": { "start": { "line": 335, "column": 37 }, "end": { "line": 399, "column": null } },
        "line": 335
      },
      "36": {
        "name": "(anonymous_36)",
        "decl": { "start": { "line": 342, "column": 40 }, "end": { "line": 342, "column": 46 } },
        "loc": { "start": { "line": 342, "column": 56 }, "end": { "line": 342, "column": 86 } },
        "line": 342
      },
      "37": {
        "name": "(anonymous_37)",
        "decl": { "start": { "line": 364, "column": 48 }, "end": { "line": 364, "column": 54 } },
        "loc": { "start": { "line": 364, "column": 64 }, "end": { "line": 364, "column": 88 } },
        "line": 364
      },
      "38": {
        "name": "(anonymous_38)",
[...]
        "type": "binary-expr",
        "locations": [
          { "start": { "line": 469, "column": 14 }, "end": { "line": 469, "column": 59 } },
          { "start": { "line": 469, "column": 63 }, "end": { "line": 469, "column": 94 } }
        ],
        "line": 469
      },
      "59": {
        "loc": { "start": { "line": 491, "column": 8 }, "end": { "line": 492, "column": null } },
        "type": "if",
        "locations": [
          { "start": { "line": 491, "column": 8 }, "end": { "line": 492, "column": null } },
          { "start": {}, "end": {} }
        ],
        "line": 491
      },
      "60": {
        "loc": { "start": { "line": 516, "column": 8 }, "end": { "line": 517, "column": null } },
        "type": "if",
        "locations": [
          { "start": { "line": 516, "column": 8 }, "end": { "line": 517, "column": null } },
          { "start": {}, "end": {} }
        ],
        "line": 516
      },
      "61": {
        "loc": { "start": { "line": 516, "column": 12 }, "end": { "line": 516, "column": 90 } },
        "type": "binary-expr",
        "locations": [
          { "start": { "line": 516, "column": 12 }, "end": { "line": 516, "column": 24 } },
          { "start": { "line": 516, "column": 24 }, "end": { "line": 516, "column": 57 } },
          { "start": { "line": 516, "column": 57 }, "end": { "line": 516, "column": 90 } }
        ],
        "line": 516
      },
      "62": {
        "loc": { "start": { "line": 535, "column": 16 }, "end": { "line": 537, "column": null } },
        "type": "cond-expr",
        "locations": [
          { "start": { "line": 536, "column": 20 }, "end": { "line": 536, "column": null } },
          { "start": { "line": 537, "column": 20 }, "end": { "line": 537, "column": null } }
        ],
        "line": 535
      },
      "63": {
        "loc": { "start": { "line": 539, "column": 16 }, "end": { "line": 541, "column": null } },
        "type": "cond-expr",
        "locations": [
          { "start": { "line": 540, "column": 21 }, "end": { "line": 540, "column": null } },
          { "start": { "line": 541, "column": 20 }, "end": { "line": 541, "column": null } }
        ],
        "line": 539
      },
      "64": {
        "loc": { "start": { "line": 540, "column": 21 }, "end": { "line": 540, "column": null } },
        "type": "binary-expr",
        "locations": [
          { "start": { "line": 540, "column": 21 }, "end": { "line": 540, "column": 52 } },
          { "start": { "line": 540, "column": 52 }, "end": { "line": 540, "column": null } }
        ],
        "line": 540
      },
      "65": {
        "loc": { "start": { "line": 554, "column": 10 }, "end": { "line": 555, "column": null } },
        "type": "if",
        "locations": [
          { "start": { "line": 554, "column": 10 }, "end": { "line": 555, "column": null } },
          { "start": {}, "end": {} }
        ],
        "line": 554
      },
      "66": {
        "loc": { "start": { "line": 574, "column": 35 }, "end": { "line": 574, "column": null } },
        "type": "binary-expr",
        "locations": [
          { "start": { "line": 574, "column": 35 }, "end": { "line": 574, "column": 53 } },
          { "start": { "line": 574, "column": 57 }, "end": { "line": 574, "column": null } }
        ],
        "line": 574
      },
      "67": {
        "loc": { "start": { "line": 576, "column": 12 }, "end": { "line": 585, "column": null } },
        "type": "cond-expr",
        "locations": [
          { "start": { "line": 577, "column": 16 }, "end": { "line": 577, "column": null } },
          { "start": { "line": 578, "column": 16 }, "end": { "line": 585, "column": null } }
        ],
        "line": 576
      },
      "68": {
        "loc": { "start": { "line": 610, "column": 10 }, "end": { "line": 611, "column": null } },
        "type": "if",
        "locations": [
          { "start": { "line": 610, "column": 10 }, "end": { "line": 611, "column": null } },
          { "start": {}, "end": {} }
        ],
        "line": 610
      }
    },
    "s": {
      "0": 2,
      "1": 2,
      "2": 0,
      "3": 0,
      "4": 0,
      "5": 0,
      "6": 0,
      "7": 7,
      "8": 7,
      "9": 23,
      "10": 23,
      "11": 0,
      "12": 0,
      "13": 0,
      "14": 0,
      "15": 0,
      "16": 0,
      "17": 0,
      "18": 0,
      "19": 0,
      "20": 0,
      "21": 0,
      "22": 0,
      "23": 0,
      "24": 0,
      "25": 0,
      "26": 0,
      "27": 0,
      "28": 0,
      "29": 0,
      "30": 0,
      "31": 0,
      "32": 0,
      "33": 0,
      "34": 0,
      "35": 0,
      "36": 0,
      "37": 0,
      "38": 0,
      "39": 0,
      "40": 0,
      "41": 0,
      "42": 0,
      "43": 0,
      "44": 0,
      "45": 0,
      "46": 0,
      "47": 0,
      "48": 0,
      "49": 0,
      "50": 0,
      "51": 8,
      "52": 15,
      "53": 15,
      "54": 0,
      "55": 0,
      "56": 0,
      "57": 0,
      "58": 0,
      "59": 0,
      "60": 0,
      "61": 0,
      "62": 0,
      "63": 0,
      "64": 0,
      "65": 0,
      "66": 8,
      "67": 8,
      "68": 8,
      "69": 8,
      "70": 0,
      "71": 8,
      "72": 0,
      "73": 0,
      "74": 0,
      "75": 7,
      "76": 7,
      "77": 0,
      "78": 0,
      "79": 0,
      "80": 0,
      "81": 0,
      "82": 0,
      "83": 0,
      "84": 0,
      "85": 0,
      "86": 0,
      "87": 0,
      "88": 0,
      "89": 0,
      "90": 0,
      "91": 0,
      "92": 0,
      "93": 0,
      "94": 0,
      "95": 0,
      "96": 0,
      "97": 0,
      "98": 0,
      "99": 0,
      "100": 0,
      "101": 0,
      "102": 0,
      "103": 0,
      "104": 0,
      "105": 0,
      "106": 0,
      "107": 0,
      "108": 0,
      "109": 0,
      "110": 0,
      "111": 0,
      "112": 0,
      "113": 0,
      "114": 0,
      "115": 0,
      "116": 0,
      "117": 0,
      "118": 0,
      "119": 0,
      "120": 0,
      "121": 0,
      "122": 0,
      "123": 0,
      "124": 0,
      "125": 0,
      "126": 0,
      "127": 0,
      "128": 0,
      "129": 0,
      "130": 0,
      "131": 0,
      "132": 0,
      "133": 0,
      "134": 0,
      "135": 0,
      "136": 0,
      "137": 0,
      "138": 0,
      "139": 0,
      "140": 0,
      "141": 0,
      "142": 0,
      "143": 0,
      "144": 0,
      "145": 0,
      "146": 0,
      "147": 0,
      "148": 0,
      "149": 0,
      "150": 0,
      "151": 0
    },
    "f": {
      "0": 0,
      "1": 7,
      "2": 7,
      "3": 23,
      "4": 23,
      "5": 0,
      "6": 0,
      "7": 0,
      "8": 0,
      "9": 0,
      "10": 0,
      "11": 0,
      "12": 0,
      "13": 0,
      "14": 0,
      "15": 0,
      "16": 0,
      "17": 0,
      "18": 0,
      "19": 8,
      "20": 15,
      "21": 0,
      "22": 0,
      "23": 0,
      "24": 0,
      "25": 0,
      "26": 0,
      "27": 0,
      "28": 8,
      "29": 0,
      "30": 0,
      "31": 0,
      "32": 7,
      "33": 0,
      "34": 0,
      "35": 0,
      "36": 0,
      "37": 0,
      "38": 0,
      "39": 0,
      "40": 0,
      "41": 0,
      "42": 0,
      "43": 0,
      "44": 0,
      "45": 0,
      "46": 0,
      "47": 0,
      "48": 0,
      "49": 0,
      "50": 0,
      "51": 0,
      "52": 0,
      "53": 0,
      "54": 0,
      "55": 0,
      "56": 0,
      "57": 0
    },
    "b": {
      "0": [0, 0],
      "1": [0, 0],
      "2": [7, 0],
      "3": [0, 0],
      "4": [0, 0],
      "5": [0, 0],
      "6": [0, 0],
      "7": [0, 0],
      "8": [0, 0, 0, 0],
      "9": [0, 0],
      "10": [0, 0],
      "11": [0, 0],
      "12": [0, 0, 0, 0],
      "13": [0, 0],
      "14": [0, 0],
      "15": [0, 0],
      "16": [0, 0],
      "17": [0, 0],
      "18": [0, 0],
      "19": [0, 0],
      "20": [0, 0],
      "21": [0, 0],
      "22": [0, 0, 0, 8, 0, 7, 0, 0, 0, 0, 0, 0, 0, 0, 0],
      "23": [0, 0],
      "24": [0, 0],
      "25": [0, 0],
      "26": [0, 0],
      "27": [0, 0],
      "28": [0, 0],
      "29": [0, 0],
      "30": [0, 0],
      "31": [0, 8],
      "32": [0, 0],
      "33": [1, 6],
      "34": [0, 7],
      "35": [0, 7],
      "36": [0, 7],
      "37": [6, 1],
      "38": [0, 0],
      "39": [0, 0],
      "40": [0, 0],
      "41": [0, 0],
      "42": [0, 0],
      "43": [0, 0],
      "44": [0, 0],
      "45": [0, 0],
      "46": [0, 0],
      "47": [0, 0],
      "48": [0, 0],
      "49": [0, 0],
      "50": [0, 0],
      "51": [0, 0],
      "52": [0, 0],
      "53": [0, 0],
      "54": [0, 0],
      "55": [0, 0],
      "56": [0, 0],
      "57": [0, 0],
      "58": [0, 0],
      "59": [0, 0],
      "60": [0, 0],
      "61": [0, 0, 0],
      "62": [0, 0],
      "63": [0, 0],
      "64": [0, 0],
      "65": [0, 0],
      "66": [0, 0],
      "67": [0, 0],
      "68": [0, 0]
    },
    "meta": {
      "lastBranch": 69,
      "lastFunction": 58,
      "lastStatement": 152,
      "seen": {
        "s:29:28:29:Infinity": 0,
        "s:30:31:30:Infinity": 1,
        "f:32:9:32:43": 0,
        "b:33:2:33:Infinity:undefined:undefined:undefined:undefined": 0,
        "s:33:2:33:Infinity": 2,
        "s:33:26:33:Infinity": 3,
        "b:34:2:34:Infinity:undefined:undefined:undefined:undefined": 1,
        "s:34:2:34:Infinity": 4,
        "s:34:28:34:Infinity": 5,
        "s:35:2:35:Infinity": 6,
        "f:38:9:38:Infinity": 1,
        "s:43:2:43:Infinity": 7,
        "f:43:17:43:22": 2,
        "s:43:34:43:93": 8,
        "b:43:59:43:85:43:85:43:93": 2,
        "f:46:9:46:Infinity": 3,
        "s:52:2:55:Infinity": 9,
        "f:53:4:53:15": 4,
        "s:53:15:53:61": 10,
        "f:54:4:54:12": 5,
        "s:54:12:54:Infinity": 11,
        "f:58:9:58:Infinity": 6,
        "s:63:29:63:46": 12,
        "s:64:2:70:Infinity": 13,
        "b:65:4:67:Infinity:undefined:undefined:undefined:undefined": 3,
        "s:65:4:67:Infinity": 14,
        "s:66:6:66:Infinity": 15,
        "s:67:6:67:Infinity": 16,
        "b:69:4:70:Infinity:undefined:undefined:undefined:undefined": 4,
        "s:69:4:70:Infinity": 17,
        "b:69:8:69:35:69:35:69:70": 5,
        "s:70:6:70:Infinity": 18,
        "s:74:28:76:Infinity": 19,
        "f:74:37:74:Infinity": 7,
        "s:75:17:75:78": 20,
        "b:75:17:75:44:75:44:75:78": 6,
        "s:77:27:77:69": 21,
        "b:78:2:92:Infinity:undefined:undefined:undefined:undefined": 7,
        "s:78:2:92:Infinity": 22,
        "s:79:33:90:33": 23,
        "f:80:7:80:Infinity": 8,
        "s:82:10:84:Infinity": 24,
        "b:82:10:82:Infinity:83:10:83:45:84:11:84:38:84:38:84:73": 8,
        "f:86:7:86:Infinity": 9,
        "s:88:10:88:90": 25,
        "b:88:10:88:55:88:59:88:90": 9,
        "s:91:4:92:Infinity": 26,
        "s:92:6:92:Infinity": 27,
        "s:96:33:98:Infinity": 28,
        "f:96:42:96:Infinity": 10,
        "s:97:17:97:83": 29,
        "b:97:17:97:49:97:49:97:83": 10,
        "s:99:32:99:79": 30,
        "b:100:2:114:Infinity:undefined:undefined:undefined:undefined": 11,
        "s:100:2:114:Infinity": 31,
        "s:101:38:112:38": 32,
        "f:102:7:102:Infinity": 11,
        "s:104:10:106:Infinity": 33,
        "b:104:10:104:Infinity:105:10:105:45:106:11:106:38:106:38:106:73": 12,
        "f:108:7:108:Infinity": 12,
        "s:110:10:110:90": 34,
        "b:110:10:110:55:110:59:110:90": 13,
        "s:113:4:114:Infinity": 35,
        "s:114:6:114:Infinity": 36,
        "s:118:2:118:Infinity": 37,
        "f:118:18:118:26": 13,
        "s:118:38:118:72": 38,
        "f:121:9:121:Infinity": 14,
        "s:125:2:127:Infinity": 39,
        "f:125:20:125:Infinity": 15,
        "s:126:18:126:82": 40,
        "b:126:18:126:46:126:46:126:82": 14,
        "f:130:9:130:Infinity": 16,
        "s:134:2:136:Infinity": 41,
        "f:134:23:134:Infinity": 17,
        "s:135:22:135:94": 42,
        "b:135:22:135:54:135:54:135:94": 15,
        "f:139:9:139:Infinity": 18,
        "b:143:2:150:Infinity:147:13:150:Infinity": 16,
        "s:143:2:150:Infinity": 43,
        "b:143:6:143:37:143:37:143:67": 17,
        "b:144:4:145:Infinity:undefined:undefined:undefined:undefined": 18,
        "s:144:4:145:Infinity": 44,
        "s:145:6:145:Infinity": 45,
        "b:147:13:150:Infinity:149:13:150:Infinity": 19,
        "s:147:13:150:Infinity": 46,
        "s:148:4:148:Infinity": 47,
        "b:149:13:150:Infinity:undefined:undefined:undefined:undefined": 20,
        "s:149:13:150:Infinity": 48,
        "s:150:4:150:Infinity": 49,
        "s:153:2:153:Infinity": 50,
        "b:153:9:153:54:153:58:153:89": 21,
        "f:156:16:156:37": 19,
        "s:157:2:162:Infinity": 51,
        "f:165:16:165:Infinity": 20,
        "s:169:43:173:Infinity": 52,
        "b:176:4:200:Infinity:202:4:223:Infinity:225:4:239:Infinity:241:4:279:Infinity:281:4:290:Infinity:292:4:305:Infinity:307:4:316:Infinity:318:4:332:Infinity:334:4:399:Infinity:401:4:448:Infinity:450:4:480:Infinity:482:4:548:Infinity:550:4:599:Infinity:601:4:629:Infinity:631:4:632:Infinity": 22,
        "s:175:2:632:Infinity": 53,
        "s:177:6:200:Infinity": 54,
        "f:178:15:178:20": 21,
        "s:179:27:179:92": 55,
        "f:179:45:179:51": 22,
        "s:179:61:179:92": 56,
        "s:180:30:189:Infinity": 57,
        "s:191:10:198:Infinity": 58,
        "b:194:16:195:Infinity:197:16:197:Infinity": 23,
        "f:194:34:194:39": 23,
        "s:195:18:195:Infinity": 59,
        "b:195:51:195:65:195:65:195:Infinity": 24,
        "s:203:6:223:Infinity": 60,
        "f:204:15:204:20": 24,
        "s:204:33:222:11": 61,
        "f:206:38:206:43": 25,
        "s:207:12:220:Infinity": 62,
        "b:208:16:219:Infinity:220:16:220:Infinity": 25,
        "b:210:52:210:76:210:79:210:81": 26,
        "b:212:22:212:62:213:22:213:24": 27,
        "b:215:22:215:60:216:22:216:24": 28,
        "b:217:54:217:82:217:85:217:87": 29,
        "s:226:6:239:Infinity": 63,
        "f:227:15:227:20": 26,
        "s:227:33:238:11": 64,
        "f:229:38:229:43": 27,
        "s:230:12:236:Infinity": 65,
        "b:231:16:235:Infinity:236:16:236:Infinity": 30,
        "s:242:6:279:Infinity": 66,
        "f:242:24:242:37": 28,
        "s:243:24:247:Infinity": 67,
        "s:249:44:270:Infinity": 68,
        "s:272:25:272:81": 69,
        "f:272:42:272:48": 29,
        "s:272:58:272:81": 70,
        "s:273:8:278:Infinity": 71,
        "b:276:14:276:88:277:14:277:Infinity": 31,
        "f:276:31:276:36": 30,
        "s:276:47:276:88": 72,
        "b:276:72:276:81:276:81:276:88": 32,
        "s:282:6:290:Infinity": 73,
        "f:283:15:283:20": 31,
        "s:283:33:289:11": 74,
        "s:293:6:305:Infinity": 75,
        "f:294:15:294:20": 32,
        "s:294:33:304:11": 76,
        "b:297:46:297:70:297:73:297:75": 33,
        "b:298:46:298:70:298:73:298:75": 34,
        "b:299:47:299:73:299:76:299:78": 35,
        "b:300:53:300:91:300:94:300:96": 36,
        "b:301:57:301:103:301:106:301:108": 37,
        "s:308:6:316:Infinity": 77,
        "f:309:15:309:20": 33,
        "s:309:33:315:11": 78,
        "s:319:6:332:Infinity": 79,
        "f:325:15:325:20": 34,
        "s:325:33:331:11": 80,
        "s:335:6:399:Infinity": 81,
        "f:335:24:335:37": 35,
        "s:336:24:340:Infinity": 82,
        "s:342:23:342:86": 83,
        "f:342:40:342:46": 36,
        "s:342:56:342:86": 84,
        "b:343:8:344:Infinity:undefined:undefined:undefined:undefined": 38,
        "s:343:8:344:Infinity": 85,
        "s:344:10:344:Infinity": 86,
        "s:347:46:361:Infinity": 87,
        "b:353:53:353:91:353:94:353:96": 39,
        "b:354:52:354:88:354:91:354:93": 40,
        "s:364:32:364:88": 88,
        "f:364:48:364:54": 37,
        "s:364:64:364:88": 89,
        "s:365:25:389:41": 90,
        "b:366:12:387:Infinity:389:12:389:41": 41,
        "f:366:28:366:33": 38,
        "s:367:14:387:Infinity": 91,
        "b:368:18:386:Infinity:387:18:387:Infinity": 42,
        "b:371:24:371:Infinity:372:24:374:Infinity": 43,
        "b:373:26:373:Infinity:374:26:374:Infinity": 44,
        "b:376:24:376:94:377:24:379:28": 45,
        "b:375:24:375:45:375:45:375:Infinity": 46,
        "b:376:43:376:65:376:65:376:70": 47,
        "b:378:26:378:64:379:26:379:28": 48,
        "b:384:24:384:60:385:24:385:Infinity": 49,
        "s:390:31:390:67": 92,
        "s:392:8:398:Infinity": 93,
        "s:402:6:448:Infinity": 94,
        "f:402:24:402:37": 39,
        "s:403:24:407:Infinity": 95,
        "s:409:23:409:86": 96,
        "f:409:40:409:46": 40,
        "s:409:56:409:86": 97,
        "b:410:8:411:Infinity:undefined:undefined:undefined:undefined": 50,
        "s:410:8:411:Infinity": 98,
        "s:411:10:411:Infinity": 99,
        "s:414:46:418:Infinity": 100,
        "s:421:8:447:Infinity": 101,
        "b:427:18:443:Infinity:444:18:444:Infinity": 51,
        "b:426:14:426:46:426:46:426:Infinity": 52,
        "b:432:26:432:Infinity:433:26:433:Infinity": 53,
        "b:436:27:436:Infinity:437:26:437:Infinity": 54,
        "b:436:27:436:58:436:58:436:Infinity": 55,
        "b:441:26:441:Infinity:442:26:442:Infinity": 56,
        "s:451:6:480:Infinity": 102,
        "f:451:24:451:37": 41,
        "s:452:24:456:Infinity": 103,
        "s:458:23:458:86": 104,
        "f:458:40:458:46": 42,
        "s:458:56:458:86": 105,
        "b:459:8:460:Infinity:undefined:undefined:undefined:undefined": 57,
        "s:459:8:460:Infinity": 106,
        "s:460:10:460:Infinity": 107,
        "s:463:30:471:22": 108,
        "f:464:34:464:42": 43,
        "s:464:52:464:89": 109,
        "f:467:11:467:Infinity": 44,
        "s:469:14:469:94": 110,
        "b:469:14:469:59:469:63:469:94": 58,
        "s:473:8:479:Infinity": 111,
        "s:483:6:548:Infinity": 112,
        "f:483:24:483:37": 45,
        "s:484:24:488:Infinity": 113,
        "s:490:23:490:86": 114,
        "f:490:40:490:46": 46,
        "s:490:56:490:86": 115,
        "b:491:8:492:Infinity:undefined:undefined:undefined:undefined": 59,
        "s:491:8:492:Infinity": 116,
        "s:492:10:492:Infinity": 117,
        "s:495:27:507:Infinity": 118,
        "s:515:25:515:95": 119,
        "f:515:44:515:50": 47,
        "s:515:60:515:95": 120,
        "b:516:8:517:Infinity:undefined:undefined:undefined:undefined": 60,
        "s:516:8:517:Infinity": 121,
        "b:516:12:516:24:516:24:516:57:516:57:516:90": 61,
        "s:517:10:517:Infinity": 122,
        "s:520:28:525:41": 123,
        "f:521:32:521:40": 48,
        "s:521:50:521:85": 124,
        "f:524:11:524:21": 49,
        "s:524:37:524:90": 125,
        "s:527:8:547:Infinity": 126,
        "b:536:20:536:Infinity:537:20:537:Infinity": 62,
        "b:540:21:540:Infinity:541:20:541:Infinity": 63,
        "b:540:21:540:52:540:52:540:Infinity": 64,
        "s:551:6:599:Infinity": 127,
        "f:552:15:552:20": 50,
        "s:553:25:553:88": 128,
        "f:553:42:553:48": 51,
        "s:553:58:553:88": 129,
        "b:554:10:555:Infinity:undefined:undefined:undefined:undefined": 65,
        "s:554:10:555:Infinity": 130,
        "s:555:12:555:Infinity": 131,
        "s:558:30:561:43": 132,
        "f:559:13:559:21": 52,
        "s:559:31:559:78": 133,
        "f:560:13:560:23": 53,
        "s:560:39:560:92": 134,
        "s:562:34:562:93": 135,
        "f:562:54:562:59": 54,
        "s:562:74:562:92": 136,
        "s:563:27:567:39": 137,
        "s:568:32:571:23": 138,
        "s:572:29:572:98": 139,
        "s:574:35:574:Infinity": 140,
        "b:574:35:574:53:574:57:574:Infinity": 66,
        "s:576:12:585:Infinity": 141,
        "b:577:16:577:Infinity:578:16:585:Infinity": 67,
        "s:587:10:597:Infinity": 142,
        "s:602:6:629:Infinity": 143,
        "f:608:15:608:20": 55,
        "s:609:25:609:88": 144,
        "f:609:42:609:48": 56,
        "s:609:58:609:88": 145,
        "b:610:10:611:Infinity:undefined:undefined:undefined:undefined": 68,
        "s:610:10:611:Infinity": 146,
        "s:611:12:611:Infinity": 147,
        "s:614:29:619:24": 148,
        "f:615:33:615:41": 57,
        "s:615:51:615:84": 149,
        "s:621:10:627:Infinity": 150,
        "s:632:6:632:Infinity": 151
      }
    }
  }
}
