{
  "/Users/tobias.graf/dev/own/t3code/apps/web/src/authToken.ts": {
    "path": "/Users/tobias.graf/dev/own/t3code/apps/web/src/authToken.ts",
    "statementMap": {
      "0": { "start": { "line": 1, "column": 31 }, "end": { "line": 1, "column": null } },
      "1": { "start": { "line": 4, "column": 2 }, "end": { "line": 4, "column": null } },
      "2": { "start": { "line": 4, "column": 37 }, "end": { "line": 4, "column": null } },
      "3": { "start": { "line": 5, "column": 2 }, "end": { "line": 5, "column": null } },
      "4": { "start": { "line": 9, "column": 2 }, "end": { "line": 9, "column": null } },
      "5": { "start": { "line": 9, "column": 37 }, "end": { "line": 9, "column": null } },
      "6": { "start": { "line": 10, "column": 2 }, "end": { "line": 13, "column": null } },
      "7": { "start": { "line": 11, "column": 4 }, "end": { "line": 11, "column": null } },
      "8": { "start": { "line": 13, "column": 4 }, "end": { "line": 13, "column": null } },
      "9": { "start": { "line": 21, "column": 16 }, "end": { "line": 21, "column": 30 } },
      "10": { "start": { "line": 22, "column": 2 }, "end": { "line": 22, "column": null } },
      "11": { "start": { "line": 22, "column": 14 }, "end": { "line": 22, "column": null } },
      "12": { "start": { "line": 23, "column": 20 }, "end": { "line": 23, "column": null } },
      "13": { "start": { "line": 24, "column": 2 }, "end": { "line": 24, "column": null } }
    },
    "fnMap": {
      "0": {
        "name": "getAuthToken",
        "decl": { "start": { "line": 3, "column": 16 }, "end": { "line": 3, "column": 46 } },
        "loc": { "start": { "line": 3, "column": 46 }, "end": { "line": 5, "column": null } },
        "line": 3
      },
      "1": {
        "name": "setAuthToken",
        "decl": { "start": { "line": 8, "column": 16 }, "end": { "line": 8, "column": 29 } },
        "loc": { "start": { "line": 8, "column": 57 }, "end": { "line": 13, "column": null } },
        "line": 8
      },
      "2": {
        "name": "appendAuthTokenToUrl",
        "decl": { "start": { "line": 20, "column": 16 }, "end": { "line": 20, "column": 37 } },
        "loc": { "start": { "line": 20, "column": 58 }, "end": { "line": 24, "column": null } },
        "line": 20
      }
    },
    "branchMap": {
      "0": {
        "loc": { "start": { "line": 4, "column": 2 }, "end": { "line": 4, "column": null } },
        "type": "if",
        "locations": [
          { "start": { "line": 4, "column": 2 }, "end": { "line": 4, "column": null } },
          { "start": {}, "end": {} }
        ],
        "line": 4
      },
      "1": {
        "loc": { "start": { "line": 9, "column": 2 }, "end": { "line": 9, "column": null } },
        "type": "if",
        "locations": [
          { "start": { "line": 9, "column": 2 }, "end": { "line": 9, "column": null } },
          { "start": {}, "end": {} }
        ],
        "line": 9
      },
      "2": {
        "loc": { "start": { "line": 10, "column": 2 }, "end": { "line": 13, "column": null } },
        "type": "if",
        "locations": [
          { "start": { "line": 10, "column": 2 }, "end": { "line": 13, "column": null } },
          { "start": { "line": 12, "column": 9 }, "end": { "line": 13, "column": null } }
        ],
        "line": 10
      },
      "3": {
        "loc": { "start": { "line": 22, "column": 2 }, "end": { "line": 22, "column": null } },
        "type": "if",
        "locations": [
          { "start": { "line": 22, "column": 2 }, "end": { "line": 22, "column": null } },
          { "start": {}, "end": {} }
        ],
        "line": 22
      },
      "4": {
        "loc": { "start": { "line": 23, "column": 20 }, "end": { "line": 23, "column": null } },
        "type": "cond-expr",
        "locations": [
          { "start": { "line": 23, "column": 40 }, "end": { "line": 23, "column": 46 } },
          { "start": { "line": 23, "column": 46 }, "end": { "line": 23, "column": null } }
        ],
        "line": 23
      }
    },
    "s": {
      "0": 1,
      "1": 0,
      "2": 0,
      "3": 0,
      "4": 0,
      "5": 0,
      "6": 0,
      "7": 0,
      "8": 0,
      "9": 0,
      "10": 0,
      "11": 0,
      "12": 0,
      "13": 0
    },
    "f": { "0": 0, "1": 0, "2": 0 },
    "b": { "0": [0, 0], "1": [0, 0], "2": [0, 0], "3": [0, 0], "4": [0, 0] },
    "meta": {
      "lastBranch": 5,
      "lastFunction": 3,
      "lastStatement": 14,
      "seen": {
        "s:1:31:1:Infinity": 0,
        "f:3:16:3:46": 0,
        "b:4:2:4:Infinity:undefined:undefined:undefined:undefined": 0,
        "s:4:2:4:Infinity": 1,
        "s:4:37:4:Infinity": 2,
        "s:5:2:5:Infinity": 3,
        "f:8:16:8:29": 1,
        "b:9:2:9:Infinity:undefined:undefined:undefined:undefined": 1,
        "s:9:2:9:Infinity": 4,
        "s:9:37:9:Infinity": 5,
        "b:10:2:13:Infinity:12:9:13:Infinity": 2,
        "s:10:2:13:Infinity": 6,
        "s:11:4:11:Infinity": 7,
        "s:13:4:13:Infinity": 8,
        "f:20:16:20:37": 2,
        "s:21:16:21:30": 9,
        "b:22:2:22:Infinity:undefined:undefined:undefined:undefined": 3,
        "s:22:2:22:Infinity": 10,
        "s:22:14:22:Infinity": 11,
        "s:23:20:23:Infinity": 12,
        "b:23:40:23:46:23:46:23:Infinity": 4,
        "s:24:2:24:Infinity": 13
      }
    }
  },
  "/Users/tobias.graf/dev/own/t3code/apps/web/src/contextMenuFallback.ts": {
    "path": "/Users/tobias.graf/dev/own/t3code/apps/web/src/contextMenuFallback.ts",
    "statementMap": {
      "0": { "start": { "line": 12, "column": 2 }, "end": { "line": 67, "column": null } },
      "1": { "start": { "line": 13, "column": 20 }, "end": { "line": 13, "column": 49 } },
      "2": { "start": { "line": 14, "column": 4 }, "end": { "line": 14, "column": null } },
      "3": { "start": { "line": 16, "column": 17 }, "end": { "line": 16, "column": 46 } },
      "4": { "start": { "line": 17, "column": 4 }, "end": { "line": 18, "column": null } },
      "5": { "start": { "line": 20, "column": 14 }, "end": { "line": 20, "column": null } },
      "6": { "start": { "line": 21, "column": 14 }, "end": { "line": 21, "column": null } },
      "7": { "start": { "line": 22, "column": 4 }, "end": { "line": 22, "column": null } },
      "8": { "start": { "line": 23, "column": 4 }, "end": { "line": 23, "column": null } },
      "9": { "start": { "line": 26, "column": 6 }, "end": { "line": 26, "column": null } },
      "10": { "start": { "line": 27, "column": 6 }, "end": { "line": 27, "column": null } },
      "11": { "start": { "line": 28, "column": 6 }, "end": { "line": 28, "column": null } },
      "12": { "start": { "line": 29, "column": 6 }, "end": { "line": 29, "column": null } },
      "13": { "start": { "line": 33, "column": 6 }, "end": { "line": 35, "column": null } },
      "14": { "start": { "line": 34, "column": 8 }, "end": { "line": 34, "column": null } },
      "15": { "start": { "line": 35, "column": 8 }, "end": { "line": 35, "column": null } },
      "16": { "start": { "line": 39, "column": 4 }, "end": { "line": 39, "column": null } },
      "17": { "start": { "line": 39, "column": 48 }, "end": { "line": 39, "column": 61 } },
      "18": { "start": { "line": 40, "column": 4 }, "end": { "line": 40, "column": null } },
      "19": { "start": { "line": 42, "column": 4 }, "end": { "line": 51, "column": null } },
      "20": { "start": { "line": 43, "column": 18 }, "end": { "line": 43, "column": 50 } },
      "21": { "start": { "line": 44, "column": 6 }, "end": { "line": 44, "column": null } },
      "22": { "start": { "line": 45, "column": 6 }, "end": { "line": 45, "column": null } },
      "23": { "start": { "line": 46, "column": 34 }, "end": { "line": 46, "column": null } },
      "24": { "start": { "line": 47, "column": 6 }, "end": { "line": 49, "column": null } },
      "25": { "start": { "line": 50, "column": 6 }, "end": { "line": 50, "column": null } },
      "26": { "start": { "line": 50, "column": 42 }, "end": { "line": 50, "column": 58 } },
      "27": { "start": { "line": 51, "column": 6 }, "end": { "line": 51, "column": null } },
      "28": { "start": { "line": 54, "column": 4 }, "end": { "line": 54, "column": null } },
      "29": { "start": { "line": 55, "column": 4 }, "end": { "line": 55, "column": null } },
      "30": { "start": { "line": 58, "column": 4 }, "end": { "line": 66, "column": null } },
      "31": { "start": { "line": 59, "column": 19 }, "end": { "line": 59, "column": 47 } },
      "32": { "start": { "line": 60, "column": 6 }, "end": { "line": 61, "column": null } },
      "33": { "start": { "line": 61, "column": 8 }, "end": { "line": 61, "column": null } },
      "34": { "start": { "line": 63, "column": 6 }, "end": { "line": 64, "column": null } },
      "35": { "start": { "line": 64, "column": 8 }, "end": { "line": 64, "column": null } }
    },
    "fnMap": {
      "0": {
        "name": "showContextMenuFallback",
        "decl": { "start": { "line": 8, "column": 16 }, "end": { "line": 8, "column": null } },
        "loc": { "start": { "line": 11, "column": 21 }, "end": { "line": 67, "column": null } },
        "line": 11
      },
      "1": {
        "name": "(anonymous_1)",
        "decl": { "start": { "line": 12, "column": 13 }, "end": { "line": 12, "column": 32 } },
        "loc": { "start": { "line": 12, "column": 44 }, "end": { "line": 67, "column": null } },
        "line": 12
      },
      "2": {
        "name": "cleanup",
        "decl": { "start": { "line": 25, "column": 13 }, "end": { "line": 25, "column": 21 } },
        "loc": { "start": { "line": 25, "column": 39 }, "end": { "line": 29, "column": null } },
        "line": 25
      },
      "3": {
        "name": "onKeyDown",
        "decl": { "start": { "line": 32, "column": 13 }, "end": { "line": 32, "column": 23 } },
        "loc": { "start": { "line": 32, "column": 41 }, "end": { "line": 35, "column": null } },
        "line": 32
      },
      "4": {
        "name": "(anonymous_4)",
        "decl": { "start": { "line": 39, "column": 29 }, "end": { "line": 39, "column": 48 } },
        "loc": { "start": { "line": 39, "column": 48 }, "end": { "line": 39, "column": 61 } },
        "line": 39
      },
      "5": {
        "name": "(anonymous_5)",
        "decl": { "start": { "line": 50, "column": 27 }, "end": { "line": 50, "column": 42 } },
        "loc": { "start": { "line": 50, "column": 42 }, "end": { "line": 50, "column": 58 } },
        "line": 50
      },
      "6": {
        "name": "(anonymous_6)",
        "decl": { "start": { "line": 58, "column": 4 }, "end": { "line": 58, "column": 32 } },
        "loc": { "start": { "line": 58, "column": 32 }, "end": { "line": 66, "column": null } },
        "line": 58
      }
    },
    "branchMap": {
      "0": {
        "loc": { "start": { "line": 20, "column": 14 }, "end": { "line": 20, "column": null } },
        "type": "binary-expr",
        "locations": [
          { "start": { "line": 20, "column": 14 }, "end": { "line": 20, "column": 29 } },
          { "start": { "line": 20, "column": 29 }, "end": { "line": 20, "column": null } }
        ],
        "line": 20
      },
      "1": {
        "loc": { "start": { "line": 21, "column": 14 }, "end": { "line": 21, "column": null } },
        "type": "binary-expr",
        "locations": [
          { "start": { "line": 21, "column": 14 }, "end": { "line": 21, "column": 29 } },
          { "start": { "line": 21, "column": 29 }, "end": { "line": 21, "column": null } }
        ],
        "line": 21
      },
      "2": {
        "loc": { "start": { "line": 33, "column": 6 }, "end": { "line": 35, "column": null } },
        "type": "if",
        "locations": [
          { "start": { "line": 33, "column": 6 }, "end": { "line": 35, "column": null } },
          { "start": {}, "end": {} }
        ],
        "line": 33
      },
      "3": {
        "loc": { "start": { "line": 46, "column": 34 }, "end": { "line": 46, "column": null } },
        "type": "binary-expr",
        "locations": [
          { "start": { "line": 46, "column": 34 }, "end": { "line": 46, "column": 63 } },
          { "start": { "line": 46, "column": 63 }, "end": { "line": 46, "column": null } }
        ],
        "line": 46
      },
      "4": {
        "loc": { "start": { "line": 47, "column": 22 }, "end": { "line": 49, "column": null } },
        "type": "cond-expr",
        "locations": [
          { "start": { "line": 48, "column": 10 }, "end": { "line": 48, "column": null } },
          { "start": { "line": 49, "column": 10 }, "end": { "line": 49, "column": null } }
        ],
        "line": 47
      },
      "5": {
        "loc": { "start": { "line": 60, "column": 6 }, "end": { "line": 61, "column": null } },
        "type": "if",
        "locations": [
          { "start": { "line": 60, "column": 6 }, "end": { "line": 61, "column": null } },
          { "start": {}, "end": {} }
        ],
        "line": 60
      },
      "6": {
        "loc": { "start": { "line": 63, "column": 6 }, "end": { "line": 64, "column": null } },
        "type": "if",
        "locations": [
          { "start": { "line": 63, "column": 6 }, "end": { "line": 64, "column": null } },
          { "start": {}, "end": {} }
        ],
        "line": 63
      }
    },
    "s": {
      "0": 0,
      "1": 0,
      "2": 0,
      "3": 0,
      "4": 0,
      "5": 0,
      "6": 0,
      "7": 0,
      "8": 0,
      "9": 0,
      "10": 0,
      "11": 0,
      "12": 0,
      "13": 0,
      "14": 0,
      "15": 0,
      "16": 0,
      "17": 0,
      "18": 0,
      "19": 0,
      "20": 0,
      "21": 0,
      "22": 0,
      "23": 0,
      "24": 0,
      "25": 0,
      "26": 0,
      "27": 0,
      "28": 0,
      "29": 0,
      "30": 0,
      "31": 0,
      "32": 0,
      "33": 0,
      "34": 0,
      "35": 0
    },
    "f": { "0": 0, "1": 0, "2": 0, "3": 0, "4": 0, "5": 0, "6": 0 },
    "b": {
      "0": [0, 0],
      "1": [0, 0],
      "2": [0, 0],
      "3": [0, 0],
      "4": [0, 0],
      "5": [0, 0],
      "6": [0, 0]
    },
    "meta": {
      "lastBranch": 7,
      "lastFunction": 7,
      "lastStatement": 36,
      "seen": {
        "f:8:16:8:Infinity": 0,
        "s:12:2:67:Infinity": 0,
        "f:12:13:12:32": 1,
        "s:13:20:13:49": 1,
        "s:14:4:14:Infinity": 2,
        "s:16:17:16:46": 3,
        "s:17:4:18:Infinity": 4,
        "s:20:14:20:Infinity": 5,
        "b:20:14:20:29:20:29:20:Infinity": 0,
        "s:21:14:21:Infinity": 6,
        "b:21:14:21:29:21:29:21:Infinity": 1,
        "s:22:4:22:Infinity": 7,
        "s:23:4:23:Infinity": 8,
        "f:25:13:25:21": 2,
        "s:26:6:26:Infinity": 9,
        "s:27:6:27:Infinity": 10,
        "s:28:6:28:Infinity": 11,
        "s:29:6:29:Infinity": 12,
        "f:32:13:32:23": 3,
        "b:33:6:35:Infinity:undefined:undefined:undefined:undefined": 2,
        "s:33:6:35:Infinity": 13,
        "s:34:8:34:Infinity": 14,
        "s:35:8:35:Infinity": 15,
        "s:39:4:39:Infinity": 16,
        "f:39:29:39:48": 4,
        "s:39:48:39:61": 17,
        "s:40:4:40:Infinity": 18,
        "s:42:4:51:Infinity": 19,
        "s:43:18:43:50": 20,
        "s:44:6:44:Infinity": 21,
        "s:45:6:45:Infinity": 22,
        "s:46:34:46:Infinity": 23,
        "b:46:34:46:63:46:63:46:Infinity": 3,
        "s:47:6:49:Infinity": 24,
        "b:48:10:48:Infinity:49:10:49:Infinity": 4,
        "s:50:6:50:Infinity": 25,
        "f:50:27:50:42": 5,
        "s:50:42:50:58": 26,
        "s:51:6:51:Infinity": 27,
        "s:54:4:54:Infinity": 28,
        "s:55:4:55:Infinity": 29,
        "s:58:4:66:Infinity": 30,
        "f:58:4:58:32": 6,
        "s:59:19:59:47": 31,
        "b:60:6:61:Infinity:undefined:undefined:undefined:undefined": 5,
        "s:60:6:61:Infinity": 32,
        "s:61:8:61:Infinity": 33,
        "b:63:6:64:Infinity:undefined:undefined:undefined:undefined": 6,
        "s:63:6:64:Infinity": 34,
        "s:64:8:64:Infinity": 35
      }
    }
  },
  "/Users/tobias.graf/dev/own/t3code/apps/web/src/nativeApi.ts": {
    "path": "/Users/tobias.graf/dev/own/t3code/apps/web/src/nativeApi.ts",
    "statementMap": {
      "0": { "start": { "line": 8, "column": 2 }, "end": { "line": 8, "column": null } },
      "1": { "start": { "line": 8, "column": 37 }, "end": { "line": 8, "column": null } },
      "2": { "start": { "line": 9, "column": 2 }, "end": { "line": 9, "column": null } },
      "3": { "start": { "line": 9, "column": 17 }, "end": { "line": 9, "column": null } },
      "4": { "start": { "line": 11, "column": 2 }, "end": { "line": 13, "column": null } },
      "5": { "start": { "line": 12, "column": 4 }, "end": { "line": 12, "column": null } },
      "6": { "start": { "line": 13, "column": 4 }, "end": { "line": 13, "column": null } },
      "7": { "start": { "line": 16, "column": 2 }, "end": { "line": 16, "column": null } },
      "8": { "start": { "line": 17, "column": 2 }, "end": { "line": 17, "column": null } },
      "9": { "start": { "line": 21, "column": 14 }, "end": { "line": 21, "column": 29 } },
      "10": { "start": { "line": 22, "column": 2 }, "end": { "line": 23, "column": null } },
      "11": { "start": { "line": 23, "column": 4 }, "end": { "line": 23, "column": null } },
      "12": { "start": { "line": 25, "column": 2 }, "end": { "line": 25, "column": null } }
    },
    "fnMap": {
      "0": {
        "name": "readNativeApi",
        "decl": { "start": { "line": 7, "column": 16 }, "end": { "line": 7, "column": 55 } },
        "loc": { "start": { "line": 7, "column": 55 }, "end": { "line": 17, "column": null } },
        "line": 7
      },
      "1": {
        "name": "ensureNativeApi",
        "decl": { "start": { "line": 20, "column": 16 }, "end": { "line": 20, "column": 45 } },
        "loc": { "start": { "line": 20, "column": 45 }, "end": { "line": 25, "column": null } },
        "line": 20
      }
    },
    "branchMap": {
      "0": {
        "loc": { "start": { "line": 8, "column": 2 }, "end": { "line": 8, "column": null } },
        "type": "if",
        "locations": [
          { "start": { "line": 8, "column": 2 }, "end": { "line": 8, "column": null } },
          { "start": {}, "end": {} }
        ],
        "line": 8
      },
      "1": {
        "loc": { "start": { "line": 9, "column": 2 }, "end": { "line": 9, "column": null } },
        "type": "if",
        "locations": [
          { "start": { "line": 9, "column": 2 }, "end": { "line": 9, "column": null } },
          { "start": {}, "end": {} }
        ],
        "line": 9
      },
      "2": {
        "loc": { "start": { "line": 11, "column": 2 }, "end": { "line": 13, "column": null } },
        "type": "if",
        "locations": [
          { "start": { "line": 11, "column": 2 }, "end": { "line": 13, "column": null } },
          { "start": {}, "end": {} }
        ],
        "line": 11
      },
      "3": {
        "loc": { "start": { "line": 22, "column": 2 }, "end": { "line": 23, "column": null } },
        "type": "if",
        "locations": [
          { "start": { "line": 22, "column": 2 }, "end": { "line": 23, "column": null } },
          { "start": {}, "end": {} }
        ],
        "line": 22
      }
    },
    "s": {
      "0": 0,
      "1": 0,
      "2": 0,
      "3": 0,
      "4": 0,
      "5": 0,
      "6": 0,
      "7": 0,
      "8": 0,
      "9": 0,
      "10": 0,
      "11": 0,
      "12": 0
    },
    "f": { "0": 0, "1": 0 },
    "b": { "0": [0, 0], "1": [0, 0], "2": [0, 0], "3": [0, 0] },
    "meta": {
      "lastBranch": 4,
      "lastFunction": 2,
      "lastStatement": 13,
      "seen": {
        "f:7:16:7:55": 0,
        "b:8:2:8:Infinity:undefined:undefined:undefined:undefined": 0,
        "s:8:2:8:Infinity": 0,
        "s:8:37:8:Infinity": 1,
        "b:9:2:9:Infinity:undefined:undefined:undefined:undefined": 1,
        "s:9:2:9:Infinity": 2,
        "s:9:17:9:Infinity": 3,
        "b:11:2:13:Infinity:undefined:undefined:undefined:undefined": 2,
        "s:11:2:13:Infinity": 4,
        "s:12:4:12:Infinity": 5,
        "s:13:4:13:Infinity": 6,
        "s:16:2:16:Infinity": 7,
        "s:17:2:17:Infinity": 8,
        "f:20:16:20:45": 1,
        "s:21:14:21:29": 9,
        "b:22:2:23:Infinity:undefined:undefined:undefined:undefined": 3,
        "s:22:2:23:Infinity": 10,
        "s:23:4:23:Infinity": 11,
        "s:25:2:25:Infinity": 12
      }
    }
  },
  "/Users/tobias.graf/dev/own/t3code/apps/web/src/wsNativeApi.ts": {
    "path": "/Users/tobias.graf/dev/own/t3code/apps/web/src/wsNativeApi.ts",
    "statementMap": {
      "0": { "start": { "line": 15, "column": 66 }, "end": { "line": 15, "column": null } },
      "1": { "start": { "line": 16, "column": 25 }, "end": { "line": 16, "column": 71 } },
      "2": { "start": { "line": 17, "column": 37 }, "end": { "line": 17, "column": 93 } },
      "3": { "start": { "line": 25, "column": 2 }, "end": { "line": 25, "column": null } },
      "4": { "start": { "line": 27, "column": 24 }, "end": { "line": 27, "column": null } },
      "5": { "start": { "line": 28, "column": 2 }, "end": { "line": 31, "column": null } },
      "6": { "start": { "line": 29, "column": 4 }, "end": { "line": 31, "column": null } },
      "7": { "start": { "line": 30, "column": 6 }, "end": { "line": 30, "column": null } },
      "8": { "start": { "line": 36, "column": 2 }, "end": { "line": 37, "column": null } },
      "9": { "start": { "line": 37, "column": 4 }, "end": { "line": 37, "column": null } },
      "10": { "start": { "line": 48, "column": 2 }, "end": { "line": 48, "column": null } },
      "11": { "start": { "line": 51, "column": 4 }, "end": { "line": 51, "column": null } },
      "12": { "start": { "line": 52, "column": 2 }, "end": { "line": 55, "column": null } },
      "13": { "start": { "line": 53, "column": 4 }, "end": { "line": 55, "column": null } },
      "14": { "start": { "line": 54, "column": 6 }, "end": { "line": 54, "column": null } },
      "15": { "start": { "line": 60, "column": 2 }, "end": { "line": 61, "column": null } },
      "16": { "start": { "line": 61, "column": 4 }, "end": { "line": 61, "column": null } },
      "17": { "start": { "line": 66, "column": 2 }, "end": { "line": 66, "column": null } },
      "18": { "start": { "line": 66, "column": 16 }, "end": { "line": 66, "column": null } },
      "19": { "start": { "line": 68, "column": 20 }, "end": { "line": 68, "column": 37 } },
      "20": { "start": { "line": 70, "column": 2 }, "end": { "line": 79, "column": null } },
      "21": { "start": { "line": 71, "column": 20 }, "end": { "line": 71, "column": null } },
      "22": { "start": { "line": 72, "column": 4 }, "end": { "line": 75, "column": null } },
      "23": { "start": { "line": 73, "column": 6 }, "end": { "line": 75, "column": null } },
      "24": { "start": { "line": 74, "column": 8 }, "end": { "line": 74, "column": null } },
      "25": { "start": { "line": 80, "column": 2 }, "end": { "line": 89, "column": null } },
      "26": { "start": { "line": 81, "column": 20 }, "end": { "line": 81, "column": null } },
      "27": { "start": { "line": 82, "column": 4 }, "end": { "line": 85, "column": null } },
      "28": { "start": { "line": 83, "column": 6 }, "end": { "line": 85, "column": null } },
      "29": { "start": { "line": 84, "column": 8 }, "end": { "line": 84, "column": null } },
      "30": { "start": { "line": 91, "column": 25 }, "end": { "line": 195, "column": null } },
      "31": { "start": { "line": 94, "column": 8 }, "end": { "line": 94, "column": null } },
      "32": { "start": { "line": 94, "column": 35 }, "end": { "line": 94, "column": null } },
      "33": { "start": { "line": 95, "column": 8 }, "end": { "line": 95, "column": null } },
      "34": { "start": { "line": 98, "column": 8 }, "end": { "line": 99, "column": null } },
      "35": { "start": { "line": 99, "column": 10 }, "end": { "line": 99, "column": null } },
      "36": { "start": { "line": 101, "column": 8 }, "end": { "line": 101, "column": null } },
      "37": { "start": { "line": 105, "column": 23 }, "end": { "line": 105, "column": 72 } },
      "38": { "start": { "line": 106, "column": 24 }, "end": { "line": 106, "column": 74 } },
      "39": { "start": { "line": 107, "column": 25 }, "end": { "line": 107, "column": 76 } },
      "40": { "start": { "line": 108, "column": 24 }, "end": { "line": 108, "column": 74 } },
      "41": { "start": { "line": 109, "column": 26 }, "end": { "line": 109, "column": 78 } },
      "42": { "start": { "line": 110, "column": 24 }, "end": { "line": 110, "column": 74 } },
      "43": { "start": { "line": 112, "column": 8 }, "end": { "line": 112, "column": null } },
      "44": { "start": { "line": 112, "column": 68 }, "end": { "line": 112, "column": 90 } },
      "45": { "start": { "line": 115, "column": 32 }, "end": { "line": 115, "column": 90 } },
      "46": { "start": { "line": 116, "column": 28 }, "end": { "line": 116, "column": null } },
      "47": { "start": { "line": 120, "column": 8 }, "end": { "line": 120, "column": 72 } },
      "48": { "start": { "line": 121, "column": 29 }, "end": { "line": 121, "column": 81 } },
      "49": { "start": { "line": 123, "column": 8 }, "end": { "line": 128, "column": null } },
      "50": { "start": { "line": 124, "column": 25 }, "end": { "line": 124, "column": 69 } },
      "51": { "start": { "line": 125, "column": 10 }, "end": { "line": 126, "column": null } },
      "52": { "start": { "line": 126, "column": 12 }, "end": { "line": 126, "column": null } },
      "53": { "start": { "line": 128, "column": 10 }, "end": { "line": 128, "column": null } },
      "54": { "start": { "line": 133, "column": 8 }, "end": { "line": 133, "column": null } },
      "55": { "start": { "line": 137, "column": 28 }, "end": { "line": 137, "column": 78 } },
      "56": { "start": { "line": 138, "column": 30 }, "end": { "line": 138, "column": 82 } },
      "57": { "start": { "line": 139, "column": 28 }, "end": { "line": 139, "column": 78 } },
      "58": { "start": { "line": 140, "column": 29 }, "end": { "line": 140, "column": 80 } },
      "59": { "start": { "line": 141, "column": 29 }, "end": { "line": 141, "column": 80 } },
      "60": { "start": { "line": 143, "column": 8 }, "end": { "line": 143, "column": 70 } },
      "61": { "start": { "line": 145, "column": 8 }, "end": { "line": 145, "column": 72 } },
      "62": { "start": { "line": 147, "column": 8 }, "end": { "line": 147, "column": null } },
      "63": { "start": { "line": 150, "column": 23 }, "end": { "line": 150, "column": 67 } },
      "64": { "start": { "line": 151, "column": 25 }, "end": { "line": 151, "column": 71 } },
      "65": { "start": { "line": 152, "column": 35 }, "end": { "line": 152, "column": 91 } },
      "66": { "start": { "line": 153, "column": 31 }, "end": { "line": 153, "column": 83 } },
      "67": { "start": { "line": 154, "column": 33 }, "end": { "line": 154, "column": 87 } },
      "68": { "start": { "line": 155, "column": 33 }, "end": { "line": 155, "column": 87 } },
      "69": { "start": { "line": 156, "column": 31 }, "end": { "line": 156, "column": 83 } },
      "70": { "start": { "line": 157, "column": 27 }, "end": { "line": 157, "column": 75 } },
      "71": { "start": { "line": 158, "column": 23 }, "end": { "line": 158, "column": 67 } },
      "72": { "start": { "line": 159, "column": 33 }, "end": { "line": 159, "column": 87 } },
      "73": { "start": { "line": 160, "column": 37 }, "end": { "line": 160, "column": 95 } },
      "74": { "start": { "line": 162, "column": 8 }, "end": { "line": 162, "column": 72 } },
      "75": { "start": { "line": 163, "column": 29 }, "end": { "line": 163, "column": 79 } },
      "76": { "start": { "line": 164, "column": 30 }, "end": { "line": 164, "column": null } },
      "77": { "start": { "line": 171, "column": 8 }, "end": { "line": 172, "column": null } },
      "78": { "start": { "line": 172, "column": 10 }, "end": { "line": 172, "column": null } },
      "79": { "start": { "line": 174, "column": 8 }, "end": { "line": 174, "column": null } },
      "80": { "start": { "line": 178, "column": 23 }, "end": { "line": 178, "column": 68 } },
      "81": { "start": { "line": 179, "column": 35 }, "end": { "line": 179, "column": null } },
      "82": { "start": { "line": 182, "column": 25 }, "end": { "line": 182, "column": 80 } },
      "83": { "start": { "line": 184, "column": 8 }, "end": { "line": 184, "column": 80 } },
      "84": { "start": { "line": 185, "column": 30 }, "end": { "line": 185, "column": 92 } },
      "85": { "start": { "line": 187, "column": 8 }, "end": { "line": 187, "column": 76 } },
      "86": { "start": { "line": 189, "column": 8 }, "end": { "line": 189, "column": 91 } },
      "87": { "start": { "line": 191, "column": 8 }, "end": { "line": 192, "column": null } },
      "88": { "start": { "line": 192, "column": 10 }, "end": { "line": 192, "column": 32 } },
      "89": { "start": { "line": 197, "column": 2 }, "end": { "line": 197, "column": null } },
      "90": { "start": { "line": 198, "column": 2 }, "end": { "line": 198, "column": null } }
    },
    "fnMap": {
      "0": {
        "name": "onServerWelcome",
        "decl": { "start": { "line": 24, "column": 16 }, "end": { "line": 24, "column": 32 } },
        "loc": { "start": { "line": 24, "column": 91 }, "end": { "line": 37, "column": null } },
        "line": 24
      },
      "1": {
        "name": "(anonymous_1)",
        "decl": { "start": { "line": 36, "column": 2 }, "end": { "line": 36, "column": 15 } },
        "loc": { "start": { "line": 36, "column": 15 }, "end": { "line": 37, "column": null } },
        "line": 36
      },
      "2": {
        "name": "onServerConfigUpdated",
        "decl": { "start": { "line": 45, "column": 16 }, "end": { "line": 45, "column": null } },
        "loc": { "start": { "line": 47, "column": 14 }, "end": { "line": 61, "column": null } },
        "line": 47
      },
      "3": {
        "name": "(anonymous_3)",
        "decl": { "start": { "line": 60, "column": 2 }, "end": { "line": 60, "column": 15 } },
        "loc": { "start": { "line": 60, "column": 15 }, "end": { "line": 61, "column": null } },
        "line": 60
      },
      "4": {
        "name": "createWsNativeApi",
        "decl": { "start": { "line": 65, "column": 16 }, "end": { "line": 65, "column": 47 } },
        "loc": { "start": { "line": 65, "column": 47 }, "end": { "line": 198, "column": null } },
        "line": 65
      },
      "5": {
        "name": "(anonymous_5)",
        "decl": { "start": { "line": 70, "column": 34 }, "end": { "line": 70, "column": 50 } },
        "loc": { "start": { "line": 70, "column": 62 }, "end": { "line": 79, "column": null } },
        "line": 70
      },
      "6": {
        "name": "(anonymous_6)",
        "decl": { "start": { "line": 80, "column": 34 }, "end": { "line": 80, "column": 56 } },
        "loc": { "start": { "line": 80, "column": 68 }, "end": { "line": 89, "column": null } },
        "line": 80
      },
      "7": {
        "name": "(anonymous_7)",
        "decl": { "start": { "line": 93, "column": 18 }, "end": { "line": 93, "column": 30 } },
        "loc": { "start": { "line": 93, "column": 30 }, "end": { "line": 95, "column": null } },
        "line": 93
      },
      "8": {
        "name": "(anonymous_8)",
        "decl": { "start": { "line": 97, "column": 15 }, "end": { "line": 97, "column": 22 } },
        "loc": { "start": { "line": 97, "column": 34 }, "end": { "line": 101, "column": null } },
        "line": 97
      },
      "9": {
        "name": "(anonymous_9)",
        "decl": { "start": { "line": 105, "column": 6 }, "end": { "line": 105, "column": 13 } },
        "loc": { "start": { "line": 105, "column": 23 }, "end": { "line": 105, "column": 72 } },
        "line": 105
      },
      "10": {
        "name": "(anonymous_10)",
        "decl": { "start": { "line": 106, "column": 6 }, "end": { "line": 106, "column": 14 } },
        "loc": { "start": { "line": 106, "column": 24 }, "end": { "line": 106, "column": 74 } },
        "line": 106
      },
      "11": {
        "name": "(anonymous_11)",
        "decl": { "start": { "line": 107, "column": 6 }, "end": { "line": 107, "column": 15 } },
        "loc": { "start": { "line": 107, "column": 25 }, "end": { "line": 107, "column": 76 } },
        "line": 107
      },
      "12": {
        "name": "(anonymous_12)",
        "decl": { "start": { "line": 108, "column": 6 }, "end": { "line": 108, "column": 14 } },
        "loc": { "start": { "line": 108, "column": 24 }, "end": { "line": 108, "column": 74 } },
        "line": 108
      },
      "13": {
        "name": "(anonymous_13)",
        "decl": { "start": { "line": 109, "column": 6 }, "end": { "line": 109, "column": 16 } },
        "loc": { "start": { "line": 109, "column": 26 }, "end": { "line": 109, "column": 78 } },
        "line": 109
      },
      "14": {
        "name": "(anonymous_14)",
        "decl": { "start": { "line": 110, "column": 6 }, "end": { "line": 110, "column": 14 } },
        "loc": { "start": { "line": 110, "column": 24 }, "end": { "line": 110, "column": 74 } },
        "line": 110
      },
      "15": {
        "name": "(anonymous_15)",
        "decl": { "start": { "line": 111, "column": 6 }, "end": { "line": 111, "column": 16 } },
        "loc": { "start": { "line": 112, "column": 8 }, "end": { "line": 112, "column": null } },
        "line": 112
      },
      "16": {
        "name": "(anonymous_16)",
        "decl": { "start": { "line": 112, "column": 40 }, "end": { "line": 112, "column": 56 } },
        "loc": { "start": { "line": 112, "column": 68 }, "end": { "line": 112, "column": 90 } },
        "line": 112
      },
      "17": {
        "name": "(anonymous_17)",
        "decl": { "start": { "line": 115, "column": 6 }, "end": { "line": 115, "column": 22 } },
        "loc": { "start": { "line": 115, "column": 32 }, "end": { "line": 115, "column": 90 } },
        "line": 115
      },
      "18": {
        "name": "(anonymous_18)",
        "decl": { "start": { "line": 116, "column": 6 }, "end": { "line": 116, "column": 18 } },
        "loc": { "start": { "line": 116, "column": 28 }, "end": { "line": 116, "column": null } },
        "line": 116
      },
      "19": {
        "name": "(anonymous_19)",
        "decl": { "start": { "line": 119, "column": 6 }, "end": { "line": 119, "column": 21 } },
        "loc": { "start": { "line": 120, "column": 8 }, "end": { "line": 120, "column": 72 } },
        "line": 120
      },
      "20": {
        "name": "(anonymous_20)",
        "decl": { "start": { "line": 121, "column": 6 }, "end": { "line": 121, "column": 19 } },
        "loc": { "start": { "line": 121, "column": 29 }, "end": { "line": 121, "column": 81 } },
        "line": 121
      },
      "21": {
        "name": "(anonymous_21)",
        "decl": { "start": { "line": 122, "column": 20 }, "end": { "line": 122, "column": 27 } },
        "loc": { "start": { "line": 122, "column": 35 }, "end": { "line": 133, "column": null } },
        "line": 122
      },
      "22": {
        "name": "(anonymous_22)",
        "decl": { "start": { "line": 137, "column": 6 }, "end": { "line": 137, "column": 18 } },
        "loc": { "start": { "line": 137, "column": 28 }, "end": { "line": 137, "column": 78 } },
        "line": 137
      },
      "23": {
        "name": "(anonymous_23)",
        "decl": { "start": { "line": 138, "column": 6 }, "end": { "line": 138, "column": 20 } },
        "loc": { "start": { "line": 138, "column": 30 }, "end": { "line": 138, "column": 82 } },
        "line": 138
      },
      "24": {
        "name": "(anonymous_24)",
        "decl": { "start": { "line": 139, "column": 6 }, "end": { "line": 139, "column": 18 } },
        "loc": { "start": { "line": 139, "column": 28 }, "end": { "line": 139, "column": 78 } },
        "line": 139
      },
      "25": {
        "name": "(anonymous_25)",
        "decl": { "start": { "line": 140, "column": 6 }, "end": { "line": 140, "column": 19 } },
        "loc": { "start": { "line": 140, "column": 29 }, "end": { "line": 140, "column": 80 } },
        "line": 140
      },
      "26": {
        "name": "(anonymous_26)",
        "decl": { "start": { "line": 141, "column": 6 }, "end": { "line": 141, "column": 19 } },
        "loc": { "start": { "line": 141, "column": 29 }, "end": { "line": 141, "column": 80 } },
        "line": 141
      },
      "27": {
        "name": "(anonymous_27)",
        "decl": { "start": { "line": 142, "column": 6 }, "end": { "line": 142, "column": 30 } },
        "loc": { "start": { "line": 143, "column": 8 }, "end": { "line": 143, "column": 70 } },
        "line": 143
      },
      "28": {
        "name": "(anonymous_28)",
        "decl": { "start": { "line": 144, "column": 6 }, "end": { "line": 144, "column": 32 } },
        "loc": { "start": { "line": 145, "column": 8 }, "end": { "line": 145, "column": 72 } },
        "line": 145
      },
      "29": {
        "name": "(anonymous_29)",
        "decl": { "start": { "line": 146, "column": 6 }, "end": { "line": 146, "column": 34 } },
        "loc": { "start": { "line": 147, "column": 8 }, "end": { "line": 147, "column": null } },
        "line": 147
      },
      "30": {
        "name": "(anonymous_30)",
        "decl": { "start": { "line": 150, "column": 6 }, "end": { "line": 150, "column": 13 } },
        "loc": { "start": { "line": 150, "column": 23 }, "end": { "line": 150, "column": 67 } },
        "line": 150
      },
      "31": {
        "name": "(anonymous_31)",
        "decl": { "start": { "line": 151, "column": 6 }, "end": { "line": 151, "column": 15 } },
        "loc": { "start": { "line": 151, "column": 25 }, "end": { "line": 151, "column": 71 } },
        "line": 151
      },
      "32": {
        "name": "(anonymous_32)",
        "decl": { "start": { "line": 152, "column": 6 }, "end": { "line": 152, "column": 25 } },
        "loc": { "start": { "line": 152, "column": 35 }, "end": { "line": 152, "column": 91 } },
        "line": 152
      },
      "33": {
        "name": "(anonymous_33)",
        "decl": { "start": { "line": 153, "column": 6 }, "end": { "line": 153, "column": 21 } },
        "loc": { "start": { "line": 153, "column": 31 }, "end": { "line": 153, "column": 83 } },
        "line": 153
      },
      "34": {
        "name": "(anonymous_34)",
        "decl": { "start": { "line": 154, "column": 6 }, "end": { "line": 154, "column": 23 } },
        "loc": { "start": { "line": 154, "column": 33 }, "end": { "line": 154, "column": 87 } },
        "line": 154
      },
      "35": {
        "name": "(anonymous_35)",
        "decl": { "start": { "line": 155, "column": 6 }, "end": { "line": 155, "column": 23 } },
        "loc": { "start": { "line": 155, "column": 33 }, "end": { "line": 155, "column": 87 } },
        "line": 155
      },
      "36": {
        "name": "(anonymous_36)",
        "decl": { "start": { "line": 156, "column": 6 }, "end": { "line": 156, "column": 21 } },
        "loc": { "start": { "line": 156, "column": 31 }, "end": { "line": 156, "column": 83 } },
        "line": 156
      },
      "37": {
        "name": "(anonymous_37)",
        "decl": { "start": { "line": 157, "column": 6 }, "end": { "line": 157, "column": 17 } },
        "loc": { "start": { "line": 157, "column": 27 }, "end": { "line": 157, "column": 75 } },
        "line": 157
      },
      "38": {
        "name": "(anonymous_38)",
        "decl": { "start": { "line": 158, "column": 6 }, "end": { "line": 158, "column": 13 } },
        "loc": { "start": { "line": 158, "column": 23 }, "end": { "line": 158, "column": 67 } },
        "line": 158
      },
      "39": {
        "name": "(anonymous_39)",
        "decl": { "start": { "line": 159, "column": 6 }, "end": { "line": 159, "column": 23 } },
        "loc": { "start": { "line": 159, "column": 33 }, "end": { "line": 159, "column": 87 } },
        "line": 159
      },
      "40": {
        "name": "(anonymous_40)",
        "decl": { "start": { "line": 160, "column": 6 }, "end": { "line": 160, "column": 27 } },
        "loc": { "start": { "line": 160, "column": 37 }, "end": { "line": 160, "column": 95 } },
        "line": 160
      },
      "41": {
        "name": "(anonymous_41)",
        "decl": { "start": { "line": 161, "column": 6 }, "end": { "line": 161, "column": 33 } },
        "loc": { "start": { "line": 162, "column": 8 }, "end": { "line": 162, "column": 72 } },
        "line": 162
      },
      "42": {
        "name": "(anonymous_42)",
        "decl": { "start": { "line": 163, "column": 6 }, "end": { "line": 163, "column": 19 } },
        "loc": { "start": { "line": 163, "column": 29 }, "end": { "line": 163, "column": 79 } },
        "line": 163
      },
      "43": {
        "name": "(anonymous_43)",
        "decl": { "start": { "line": 164, "column": 6 }, "end": { "line": 164, "column": 20 } },
        "loc": { "start": { "line": 164, "column": 30 }, "end": { "line": 164, "column": null } },
        "line": 164
      },
      "44": {
        "name": "(anonymous_44)",
        "decl": { "start": { "line": 167, "column": 12 }, "end": { "line": 167, "column": null } },
        "loc": { "start": { "line": 170, "column": 30 }, "end": { "line": 176, "column": null } },
        "line": 170
      },
      "45": {
        "name": "(anonymous_45)",
        "decl": { "start": { "line": 178, "column": 6 }, "end": { "line": 178, "column": 23 } },
        "loc": { "start": { "line": 178, "column": 23 }, "end": { "line": 178, "column": 68 } },
        "line": 178
      },
      "46": {
        "name": "(anonymous_46)",
        "decl": { "start": { "line": 179, "column": 6 }, "end": { "line": 179, "column": 25 } },
        "loc": { "start": { "line": 179, "column": 35 }, "end": { "line": 179, "column": null } },
        "line": 179
      },
      "47": {
        "name": "(anonymous_47)",
        "decl": { "start": { "line": 182, "column": 6 }, "end": { "line": 182, "column": 25 } },
        "loc": { "start": { "line": 182, "column": 25 }, "end": { "line": 182, "column": 80 } },
        "line": 182
      },
      "48": {
        "name": "(anonymous_48)",
        "decl": { "start": { "line": 183, "column": 6 }, "end": { "line": 183, "column": 24 } },
        "loc": { "start": { "line": 184, "column": 8 }, "end": { "line": 184, "column": 80 } },
        "line": 184
      },
      "49": {
        "name": "(anonymous_49)",
        "decl": { "start": { "line": 185, "column": 6 }, "end": { "line": 185, "column": 20 } },
        "loc": { "start": { "line": 185, "column": 30 }, "end": { "line": 185, "column": 92 } },
        "line": 185
      },
      "50": {
        "name": "(anonymous_50)",
        "decl": { "start": { "line": 186, "column": 6 }, "end": { "line": 186, "column": 26 } },
        "loc": { "start": { "line": 187, "column": 8 }, "end": { "line": 187, "column": 76 } },
        "line": 187
      },
      "51": {
        "name": "(anonymous_51)",
        "decl": { "start": { "line": 188, "column": 6 }, "end": { "line": 188, "column": 21 } },
        "loc": { "start": { "line": 189, "column": 8 }, "end": { "line": 189, "column": 91 } },
        "line": 189
      },
      "52": {
        "name": "(anonymous_52)",
        "decl": { "start": { "line": 190, "column": 6 }, "end": { "line": 190, "column": 22 } },
        "loc": { "start": { "line": 191, "column": 8 }, "end": { "line": 192, "column": null } },
        "line": 191
      },
      "53": {
        "name": "(anonymous_53)",
        "decl": { "start": { "line": 191, "column": 54 }, "end": { "line": 191, "column": 68 } },
        "loc": { "start": { "line": 192, "column": 10 }, "end": { "line": 192, "column": 32 } },
        "line": 192
      }
    },
    "branchMap": {
      "0": {
        "loc": { "start": { "line": 27, "column": 24 }, "end": { "line": 27, "column": null } },
        "type": "binary-expr",
        "locations": [
          { "start": { "line": 27, "column": 24 }, "end": { "line": 27, "column": 94 } },
          { "start": { "line": 27, "column": 94 }, "end": { "line": 27, "column": null } }
        ],
        "line": 27
      },
      "1": {
        "loc": { "start": { "line": 28, "column": 2 }, "end": { "line": 31, "column": null } },
        "type": "if",
        "locations": [
          { "start": { "line": 28, "column": 2 }, "end": { "line": 31, "column": null } },
          { "start": {}, "end": {} }
        ],
        "line": 28
      },
      "2": {
        "loc": { "start": { "line": 51, "column": 4 }, "end": { "line": 51, "column": null } },
        "type": "binary-expr",
        "locations": [
          { "start": { "line": 51, "column": 4 }, "end": { "line": 51, "column": 80 } },
          { "start": { "line": 51, "column": 80 }, "end": { "line": 51, "column": null } }
        ],
        "line": 51
      },
      "3": {
        "loc": { "start": { "line": 52, "column": 2 }, "end": { "line": 55, "column": null } },
        "type": "if",
        "locations": [
          { "start": { "line": 52, "column": 2 }, "end": { "line": 55, "column": null } },
          { "start": {}, "end": {} }
        ],
        "line": 52
      },
      "4": {
        "loc": { "start": { "line": 66, "column": 2 }, "end": { "line": 66, "column": null } },
        "type": "if",
        "locations": [
          { "start": { "line": 66, "column": 2 }, "end": { "line": 66, "column": null } },
          { "start": {}, "end": {} }
        ],
        "line": 66
      },
      "5": {
        "loc": { "start": { "line": 94, "column": 8 }, "end": { "line": 94, "column": null } },
        "type": "if",
        "locations": [
          { "start": { "line": 94, "column": 8 }, "end": { "line": 94, "column": null } },
          { "start": {}, "end": {} }
        ],
        "line": 94
      },
      "6": {
        "loc": { "start": { "line": 98, "column": 8 }, "end": { "line": 99, "column": null } },
        "type": "if",
        "locations": [
          { "start": { "line": 98, "column": 8 }, "end": { "line": 99, "column": null } },
          { "start": {}, "end": {} }
        ],
        "line": 98
      },
      "7": {
        "loc": { "start": { "line": 123, "column": 8 }, "end": { "line": 128, "column": null } },
        "type": "if",
        "locations": [
          { "start": { "line": 123, "column": 8 }, "end": { "line": 128, "column": null } },
          { "start": {}, "end": {} }
        ],
        "line": 123
      },
      "8": {
        "loc": { "start": { "line": 125, "column": 10 }, "end": { "line": 126, "column": null } },
        "type": "if",
        "locations": [
          { "start": { "line": 125, "column": 10 }, "end": { "line": 126, "column": null } },
          { "start": {}, "end": {} }
        ],
        "line": 125
      },
      "9": {
        "loc": { "start": { "line": 171, "column": 8 }, "end": { "line": 172, "column": null } },
        "type": "if",
        "locations": [
          { "start": { "line": 171, "column": 8 }, "end": { "line": 172, "column": null } },
          { "start": {}, "end": {} }
        ],
        "line": 171
      }
    },
    "s": {
      "0": 1,
      "1": 1,
      "2": 1,
      "3": 0,
      "4": 0,
      "5": 0,
      "6": 0,
      "7": 0,
      "8": 0,
      "9": 0,
      "10": 0,
      "11": 0,
      "12": 0,
      "13": 0,
      "14": 0,
      "15": 0,
      "16": 0,
      "17": 0,
      "18": 0,
      "19": 0,
      "20": 0,
      "21": 0,
      "22": 0,
      "23": 0,
      "24": 0,
      "25": 0,
      "26": 0,
      "27": 0,
      "28": 0,
      "29": 0,
      "30": 0,
      "31": 0,
      "32": 0,
      "33": 0,
      "34": 0,
      "35": 0,
      "36": 0,
      "37": 0,
      "38": 0,
      "39": 0,
      "40": 0,
      "41": 0,
      "42": 0,
      "43": 0,
      "44": 0,
      "45": 0,
      "46": 0,
      "47": 0,
      "48": 0,
      "49": 0,
      "50": 0,
      "51": 0,
      "52": 0,
      "53": 0,
      "54": 0,
      "55": 0,
      "56": 0,
      "57": 0,
      "58": 0,
      "59": 0,
      "60": 0,
      "61": 0,
      "62": 0,
      "63": 0,
      "64": 0,
      "65": 0,
      "66": 0,
      "67": 0,
      "68": 0,
      "69": 0,
      "70": 0,
      "71": 0,
      "72": 0,
      "73": 0,
      "74": 0,
      "75": 0,
      "76": 0,
      "77": 0,
      "78": 0,
      "79": 0,
      "80": 0,
      "81": 0,
      "82": 0,
      "83": 0,
      "84": 0,
      "85": 0,
      "86": 0,
      "87": 0,
      "88": 0,
      "89": 0,
      "90": 0
    },
    "f": {
      "0": 0,
      "1": 0,
      "2": 0,
      "3": 0,
      "4": 0,
      "5": 0,
      "6": 0,
      "7": 0,
      "8": 0,
      "9": 0,
      "10": 0,
      "11": 0,
      "12": 0,
      "13": 0,
      "14": 0,
      "15": 0,
      "16": 0,
      "17": 0,
      "18": 0,
      "19": 0,
      "20": 0,
      "21": 0,
      "22": 0,
      "23": 0,
      "24": 0,
      "25": 0,
      "26": 0,
      "27": 0,
      "28": 0,
      "29": 0,
      "30": 0,
      "31": 0,
      "32": 0,
      "33": 0,
      "34": 0,
      "35": 0,
      "36": 0,
      "37": 0,
      "38": 0,
      "39": 0,
      "40": 0,
      "41": 0,
      "42": 0,
      "43": 0,
      "44": 0,
      "45": 0,
      "46": 0,
      "47": 0,
      "48": 0,
      "49": 0,
      "50": 0,
      "51": 0,
      "52": 0,
      "53": 0
    },
    "b": {
      "0": [0, 0],
      "1": [0, 0],
      "2": [0, 0],
      "3": [0, 0],
      "4": [0, 0],
      "5": [0, 0],
      "6": [0, 0],
      "7": [0, 0],
      "8": [0, 0],
      "9": [0, 0]
    },
    "meta": {
      "lastBranch": 10,
      "lastFunction": 54,
      "lastStatement": 91,
      "seen": {
        "s:15:66:15:Infinity": 0,
        "s:16:25:16:71": 1,
        "s:17:37:17:93": 2,
        "f:24:16:24:32": 0,
        "s:25:2:25:Infinity": 3,
        "s:27:24:27:Infinity": 4,
        "b:27:24:27:94:27:94:27:Infinity": 0,
        "b:28:2:31:Infinity:undefined:undefined:undefined:undefined": 1,
        "s:28:2:31:Infinity": 5,
        "s:29:4:31:Infinity": 6,
        "s:30:6:30:Infinity": 7,
        "s:36:2:37:Infinity": 8,
        "f:36:2:36:15": 1,
        "s:37:4:37:Infinity": 9,
        "f:45:16:45:Infinity": 2,
        "s:48:2:48:Infinity": 10,
        "s:51:4:51:Infinity": 11,
        "b:51:4:51:80:51:80:51:Infinity": 2,
        "b:52:2:55:Infinity:undefined:undefined:undefined:undefined": 3,
        "s:52:2:55:Infinity": 12,
        "s:53:4:55:Infinity": 13,
        "s:54:6:54:Infinity": 14,
        "s:60:2:61:Infinity": 15,
        "f:60:2:60:15": 3,
        "s:61:4:61:Infinity": 16,
        "f:65:16:65:47": 4,
        "b:66:2:66:Infinity:undefined:undefined:undefined:undefined": 4,
        "s:66:2:66:Infinity": 17,
        "s:66:16:66:Infinity": 18,
        "s:68:20:68:37": 19,
        "s:70:2:79:Infinity": 20,
        "f:70:34:70:50": 5,
        "s:71:20:71:Infinity": 21,
        "s:72:4:75:Infinity": 22,
        "s:73:6:75:Infinity": 23,
        "s:74:8:74:Infinity": 24,
        "s:80:2:89:Infinity": 25,
        "f:80:34:80:56": 6,
        "s:81:20:81:Infinity": 26,
        "s:82:4:85:Infinity": 27,
        "s:83:6:85:Infinity": 28,
        "s:84:8:84:Infinity": 29,
        "s:91:25:195:Infinity": 30,
        "f:93:18:93:30": 7,
        "b:94:8:94:Infinity:undefined:undefined:undefined:undefined": 5,
        "s:94:8:94:Infinity": 31,
        "s:94:35:94:Infinity": 32,
        "s:95:8:95:Infinity": 33,
        "f:97:15:97:22": 8,
        "b:98:8:99:Infinity:undefined:undefined:undefined:undefined": 6,
        "s:98:8:99:Infinity": 34,
        "s:99:10:99:Infinity": 35,
        "s:101:8:101:Infinity": 36,
        "f:105:6:105:13": 9,
        "s:105:23:105:72": 37,
        "f:106:6:106:14": 10,
        "s:106:24:106:74": 38,
        "f:107:6:107:15": 11,
        "s:107:25:107:76": 39,
        "f:108:6:108:14": 12,
        "s:108:24:108:74": 40,
        "f:109:6:109:16": 13,
        "s:109:26:109:78": 41,
        "f:110:6:110:14": 14,
        "s:110:24:110:74": 42,
        "f:111:6:111:16": 15,
        "s:112:8:112:Infinity": 43,
        "f:112:40:112:56": 16,
        "s:112:68:112:90": 44,
        "f:115:6:115:22": 17,
        "s:115:32:115:90": 45,
        "f:116:6:116:18": 18,
        "s:116:28:116:Infinity": 46,
        "f:119:6:119:21": 19,
        "s:120:8:120:72": 47,
        "f:121:6:121:19": 20,
        "s:121:29:121:81": 48,
        "f:122:20:122:27": 21,
        "b:123:8:128:Infinity:undefined:undefined:undefined:undefined": 7,
        "s:123:8:128:Infinity": 49,
        "s:124:25:124:69": 50,
        "b:125:10:126:Infinity:undefined:undefined:undefined:undefined": 8,
        "s:125:10:126:Infinity": 51,
        "s:126:12:126:Infinity": 52,
        "s:128:10:128:Infinity": 53,
        "s:133:8:133:Infinity": 54,
        "f:137:6:137:18": 22,
        "s:137:28:137:78": 55,
        "f:138:6:138:20": 23,
        "s:138:30:138:82": 56,
        "f:139:6:139:18": 24,
        "s:139:28:139:78": 57,
        "f:140:6:140:19": 25,
        "s:140:29:140:80": 58,
        "f:141:6:141:19": 26,
        "s:141:29:141:80": 59,
        "f:142:6:142:30": 27,
        "s:143:8:143:70": 60,
        "f:144:6:144:32": 28,
        "s:145:8:145:72": 61,
        "f:146:6:146:34": 29,
        "s:147:8:147:Infinity": 62,
        "f:150:6:150:13": 30,
        "s:150:23:150:67": 63,
        "f:151:6:151:15": 31,
        "s:151:25:151:71": 64,
        "f:152:6:152:25": 32,
        "s:152:35:152:91": 65,
        "f:153:6:153:21": 33,
        "s:153:31:153:83": 66,
        "f:154:6:154:23": 34,
        "s:154:33:154:87": 67,
        "f:155:6:155:23": 35,
        "s:155:33:155:87": 68,
        "f:156:6:156:21": 36,
        "s:156:31:156:83": 69,
        "f:157:6:157:17": 37,
        "s:157:27:157:75": 70,
        "f:158:6:158:13": 38,
        "s:158:23:158:67": 71,
        "f:159:6:159:23": 39,
        "s:159:33:159:87": 72,
        "f:160:6:160:27": 40,
        "s:160:37:160:95": 73,
        "f:161:6:161:33": 41,
        "s:162:8:162:72": 74,
        "f:163:6:163:19": 42,
        "s:163:29:163:79": 75,
        "f:164:6:164:20": 43,
        "s:164:30:164:Infinity": 76,
        "f:167:12:167:Infinity": 44,
        "b:171:8:172:Infinity:undefined:undefined:undefined:undefined": 9,
        "s:171:8:172:Infinity": 77,
        "s:172:10:172:Infinity": 78,
        "s:174:8:174:Infinity": 79,
        "f:178:6:178:23": 45,
        "s:178:23:178:68": 80,
        "f:179:6:179:25": 46,
        "s:179:35:179:Infinity": 81,
        "f:182:6:182:25": 47,
        "s:182:25:182:80": 82,
        "f:183:6:183:24": 48,
        "s:184:8:184:80": 83,
        "f:185:6:185:20": 49,
        "s:185:30:185:92": 84,
        "f:186:6:186:26": 50,
        "s:187:8:187:76": 85,
        "f:188:6:188:21": 51,
        "s:189:8:189:91": 86,
        "f:190:6:190:22": 52,
        "s:191:8:192:Infinity": 87,
        "f:191:54:191:68": 53,
        "s:192:10:192:32": 88,
        "s:197:2:197:Infinity": 89,
        "s:198:2:198:Infinity": 90
      }
    }
  },
  "/Users/tobias.graf/dev/own/t3code/apps/web/src/wsTransport.ts": {
    "path": "/Users/tobias.graf/dev/own/t3code/apps/web/src/wsTransport.ts",
    "statementMap": {
      "0": { "start": { "line": 28, "column": 27 }, "end": { "line": 28, "column": null } },
      "1": { "start": { "line": 29, "column": 28 }, "end": { "line": 29, "column": null } },
      "2": { "start": { "line": 30, "column": 6 }, "end": { "line": 30, "column": 66 } },
      "3": { "start": { "line": 31, "column": 36 }, "end": { "line": 31, "column": 64 } },
      "4": { "start": { "line": 38, "column": 42 }, "end": { "line": 38, "column": null } },
      "5": { "start": { "line": 39, "column": 52 }, "end": { "line": 39, "column": 54 } },
      "6": { "start": { "line": 42, "column": 2 }, "end": { "line": 42, "column": null } },
      "7": { "start": { "line": 46, "column": 2 }, "end": { "line": 46, "column": null } },
      "8": { "start": { "line": 47, "column": 2 }, "end": { "line": 48, "column": null } },
      "9": { "start": { "line": 48, "column": 4 }, "end": { "line": 48, "column": null } },
      "10": { "start": { "line": 48, "column": 74 }, "end": { "line": 48, "column": 89 } },
      "11": { "start": { "line": 53, "column": 2 }, "end": { "line": 53, "column": null } },
      "12": { "start": { "line": 53, "column": 36 }, "end": { "line": 53, "column": null } },
      "13": { "start": { "line": 54, "column": 2 }, "end": { "line": 54, "column": null } },
      "14": { "start": { "line": 55, "column": 2 }, "end": { "line": 56, "column": null } },
      "15": { "start": { "line": 56, "column": 4 }, "end": { "line": 56, "column": null } },
      "16": { "start": { "line": 61, "column": 32 }, "end": { "line": 61, "column": null } },
      "17": { "start": { "line": 63, "column": 6 }, "end": { "line": 64, "column": null } },
      "18": { "start": { "line": 64, "column": 2 }, "end": { "line": 64, "column": null } },
      "19": { "start": { "line": 75, "column": 2 }, "end": { "line": 76, "column": null } },
      "20": { "start": { "line": 76, "column": 4 }, "end": { "line": 76, "column": null } },
      "21": { "start": { "line": 78, "column": 2 }, "end": { "line": 78, "column": null } },
      "22": { "start": { "line": 82, "column": 33 }, "end": { "line": 82, "column": null } },
      "23": { "start": { "line": 83, "column": 19 }, "end": { "line": 83, "column": null } },
      "24": { "start": { "line": 84, "column": 29 }, "end": { "line": 84, "column": 62 } },
      "25": { "start": { "line": 85, "column": 31 }, "end": { "line": 85, "column": 80 } },
      "26": { "start": { "line": 86, "column": 41 }, "end": { "line": 86, "column": 66 } },
      "27": { "start": { "line": 87, "column": 45 }, "end": { "line": 87, "column": 47 } },
      "28": { "start": { "line": 88, "column": 29 }, "end": { "line": 88, "column": null } },
      "29": { "start": { "line": 89, "column": 65 }, "end": { "line": 89, "column": null } },
      "30": { "start": { "line": 90, "column": 21 }, "end": { "line": 90, "column": null } },
      "31": { "start": { "line": 91, "column": 34 }, "end": { "line": 91, "column": null } },
      "32": { "start": { "line": 93, "column": 29 }, "end": { "line": 93, "column": null } },
      "33": { "start": { "line": 94, "column": 32 }, "end": { "line": 94, "column": null } },
      "34": { "start": { "line": 97, "column": 22 }, "end": { "line": 97, "column": 54 } },
      "35": { "start": { "line": 98, "column": 19 }, "end": { "line": 98, "column": null } },
      "36": { "start": { "line": 99, "column": 21 }, "end": { "line": 99, "column": null } },
      "37": { "start": { "line": 100, "column": 26 }, "end": { "line": 100, "column": null } },
      "38": { "start": { "line": 102, "column": 6 }, "end": { "line": 109, "column": null } },
      "39": { "start": { "line": 110, "column": 4 }, "end": { "line": 110, "column": null } },
      "40": { "start": { "line": 111, "column": 4 }, "end": { "line": 111, "column": null } },
      "41": { "start": { "line": 115, "column": 4 }, "end": { "line": 116, "column": null } },
      "42": { "start": { "line": 116, "column": 6 }, "end": { "line": 116, "column": null } },
      "43": { "start": { "line": 119, "column": 15 }, "end": { "line": 119, "column": 36 } },
      "44": { "start": { "line": 120, "column": 17 }, "end": { "line": 120, "column": 80 } },
      "45": { "start": { "line": 121, "column": 39 }, "end": { "line": 121, "column": null } },
      "46": { "start": { "line": 122, "column": 20 }, "end": { "line": 122, "column": 43 } },
      "47": { "start": { "line": 124, "column": 4 }, "end": { "line": 137, "column": null } },
      "48": { "start": { "line": 125, "column": 22 }, "end": { "line": 128, "column": 28 } },
      "49": { "start": { "line": 126, "column": 8 }, "end": { "line": 126, "column": null } },
      "50": { "start": { "line": 127, "column": 8 }, "end": { "line": 127, "column": null } },
      "51": { "start": { "line": 130, "column": 6 }, "end": { "line": 134, "column": null } },
      "52": { "start": { "line": 136, "column": 6 }, "end": { "line": 136, "column": null } },
      "53": { "start": { "line": 145, "column": 27 }, "end": { "line": 145, "column": 54 } },
      "54": { "start": { "line": 146, "column": 4 }, "end": { "line": 148, "column": null } },
      "55": { "start": { "line": 147, "column": 6 }, "end": { "line": 147, "column": null } },
      "56": { "start": { "line": 148, "column": 6 }, "end": { "line": 148, "column": null } },
      "57": { "start": { "line": 151, "column": 10 }, "end": { "line": 152, "column": null } },
      "58": { "start": { "line": 152, "column": 6 }, "end": { "line": 152, "column": null } },
      "59": { "start": { "line": 154, "column": 4 }, "end": { "line": 154, "column": null } },
      "60": { "start": { "line": 156, "column": 4 }, "end": { "line": 159, "column": null } },
      "61": { "start": { "line": 157, "column": 21 }, "end": { "line": 157, "column": 58 } },
      "62": { "start": { "line": 158, "column": 6 }, "end": { "line": 159, "column": null } },
      "63": { "start": { "line": 159, "column": 8 }, "end": { "line": 159, "column": null } },
      "64": { "start": { "line": 163, "column": 4 }, "end": { "line": 166, "column": null } },
      "65": { "start": { "line": 164, "column": 6 }, "end": { "line": 164, "column": null } },
      "66": { "start": { "line": 165, "column": 6 }, "end": { "line": 166, "column": null } },
      "67": { "start": { "line": 166, "column": 8 }, "end": { "line": 166, "column": null } },
      "68": { "start": { "line": 172, "column": 19 }, "end": { "line": 172, "column": 56 } },
      "69": { "start": { "line": 173, "column": 4 }, "end": { "line": 173, "column": null } },
      "70": { "start": { "line": 177, "column": 4 }, "end": { "line": 177, "column": null } },
      "71": { "start": { "line": 181, "column": 4 }, "end": { "line": 181, "column": null } },
      "72": { "start": { "line": 182, "column": 4 }, "end": { "line": 182, "column": null } },
      "73": { "start": { "line": 183, "column": 4 }, "end": { "line": 185, "column": null } },
      "74": { "start": { "line": 184, "column": 6 }, "end": { "line": 184, "column": null } },
      "75": { "start": { "line": 185, "column": 6 }, "end": { "line": 185, "column": null } },
      "76": { "start": { "line": 187, "column": 4 }, "end": { "line": 189, "column": null } },
      "77": { "start": { "line": 188, "column": 6 }, "end": { "line": 188, "column": null } },
      "78": { "start": { "line": 189, "column": 6 }, "end": { "line": 189, "column": null } },
      "79": { "start": { "line": 191, "column": 4 }, "end": { "line": 191, "column": null } },
      "80": { "start": { "line": 192, "column": 4 }, "end": { "line": 192, "column": null } },
      "81": { "start": { "line": 193, "column": 4 }, "end": { "line": 193, "column": null } },
      "82": { "start": { "line": 194, "column": 4 }, "end": { "line": 194, "column": null } },
      "83": { "start": { "line": 198, "column": 4 }, "end": { "line": 199, "column": null } },
      "84": { "start": { "line": 199, "column": 6 }, "end": { "line": 199, "column": null } },
      "85": { "start": { "line": 202, "column": 4 }, "end": { "line": 202, "column": null } },
      "86": { "start": { "line": 203, "column": 15 }, "end": { "line": 203, "column": 38 } },
      "87": { "start": { "line": 204, "column": 18 }, "end": { "line": 204, "column": null } },
      "88": { "start": { "line": 206, "column": 4 }, "end": { "line": 215, "column": null } },
      "89": { "start": { "line": 207, "column": 6 }, "end": { "line": 207, "column": null } },
      "90": { "start": { "line": 208, "column": 6 }, "end": { "line": 208, "column": null } },
      "91": { "start": { "line": 209, "column": 6 }, "end": { "line": 209, "column": null } },
      "92": { "start": { "line": 210, "column": 6 }, "end": { "line": 210, "column": null } },
      "93": { "start": { "line": 211, "column": 6 }, "end": { "line": 211, "column": null } },
      "94": { "start": { "line": 212, "column": 6 }, "end": { "line": 212, "column": null } },
      "95": { "start": { "line": 213, "column": 6 }, "end": { "line": 213, "column": null } },
      "96": { "start": { "line": 214, "column": 6 }, "end": { "line": 214, "column": null } },
      "97": { "start": { "line": 217, "column": 4 }, "end": { "line": 219, "column": null } },
      "98": { "start": { "line": 218, "column": 6 }, "end": { "line": 218, "column": null } },
      "99": { "start": { "line": 221, "column": 4 }, "end": { "line": 237, "column": null } },
      "100": { "start": { "line": 222, "column": 6 }, "end": { "line": 223, "column": null } },
      "101": { "start": { "line": 223, "column": 8 }, "end": { "line": 223, "column": null } },
      "102": { "start": { "line": 225, "column": 6 }, "end": { "line": 228, "column": null } },
      "103": { "start": { "line": 226, "column": 8 }, "end": { "line": 226, "column": null } },
      "104": { "start": { "line": 227, "column": 8 }, "end": { "line": 228, "column": null } },
      "105": { "start": { "line": 228, "column": 10 }, "end": { "line": 228, "column": null } },
      "106": { "start": { "line": 231, "column": 6 }, "end": { "line": 233, "column": null } },
      "107": { "start": { "line": 232, "column": 8 }, "end": { "line": 232, "column": null } },
      "108": { "start": { "line": 233, "column": 8 }, "end": { "line": 233, "column": null } },
      "109": { "start": { "line": 235, "column": 6 }, "end": { "line": 235, "column": null } },
      "110": { "start": { "line": 236, "column": 6 }, "end": { "line": 236, "column": null } },
      "111": { "start": { "line": 239, "column": 4 }, "end": { "line": 241, "column": null } },
      "112": { "start": { "line": 245, "column": 19 }, "end": { "line": 245, "column": 40 } },
      "113": { "start": { "line": 246, "column": 4 }, "end": { "line": 248, "column": null } },
      "114": { "start": { "line": 247, "column": 6 }, "end": { "line": 247, "column": null } },
      "115": { "start": { "line": 248, "column": 6 }, "end": { "line": 248, "column": null } },
      "116": { "start": { "line": 251, "column": 20 }, "end": { "line": 251, "column": null } },
      "117": { "start": { "line": 252, "column": 4 }, "end": { "line": 264, "column": null } },
      "118": { "start": { "line": 253, "column": 6 }, "end": { "line": 253, "column": null } },
      "119": { "start": { "line": 254, "column": 31 }, "end": { "line": 254, "column": 66 } },
      "120": { "start": { "line": 255, "column": 6 }, "end": { "line": 259, "column": null } },
      "121": { "start": { "line": 256, "column": 8 }, "end": { "line": 259, "column": null } },
      "122": { "start": { "line": 257, "column": 10 }, "end": { "line": 259, "column": null } },
      "123": { "start": { "line": 258, "column": 12 }, "end": { "line": 258, "column": null } },
      "124": { "start": { "line": 264, "column": 6 }, "end": { "line": 264, "column": null } },
      "125": { "start": { "line": 267, "column": 4 }, "end": { "line": 268, "column": null } },
      "126": { "start": { "line": 268, "column": 6 }, "end": { "line": 268, "column": null } },
      "127": { "start": { "line": 271, "column": 20 }, "end": { "line": 271, "column": 48 } },
      "128": { "start": { "line": 272, "column": 4 }, "end": { "line": 273, "column": null } },
      "129": { "start": { "line": 273, "column": 6 }, "end": { "line": 273, "column": null } },
      "130": { "start": { "line": 276, "column": 4 }, "end": { "line": 276, "column": null } },
      "131": { "start": { "line": 277, "column": 4 }, "end": { "line": 277, "column": null } },
      "132": { "start": { "line": 279, "column": 4 }, "end": { "line": 281, "column": null } },
      "133": { "start": { "line": 280, "column": 6 }, "end": { "line": 280, "column": null } },
      "134": { "start": { "line": 281, "column": 6 }, "end": { "line": 281, "column": null } },
      "135": { "start": { "line": 284, "column": 4 }, "end": { "line": 284, "column": null } },
      "136": { "start": { "line": 288, "column": 4 }, "end": { "line": 289, "column": null } },
      "137": { "start": { "line": 289, "column": 6 }, "end": { "line": 289, "column": null } },
      "138": { "start": { "line": 292, "column": 4 }, "end": { "line": 292, "column": null } },
      "139": { "start": { "line": 293, "column": 4 }, "end": { "line": 295, "column": null } },
      "140": { "start": { "line": 294, "column": 6 }, "end": { "line": 294, "column": null } },
      "141": { "start": { "line": 301, "column": 4 }, "end": { "line": 302, "column": null } },
      "142": { "start": { "line": 302, "column": 6 }, "end": { "line": 302, "column": null } },
      "143": { "start": { "line": 305, "column": 4 }, "end": { "line": 314, "column": null } },
      "144": { "start": { "line": 306, "column": 22 }, "end": { "line": 306, "column": 48 } },
      "145": { "start": { "line": 307, "column": 6 }, "end": { "line": 308, "column": null } },
      "146": { "start": { "line": 308, "column": 8 }, "end": { "line": 308, "column": null } },
      "147": { "start": { "line": 310, "column": 6 }, "end": { "line": 314, "column": null } },
      "148": { "start": { "line": 311, "column": 8 }, "end": { "line": 311, "column": null } },
      "149": { "start": { "line": 313, "column": 8 }, "end": { "line": 313, "column": null } },
      "150": { "start": { "line": 314, "column": 8 }, "end": { "line": 314, "column": null } },
      "151": { "start": { "line": 320, "column": 4 }, "end": { "line": 321, "column": null } },
      "152": { "start": { "line": 321, "column": 6 }, "end": { "line": 321, "column": null } },
      "153": { "start": { "line": 325, "column": 6 }, "end": { "line": 326, "column": null } },
      "154": { "start": { "line": 328, "column": 4 }, "end": { "line": 328, "column": null } },
      "155": { "start": { "line": 329, "column": 4 }, "end": { "line": 332, "column": null } },
      "156": { "start": { "line": 330, "column": 6 }, "end": { "line": 330, "column": null } },
      "157": { "start": { "line": 331, "column": 6 }, "end": { "line": 331, "column": null } }
    },
    "fnMap": {
      "0": {
        "name": "getConnectionStatus",
        "decl": { "start": { "line": 41, "column": 16 }, "end": { "line": 41, "column": 56 } },
        "loc": { "start": { "line": 41, "column": 56 }, "end": { "line": 42, "column": null } },
        "line": 41
      },
      "1": {
        "name": "subscribeConnectionStatus",
        "decl": { "start": { "line": 45, "column": 16 }, "end": { "line": 45, "column": 42 } },
        "loc": { "start": { "line": 45, "column": 76 }, "end": { "line": 48, "column": null } },
        "line": 45
      },
      "2": {
        "name": "(anonymous_2)",
        "decl": { "start": { "line": 47, "column": 2 }, "end": { "line": 47, "column": 15 } },
        "loc": { "start": { "line": 47, "column": 15 }, "end": { "line": 48, "column": null } },
        "line": 47
      },
      "3": {
        "name": "(anonymous_3)",
        "decl": { "start": { "line": 48, "column": 60 }, "end": { "line": 48, "column": 68 } },
        "loc": { "start": { "line": 48, "column": 74 }, "end": { "line": 48, "column": 89 } },
        "line": 48
      },
      "4": {
        "name": "setConnectionStatus",
        "decl": { "start": { "line": 52, "column": 9 }, "end": { "line": 52, "column": 29 } },
        "loc": { "start": { "line": 52, "column": 61 }, "end": { "line": 56, "column": null } },
        "line": 52
      },
      "5": {
        "name": "(anonymous_5)",
        "decl": { "start": { "line": 63, "column": 6 }, "end": { "line": 63, "column": 25 } },
        "loc": { "start": { "line": 64, "column": 2 }, "end": { "line": 64, "column": null } },
        "line": 64
      },
      "6": {
        "name": "asError",
        "decl": { "start": { "line": 74, "column": 9 }, "end": { "line": 74, "column": 17 } },
        "loc": { "start": { "line": 74, "column": 58 }, "end": { "line": 78, "column": null } },
        "line": 74
      },
      "7": {
        "name": "(anonymous_7)",
        "decl": { "start": { "line": 96, "column": 2 }, "end": { "line": 96, "column": 14 } },
        "loc": { "start": { "line": 96, "column": 28 }, "end": { "line": 111, "column": null } },
        "line": 96
      },
      "8": {
        "name": "(anonymous_8)",
        "decl": { "start": { "line": 114, "column": 8 }, "end": { "line": 114, "column": 29 } },
        "loc": { "start": { "line": 114, "column": 75 }, "end": { "line": 137, "column": null } },
        "line": 114
      },
      "9": {
        "name": "(anonymous_9)",
        "decl": { "start": { "line": 124, "column": 15 }, "end": { "line": 124, "column": 27 } },
        "loc": { "start": { "line": 124, "column": 47 }, "end": { "line": 137, "column": null } },
        "line": 124
      },
      "10": {
        "name": "(anonymous_10)",
        "decl": { "start": { "line": 125, "column": 22 }, "end": { "line": 125, "column": 39 } },
        "loc": { "start": { "line": 125, "column": 39 }, "end": { "line": 128, "column": 28 } },
        "line": 125
      },
      "11": {
        "name": "(anonymous_11)",
        "decl": { "start": { "line": 140, "column": 2 }, "end": { "line": 140, "column": null } },
        "loc": { "start": { "line": 144, "column": 16 }, "end": { "line": 166, "column": null } },
        "line": 144
      },
      "12": {
        "name": "(anonymous_12)",
        "decl": { "start": { "line": 151, "column": 10 }, "end": { "line": 151, "column": 29 } },
        "loc": { "start": { "line": 151, "column": 49 }, "end": { "line": 152, "column": null } },
        "line": 151
      },
      "13": {
        "name": "(anonymous_13)",
        "decl": { "start": { "line": 163, "column": 4 }, "end": { "line": 163, "column": 17 } },
        "loc": { "start": { "line": 163, "column": 17 }, "end": { "line": 166, "column": null } },
        "line": 163
      },
      "14": {
        "name": "(anonymous_14)",
        "decl": { "start": { "line": 171, "column": 2 }, "end": { "line": 171, "column": 41 } },
        "loc": { "start": { "line": 171, "column": 78 }, "end": { "line": 173, "column": null } },
        "line": 171
      },
      "15": {
        "name": "(anonymous_15)",
        "decl": { "start": { "line": 176, "column": 2 }, "end": { "line": 176, "column": 29 } },
        "loc": { "start": { "line": 176, "column": 29 }, "end": { "line": 177, "column": null } },
        "line": 176
      },
      "16": {
        "name": "(anonymous_16)",
        "decl": { "start": { "line": 180, "column": 2 }, "end": { "line": 180, "column": 12 } },
        "loc": { "start": { "line": 180, "column": 12 }, "end": { "line": 194, "column": null } },
        "line": 180
      },
      "17": {
        "name": "(anonymous_17)",
        "decl": { "start": { "line": 197, "column": 2 }, "end": { "line": 197, "column": 10 } },
        "loc": { "start": { "line": 197, "column": 20 }, "end": { "line": 241, "column": null } },
        "line": 197
      },
      "18": {
        "name": "(anonymous_18)",
        "decl": { "start": { "line": 206, "column": 24 }, "end": { "line": 206, "column": 38 } },
        "loc": { "start": { "line": 206, "column": 38 }, "end": { "line": 215, "column": null } },
        "line": 206
      },
      "19": {
        "name": "(anonymous_19)",
        "decl": { "start": { "line": 217, "column": 24 }, "end": { "line": 217, "column": 36 } },
        "loc": { "start": { "line": 217, "column": 46 }, "end": { "line": 219, "column": null } },
        "line": 217
      },
      "20": {
        "name": "(anonymous_20)",
        "decl": { "start": { "line": 221, "column": 24 }, "end": { "line": 221, "column": 39 } },
        "loc": { "start": { "line": 221, "column": 39 }, "end": { "line": 237, "column": null } },
        "line": 221
      },
      "21": {
        "name": "(anonymous_21)",
        "decl": { "start": { "line": 239, "column": 24 }, "end": { "line": 239, "column": 39 } },
        "loc": { "start": { "line": 239, "column": 39 }, "end": { "line": 241, "column": null } },
        "line": 239
      },
      "22": {
        "name": "(anonymous_22)",
        "decl": { "start": { "line": 244, "column": 2 }, "end": { "line": 244, "column": 10 } },
        "loc": { "start": { "line": 244, "column": 38 }, "end": { "line": 284, "column": null } },
        "line": 244
      },
      "23": {
        "name": "(anonymous_23)",
        "decl": { "start": { "line": 287, "column": 2 }, "end": { "line": 287, "column": 10 } },
        "loc": { "start": { "line": 287, "column": 39 }, "end": { "line": 295, "column": null } },
        "line": 287
      },
      "24": {
        "name": "(anonymous_24)",
        "decl": { "start": { "line": 300, "column": 2 }, "end": { "line": 300, "column": 10 } },
        "loc": { "start": { "line": 300, "column": 23 }, "end": { "line": 314, "column": null } },
        "line": 300
      },
      "25": {
        "name": "(anonymous_25)",
        "decl": { "start": { "line": 319, "column": 2 }, "end": { "line": 319, "column": 10 } },
        "loc": { "start": { "line": 319, "column": 30 }, "end": { "line": 332, "column": null } },
        "line": 319
      },
      "26": {
        "name": "(anonymous_26)",
        "decl": { "start": { "line": 329, "column": 26 }, "end": { "line": 329, "column": 43 } },
        "loc": { "start": { "line": 329, "column": 43 }, "end": { "line": 332, "column": 13 } },
        "line": 329
      }
    },
    "branchMap": {
      "0": {
        "loc": { "start": { "line": 53, "column": 2 }, "end": { "line": 53, "column": null } },
        "type": "if",
        "locations": [
          { "start": { "line": 53, "column": 2 }, "end": { "line": 53, "column": null } },
          { "start": {}, "end": {} }
        ],
        "line": 53
      },
      "1": {
        "loc": { "start": { "line": 64, "column": 2 }, "end": { "line": 64, "column": null } },
        "type": "binary-expr",
        "locations": [
          { "start": { "line": 64, "column": 2 }, "end": { "line": 64, "column": 21 } },
          { "start": { "line": 64, "column": 21 }, "end": { "line": 64, "column": null } }
        ],
        "line": 64
      },
      "2": {
        "loc": { "start": { "line": 75, "column": 2 }, "end": { "line": 76, "column": null } },
        "type": "if",
        "locations": [
          { "start": { "line": 75, "column": 2 }, "end": { "line": 76, "column": null } },
          { "start": {}, "end": {} }
        ],
        "line": 75
      },
      "3": {
        "loc": { "start": { "line": 99, "column": 21 }, "end": { "line": 99, "column": null } },
        "type": "binary-expr",
        "locations": [
          { "start": { "line": 99, "column": 21 }, "end": { "line": 99, "column": 65 } },
          { "start": { "line": 99, "column": 65 }, "end": { "line": 99, "column": null } }
        ],
        "line": 99
      },
      "4": {
        "loc": { "start": { "line": 100, "column": 29 }, "end": { "line": 100, "column": 82 } },
        "type": "cond-expr",
        "locations": [
          { "start": { "line": 100, "column": 69 }, "end": { "line": 100, "column": 77 } },
          { "start": { "line": 100, "column": 77 }, "end": { "line": 100, "column": 82 } }
        ],
        "line": 100
      },
      "5": {
        "loc": { "start": { "line": 102, "column": 6 }, "end": { "line": 109, "column": null } },
        "type": "binary-expr",
        "locations": [
          { "start": { "line": 102, "column": 6 }, "end": { "line": 102, "column": null } },
          { "start": { "line": 103, "column": 7 }, "end": { "line": 109, "column": null } }
        ],
        "line": 102
      },
      "6": {
        "loc": { "start": { "line": 103, "column": 7 }, "end": { "line": 109, "column": null } },
        "type": "cond-expr",
        "locations": [
          { "start": { "line": 104, "column": 10 }, "end": { "line": 104, "column": null } },
          { "start": { "line": 105, "column": 10 }, "end": { "line": 109, "column": null } }
        ],
        "line": 103
      },
      "7": {
[...]
        "s:154:4:154:Infinity": 59,
        "b:156:4:159:Infinity:undefined:undefined:undefined:undefined": 15,
        "s:156:4:159:Infinity": 60,
        "s:157:21:157:58": 61,
        "b:158:6:159:Infinity:undefined:undefined:undefined:undefined": 16,
        "s:158:6:159:Infinity": 62,
        "s:159:8:159:Infinity": 63,
        "s:163:4:166:Infinity": 64,
        "f:163:4:163:17": 13,
        "s:164:6:164:Infinity": 65,
        "b:165:6:166:Infinity:undefined:undefined:undefined:undefined": 17,
        "s:165:6:166:Infinity": 66,
        "s:166:8:166:Infinity": 67,
        "f:171:2:171:41": 14,
        "s:172:19:172:56": 68,
        "s:173:4:173:Infinity": 69,
        "b:173:21:173:51:173:51:173:Infinity": 18,
        "f:176:2:176:29": 15,
        "s:177:4:177:Infinity": 70,
        "f:180:2:180:12": 16,
        "s:181:4:181:Infinity": 71,
        "s:182:4:182:Infinity": 72,
        "b:183:4:185:Infinity:undefined:undefined:undefined:undefined": 19,
        "s:183:4:185:Infinity": 73,
        "s:184:6:184:Infinity": 74,
        "s:185:6:185:Infinity": 75,
        "s:187:4:189:Infinity": 76,
        "s:188:6:188:Infinity": 77,
        "s:189:6:189:Infinity": 78,
        "s:191:4:191:Infinity": 79,
        "s:192:4:192:Infinity": 80,
        "s:193:4:193:Infinity": 81,
        "s:194:4:194:Infinity": 82,
        "f:197:2:197:10": 17,
        "b:198:4:199:Infinity:undefined:undefined:undefined:undefined": 20,
        "s:198:4:199:Infinity": 83,
        "b:198:8:198:25:198:25:198:64": 21,
        "s:199:6:199:Infinity": 84,
        "s:202:4:202:Infinity": 85,
        "b:202:45:202:62:202:62:202:Infinity": 22,
        "s:203:15:203:38": 86,
        "s:204:18:204:Infinity": 87,
        "s:206:4:215:Infinity": 88,
        "f:206:24:206:38": 18,
        "s:207:6:207:Infinity": 89,
        "s:208:6:208:Infinity": 90,
        "s:209:6:209:Infinity": 91,
        "s:210:6:210:Infinity": 92,
        "s:211:6:211:Infinity": 93,
        "s:212:6:212:Infinity": 94,
        "s:213:6:213:Infinity": 95,
        "s:214:6:214:Infinity": 96,
        "s:217:4:219:Infinity": 97,
        "f:217:24:217:36": 19,
        "s:218:6:218:Infinity": 98,
        "s:221:4:237:Infinity": 99,
        "f:221:24:221:39": 20,
        "b:222:6:223:Infinity:undefined:undefined:undefined:undefined": 23,
        "s:222:6:223:Infinity": 100,
        "s:223:8:223:Infinity": 101,
        "b:225:6:228:Infinity:undefined:undefined:undefined:undefined": 24,
        "s:225:6:228:Infinity": 102,
        "s:226:8:226:Infinity": 103,
        "b:227:8:228:Infinity:undefined:undefined:undefined:undefined": 25,
        "s:227:8:228:Infinity": 104,
        "b:227:12:227:38:227:38:227:91": 26,
        "s:228:10:228:Infinity": 105,
        "b:231:6:233:Infinity:undefined:undefined:undefined:undefined": 27,
        "s:231:6:233:Infinity": 106,
        "s:232:8:232:Infinity": 107,
        "s:233:8:233:Infinity": 108,
        "s:235:6:235:Infinity": 109,
        "s:236:6:236:Infinity": 110,
        "s:239:4:241:Infinity": 111,
        "f:239:24:239:39": 21,
        "f:244:2:244:10": 22,
        "s:245:19:245:40": 112,
        "b:246:4:248:Infinity:undefined:undefined:undefined:undefined": 28,
        "s:246:4:248:Infinity": 113,
        "s:247:6:247:Infinity": 114,
        "s:248:6:248:Infinity": 115,
        "s:251:20:251:Infinity": 116,
        "b:252:4:264:Infinity:undefined:undefined:undefined:undefined": 29,
        "s:252:4:264:Infinity": 117,
        "s:253:6:253:Infinity": 118,
        "s:254:31:254:66": 119,
        "b:255:6:259:Infinity:undefined:undefined:undefined:undefined": 30,
        "s:255:6:259:Infinity": 120,
        "s:256:8:259:Infinity": 121,
        "s:257:10:259:Infinity": 122,
        "s:258:12:258:Infinity": 123,
        "s:264:6:264:Infinity": 124,
        "b:267:4:268:Infinity:undefined:undefined:undefined:undefined": 31,
        "s:267:4:268:Infinity": 125,
        "s:268:6:268:Infinity": 126,
        "s:271:20:271:48": 127,
        "b:272:4:273:Infinity:undefined:undefined:undefined:undefined": 32,
        "s:272:4:273:Infinity": 128,
        "s:273:6:273:Infinity": 129,
        "s:276:4:276:Infinity": 130,
        "s:277:4:277:Infinity": 131,
        "b:279:4:281:Infinity:undefined:undefined:undefined:undefined": 33,
        "s:279:4:281:Infinity": 132,
        "s:280:6:280:Infinity": 133,
        "s:281:6:281:Infinity": 134,
        "s:284:4:284:Infinity": 135,
        "f:287:2:287:10": 23,
        "b:288:4:289:Infinity:undefined:undefined:undefined:undefined": 34,
        "s:288:4:289:Infinity": 136,
        "s:289:6:289:Infinity": 137,
        "s:292:4:292:Infinity": 138,
        "s:293:4:295:Infinity": 139,
        "s:294:6:294:Infinity": 140,
        "f:300:2:300:10": 24,
        "b:301:4:302:Infinity:undefined:undefined:undefined:undefined": 35,
        "s:301:4:302:Infinity": 141,
        "s:302:6:302:Infinity": 142,
        "s:305:4:314:Infinity": 143,
        "s:306:22:306:48": 144,
        "b:307:6:308:Infinity:undefined:undefined:undefined:undefined": 36,
        "s:307:6:308:Infinity": 145,
        "s:308:8:308:Infinity": 146,
        "s:310:6:314:Infinity": 147,
        "s:311:8:311:Infinity": 148,
        "s:313:8:313:Infinity": 149,
        "s:314:8:314:Infinity": 150,
        "f:319:2:319:10": 25,
        "b:320:4:321:Infinity:undefined:undefined:undefined:undefined": 37,
        "s:320:4:321:Infinity": 151,
        "b:320:8:320:25:320:25:320:55": 38,
        "s:321:6:321:Infinity": 152,
        "s:325:6:326:Infinity": 153,
        "b:325:6:325:Infinity:326:6:326:Infinity": 39,
        "s:328:4:328:Infinity": 154,
        "s:329:4:332:Infinity": 155,
        "f:329:26:329:43": 26,
        "s:330:6:330:Infinity": 156,
        "s:331:6:331:Infinity": 157
      }
    }
  },
  "/Users/tobias.graf/dev/own/t3code/apps/web/src/lib/jiraReactQuery.ts": {
    "path": "/Users/tobias.graf/dev/own/t3code/apps/web/src/lib/jiraReactQuery.ts",
    "statementMap": {
      "0": { "start": { "line": 13, "column": 29 }, "end": { "line": 17, "column": null } },
      "1": { "start": { "line": 15, "column": 33 }, "end": { "line": 15, "column": null } },
      "2": { "start": { "line": 16, "column": 41 }, "end": { "line": 16, "column": null } },
      "3": { "start": { "line": 19, "column": 32 }, "end": { "line": 26, "column": null } },
      "4": { "start": { "line": 29, "column": 2 }, "end": { "line": 29, "column": null } },
      "5": { "start": { "line": 33, "column": 2 }, "end": { "line": 43, "column": null } },
      "6": { "start": { "line": 36, "column": 12 }, "end": { "line": 36, "column": 35 } },
      "7": { "start": { "line": 37, "column": 6 }, "end": { "line": 37, "column": null } },
      "8": { "start": { "line": 37, "column": 16 }, "end": { "line": 37, "column": null } },
      "9": { "start": { "line": 38, "column": 6 }, "end": { "line": 38, "column": null } },
      "10": { "start": { "line": 47, "column": 2 }, "end": { "line": 56, "column": null } },
      "11": { "start": { "line": 50, "column": 12 }, "end": { "line": 50, "column": 35 } },
      "12": { "start": { "line": 51, "column": 6 }, "end": { "line": 51, "column": null } },
      "13": { "start": { "line": 51, "column": 23 }, "end": { "line": 51, "column": null } },
      "14": { "start": { "line": 52, "column": 6 }, "end": { "line": 52, "column": null } },
      "15": { "start": { "line": 60, "column": 2 }, "end": { "line": 69, "column": null } },
      "16": { "start": { "line": 63, "column": 12 }, "end": { "line": 63, "column": 35 } },
      "17": { "start": { "line": 64, "column": 6 }, "end": { "line": 64, "column": null } },
      "18": { "start": { "line": 67, "column": 6 }, "end": { "line": 67, "column": null } },
      "19": { "start": { "line": 73, "column": 2 }, "end": { "line": 82, "column": null } },
      "20": { "start": { "line": 76, "column": 12 }, "end": { "line": 76, "column": 35 } },
      "21": { "start": { "line": 77, "column": 6 }, "end": { "line": 77, "column": null } },
      "22": { "start": { "line": 80, "column": 6 }, "end": { "line": 80, "column": null } },
      "23": { "start": { "line": 86, "column": 2 }, "end": { "line": 95, "column": null } },
      "24": { "start": { "line": 89, "column": 12 }, "end": { "line": 89, "column": 35 } },
      "25": { "start": { "line": 90, "column": 6 }, "end": { "line": 90, "column": null } },
      "26": { "start": { "line": 93, "column": 6 }, "end": { "line": 93, "column": null } },
      "27": { "start": { "line": 99, "column": 2 }, "end": { "line": 105, "column": null } },
      "28": { "start": { "line": 102, "column": 12 }, "end": { "line": 102, "column": 35 } },
      "29": { "start": { "line": 103, "column": 6 }, "end": { "line": 103, "column": null } },
      "30": { "start": { "line": 109, "column": 2 }, "end": { "line": 115, "column": null } },
      "31": { "start": { "line": 112, "column": 12 }, "end": { "line": 112, "column": 35 } },
      "32": { "start": { "line": 113, "column": 6 }, "end": { "line": 113, "column": null } },
      "33": { "start": { "line": 119, "column": 2 }, "end": { "line": 125, "column": null } },
      "34": { "start": { "line": 122, "column": 12 }, "end": { "line": 122, "column": 35 } },
      "35": { "start": { "line": 123, "column": 6 }, "end": { "line": 123, "column": null } }
    },
    "fnMap": {
      "0": {
        "name": "(anonymous_0)",
        "decl": { "start": { "line": 15, "column": 2 }, "end": { "line": 15, "column": 10 } },
        "loc": { "start": { "line": 15, "column": 33 }, "end": { "line": 15, "column": null } },
        "line": 15
      },
      "1": {
        "name": "(anonymous_1)",
        "decl": { "start": { "line": 16, "column": 2 }, "end": { "line": 16, "column": 11 } },
        "loc": { "start": { "line": 16, "column": 41 }, "end": { "line": 16, "column": null } },
        "line": 16
      },
      "2": {
        "name": "invalidateJiraQueries",
        "decl": { "start": { "line": 28, "column": 16 }, "end": { "line": 28, "column": 38 } },
        "loc": { "start": { "line": 28, "column": 64 }, "end": { "line": 29, "column": null } },
        "line": 28
      },
      "3": {
        "name": "jiraViewIssueQueryOptions",
        "decl": { "start": { "line": 32, "column": 16 }, "end": { "line": 32, "column": 42 } },
        "loc": { "start": { "line": 32, "column": 62 }, "end": { "line": 43, "column": null } },
        "line": 32
      },
      "4": {
        "name": "(anonymous_4)",
        "decl": { "start": { "line": 35, "column": 13 }, "end": { "line": 35, "column": 55 } },
        "loc": { "start": { "line": 35, "column": 55 }, "end": { "line": 38, "column": null } },
        "line": 35
      },
      "5": {
        "name": "jiraListIssuesQueryOptions",
        "decl": { "start": { "line": 46, "column": 16 }, "end": { "line": 46, "column": 43 } },
        "loc": { "start": { "line": 46, "column": 70 }, "end": { "line": 56, "column": null } },
        "line": 46
      },
      "6": {
        "name": "(anonymous_6)",
        "decl": { "start": { "line": 49, "column": 13 }, "end": { "line": 49, "column": 25 } },
        "loc": { "start": { "line": 49, "column": 25 }, "end": { "line": 52, "column": null } },
        "line": 49
      },
      "7": {
        "name": "jiraCreateIssueMutationOptions",
        "decl": { "start": { "line": 59, "column": 16 }, "end": { "line": 59, "column": 47 } },
        "loc": { "start": { "line": 59, "column": 84 }, "end": { "line": 69, "column": null } },
        "line": 59
      },
      "8": {
        "name": "(anonymous_8)",
        "decl": { "start": { "line": 62, "column": 16 }, "end": { "line": 62, "column": 23 } },
        "loc": { "start": { "line": 62, "column": 69 }, "end": { "line": 64, "column": null } },
        "line": 62
      },
      "9": {
        "name": "(anonymous_9)",
        "decl": { "start": { "line": 66, "column": 15 }, "end": { "line": 66, "column": 27 } },
        "loc": { "start": { "line": 66, "column": 27 }, "end": { "line": 67, "column": null } },
        "line": 66
      },
      "10": {
        "name": "jiraMoveIssueMutationOptions",
        "decl": { "start": { "line": 72, "column": 16 }, "end": { "line": 72, "column": 45 } },
        "loc": { "start": { "line": 72, "column": 82 }, "end": { "line": 82, "column": null } },
        "line": 72
      },
      "11": {
        "name": "(anonymous_11)",
        "decl": { "start": { "line": 75, "column": 16 }, "end": { "line": 75, "column": 23 } },
        "loc": { "start": { "line": 75, "column": 67 }, "end": { "line": 77, "column": null } },
        "line": 75
      },
      "12": {
        "name": "(anonymous_12)",
        "decl": { "start": { "line": 79, "column": 15 }, "end": { "line": 79, "column": 27 } },
        "loc": { "start": { "line": 79, "column": 27 }, "end": { "line": 80, "column": null } },
        "line": 79
      },
      "13": {
        "name": "jiraAddCommentMutationOptions",
        "decl": { "start": { "line": 85, "column": 16 }, "end": { "line": 85, "column": 46 } },
        "loc": { "start": { "line": 85, "column": 83 }, "end": { "line": 95, "column": null } },
        "line": 85
      },
      "14": {
        "name": "(anonymous_14)",
        "decl": { "start": { "line": 88, "column": 16 }, "end": { "line": 88, "column": 23 } },
        "loc": { "start": { "line": 88, "column": 68 }, "end": { "line": 90, "column": null } },
        "line": 88
      },
      "15": {
        "name": "(anonymous_15)",
        "decl": { "start": { "line": 92, "column": 15 }, "end": { "line": 92, "column": 27 } },
        "loc": { "start": { "line": 92, "column": 27 }, "end": { "line": 93, "column": null } },
        "line": 92
      },
      "16": {
        "name": "jiraGenerateTicketContentMutationOptions",
        "decl": { "start": { "line": 98, "column": 16 }, "end": { "line": 98, "column": 59 } },
        "loc": { "start": { "line": 98, "column": 59 }, "end": { "line": 105, "column": null } },
        "line": 98
      },
      "17": {
        "name": "(anonymous_17)",
        "decl": { "start": { "line": 101, "column": 16 }, "end": { "line": 101, "column": 23 } },
        "loc": { "start": { "line": 101, "column": 66 }, "end": { "line": 103, "column": null } },
        "line": 101
      },
      "18": {
        "name": "jiraGenerateProgressCommentMutationOptions",
        "decl": { "start": { "line": 108, "column": 16 }, "end": { "line": 108, "column": 61 } },
        "loc": { "start": { "line": 108, "column": 61 }, "end": { "line": 115, "column": null } },
        "line": 108
      },
      "19": {
        "name": "(anonymous_19)",
        "decl": { "start": { "line": 111, "column": 16 }, "end": { "line": 111, "column": 23 } },
        "loc": { "start": { "line": 111, "column": 68 }, "end": { "line": 113, "column": null } },
        "line": 111
      },
      "20": {
        "name": "jiraGenerateCompletionSummaryMutationOptions",
        "decl": { "start": { "line": 118, "column": 16 }, "end": { "line": 118, "column": 63 } },
        "loc": { "start": { "line": 118, "column": 63 }, "end": { "line": 125, "column": null } },
        "line": 118
      },
      "21": {
        "name": "(anonymous_21)",
        "decl": { "start": { "line": 121, "column": 16 }, "end": { "line": 121, "column": 23 } },
        "loc": { "start": { "line": 121, "column": 70 }, "end": { "line": 123, "column": null } },
        "line": 121
      }
    },
    "branchMap": {
      "0": {
        "loc": { "start": { "line": 37, "column": 6 }, "end": { "line": 37, "column": null } },
        "type": "if",
        "locations": [
          { "start": { "line": 37, "column": 6 }, "end": { "line": 37, "column": null } },
          { "start": {}, "end": {} }
        ],
        "line": 37
      },
      "1": {
        "loc": { "start": { "line": 40, "column": 13 }, "end": { "line": 40, "column": null } },
        "type": "binary-expr",
        "locations": [
          { "start": { "line": 40, "column": 13 }, "end": { "line": 40, "column": 29 } },
          { "start": { "line": 40, "column": 29 }, "end": { "line": 40, "column": null } }
        ],
        "line": 40
      },
      "2": {
        "loc": { "start": { "line": 51, "column": 6 }, "end": { "line": 51, "column": null } },
        "type": "if",
        "locations": [
          { "start": { "line": 51, "column": 6 }, "end": { "line": 51, "column": null } },
          { "start": {}, "end": {} }
        ],
        "line": 51
      },
      "3": {
        "loc": { "start": { "line": 54, "column": 13 }, "end": { "line": 54, "column": null } },
        "type": "binary-expr",
        "locations": [
          { "start": { "line": 54, "column": 13 }, "end": { "line": 54, "column": 36 } },
          { "start": { "line": 54, "column": 36 }, "end": { "line": 54, "column": null } }
        ],
        "line": 54
      }
    },
    "s": {
      "0": 1,
      "1": 6,
      "2": 5,
      "3": 1,
      "4": 0,
      "5": 3,
      "6": 0,
      "7": 0,
      "8": 0,
      "9": 0,
      "10": 2,
      "11": 0,
      "12": 0,
      "13": 0,
      "14": 0,
      "15": 1,
      "16": 0,
      "17": 0,
      "18": 0,
      "19": 1,
      "20": 0,
      "21": 0,
      "22": 0,
      "23": 1,
      "24": 0,
      "25": 0,
      "26": 0,
      "27": 1,
      "28": 0,
      "29": 0,
      "30": 1,
      "31": 0,
      "32": 0,
      "33": 1,
      "34": 0,
      "35": 0
    },
    "f": {
      "0": 6,
      "1": 5,
      "2": 0,
      "3": 3,
      "4": 0,
      "5": 2,
      "6": 0,
      "7": 1,
      "8": 0,
      "9": 0,
      "10": 1,
      "11": 0,
      "12": 0,
      "13": 1,
      "14": 0,
      "15": 0,
      "16": 1,
      "17": 0,
      "18": 1,
      "19": 0,
      "20": 1,
      "21": 0
    },
    "b": { "0": [0, 0], "1": [3, 2], "2": [0, 0], "3": [2, 1] },
    "meta": {
      "lastBranch": 4,
      "lastFunction": 22,
      "lastStatement": 36,
      "seen": {
        "s:13:29:17:Infinity": 0,
        "f:15:2:15:10": 0,
        "s:15:33:15:Infinity": 1,
        "f:16:2:16:11": 1,
        "s:16:41:16:Infinity": 2,
        "s:19:32:26:Infinity": 3,
        "f:28:16:28:38": 2,
        "s:29:2:29:Infinity": 4,
        "f:32:16:32:42": 3,
        "s:33:2:43:Infinity": 5,
        "f:35:13:35:55": 4,
        "s:36:12:36:35": 6,
        "b:37:6:37:Infinity:undefined:undefined:undefined:undefined": 0,
        "s:37:6:37:Infinity": 7,
        "s:37:16:37:Infinity": 8,
        "s:38:6:38:Infinity": 9,
        "b:40:13:40:29:40:29:40:Infinity": 1,
        "f:46:16:46:43": 5,
        "s:47:2:56:Infinity": 10,
        "f:49:13:49:25": 6,
        "s:50:12:50:35": 11,
        "b:51:6:51:Infinity:undefined:undefined:undefined:undefined": 2,
        "s:51:6:51:Infinity": 12,
        "s:51:23:51:Infinity": 13,
        "s:52:6:52:Infinity": 14,
        "b:54:13:54:36:54:36:54:Infinity": 3,
        "f:59:16:59:47": 7,
        "s:60:2:69:Infinity": 15,
        "f:62:16:62:23": 8,
        "s:63:12:63:35": 16,
        "s:64:6:64:Infinity": 17,
        "f:66:15:66:27": 9,
        "s:67:6:67:Infinity": 18,
        "f:72:16:72:45": 10,
        "s:73:2:82:Infinity": 19,
        "f:75:16:75:23": 11,
        "s:76:12:76:35": 20,
        "s:77:6:77:Infinity": 21,
        "f:79:15:79:27": 12,
        "s:80:6:80:Infinity": 22,
        "f:85:16:85:46": 13,
        "s:86:2:95:Infinity": 23,
        "f:88:16:88:23": 14,
        "s:89:12:89:35": 24,
        "s:90:6:90:Infinity": 25,
        "f:92:15:92:27": 15,
        "s:93:6:93:Infinity": 26,
        "f:98:16:98:59": 16,
        "s:99:2:105:Infinity": 27,
        "f:101:16:101:23": 17,
        "s:102:12:102:35": 28,
        "s:103:6:103:Infinity": 29,
        "f:108:16:108:61": 18,
        "s:109:2:115:Infinity": 30,
        "f:111:16:111:23": 19,
        "s:112:12:112:35": 31,
        "s:113:6:113:Infinity": 32,
        "f:118:16:118:63": 20,
        "s:119:2:125:Infinity": 33,
        "f:121:16:121:23": 21,
        "s:122:12:122:35": 34,
        "s:123:6:123:Infinity": 35
      }
    }
  }
}
